[0.659s] Invoking command in '/home/benjamin/Two_Wheel_Robot/build/Two_Wheel_Robot': PYTHONPATH=/home/benjamin/Two_Wheel_Robot/build/Two_Wheel_Robot/prefix_override:/home/benjamin/Two_Wheel_Robot/install/Two_Wheel_Robot/lib/python3.10/site-packages:${PYTHONPATH} /usr/bin/python3 setup.py develop --uninstall --editable --build-directory /home/benjamin/Two_Wheel_Robot/build/Two_Wheel_Robot/build
[0.945s] running develop
[1.155s] Invoked command in '/home/benjamin/Two_Wheel_Robot/build/Two_Wheel_Robot' returned '0': PYTHONPATH=/home/benjamin/Two_Wheel_Robot/build/Two_Wheel_Robot/prefix_override:/home/benjamin/Two_Wheel_Robot/install/Two_Wheel_Robot/lib/python3.10/site-packages:${PYTHONPATH} /usr/bin/python3 setup.py develop --uninstall --editable --build-directory /home/benjamin/Two_Wheel_Robot/build/Two_Wheel_Robot/build
[1.156s] Invoking command in '/home/benjamin/Two_Wheel_Robot/src/Two_Wheel_Robot': PYTHONPATH=/home/benjamin/Two_Wheel_Robot/build/Two_Wheel_Robot/prefix_override:/home/benjamin/Two_Wheel_Robot/install/Two_Wheel_Robot/lib/python3.10/site-packages:${PYTHONPATH} /usr/bin/python3 setup.py egg_info --egg-base ../../build/Two_Wheel_Robot build --build-base /home/benjamin/Two_Wheel_Robot/build/Two_Wheel_Robot/build install --record /home/benjamin/Two_Wheel_Robot/build/Two_Wheel_Robot/install.log --single-version-externally-managed
[1.413s] running egg_info
[1.413s] writing ../../build/Two_Wheel_Robot/Two_Wheel_Robot.egg-info/PKG-INFO
[1.414s] writing dependency_links to ../../build/Two_Wheel_Robot/Two_Wheel_Robot.egg-info/dependency_links.txt
[1.414s] writing entry points to ../../build/Two_Wheel_Robot/Two_Wheel_Robot.egg-info/entry_points.txt
[1.414s] writing requirements to ../../build/Two_Wheel_Robot/Two_Wheel_Robot.egg-info/requires.txt
[1.414s] writing top-level names to ../../build/Two_Wheel_Robot/Two_Wheel_Robot.egg-info/top_level.txt
[1.416s] reading manifest file '../../build/Two_Wheel_Robot/Two_Wheel_Robot.egg-info/SOURCES.txt'
[1.417s] writing manifest file '../../build/Two_Wheel_Robot/Two_Wheel_Robot.egg-info/SOURCES.txt'
[1.417s] running build
[1.417s] running build_py
[1.417s] running install
[1.418s] running install_lib
[1.419s] running install_data
[1.420s] running install_egg_info
[1.421s] removing '/home/benjamin/Two_Wheel_Robot/install/Two_Wheel_Robot/lib/python3.10/site-packages/Two_Wheel_Robot-0.0.0-py3.10.egg-info' (and everything under it)
[1.422s] Copying ../../build/Two_Wheel_Robot/Two_Wheel_Robot.egg-info to /home/benjamin/Two_Wheel_Robot/install/Two_Wheel_Robot/lib/python3.10/site-packages/Two_Wheel_Robot-0.0.0-py3.10.egg-info
[1.422s] running install_scripts
[1.441s] Installing encoder_counter script to /home/benjamin/Two_Wheel_Robot/install/Two_Wheel_Robot/lib/Two_Wheel_Robot
[1.441s] Installing encoder_reader script to /home/benjamin/Two_Wheel_Robot/install/Two_Wheel_Robot/lib/Two_Wheel_Robot
[1.441s] Installing listener script to /home/benjamin/Two_Wheel_Robot/install/Two_Wheel_Robot/lib/Two_Wheel_Robot
[1.441s] Installing talker script to /home/benjamin/Two_Wheel_Robot/install/Two_Wheel_Robot/lib/Two_Wheel_Robot
[1.442s] writing list of installed files to '/home/benjamin/Two_Wheel_Robot/build/Two_Wheel_Robot/install.log'
[1.468s] Invoked command in '/home/benjamin/Two_Wheel_Robot/src/Two_Wheel_Robot' returned '0': PYTHONPATH=/home/benjamin/Two_Wheel_Robot/build/Two_Wheel_Robot/prefix_override:/home/benjamin/Two_Wheel_Robot/install/Two_Wheel_Robot/lib/python3.10/site-packages:${PYTHONPATH} /usr/bin/python3 setup.py egg_info --egg-base ../../build/Two_Wheel_Robot build --build-base /home/benjamin/Two_Wheel_Robot/build/Two_Wheel_Robot/build install --record /home/benjamin/Two_Wheel_Robot/build/Two_Wheel_Robot/install.log --single-version-externally-managed
