[0.015s] Invoking command in '/home/benjamin/Two_Wheel_Robot/build/tutorial_interfaces': CMAKE_PREFIX_PATH=${CMAKE_PREFIX_PATH}:/home/benjamin/Two_Wheel_Robot/install/Two_Wheel_Robot:/opt/ros/humble /usr/bin/cmake --build /home/benjamin/Two_Wheel_Robot/build/tutorial_interfaces -- -j12 -l12
[0.061s] [ 12%] Built target tutorial_interfaces__rosidl_generator_c
[0.061s] [ 12%] Built target tutorial_interfaces__cpp
[0.075s] [ 12%] Built target ament_cmake_python_copy_tutorial_interfaces
[0.083s] [ 22%] Built target tutorial_interfaces__rosidl_typesupport_c
[0.085s] [ 32%] Built target tutorial_interfaces__rosidl_typesupport_cpp
[0.085s] [ 48%] Built target tutorial_interfaces__rosidl_typesupport_introspection_c
[0.085s] [ 51%] Built target tutorial_interfaces__rosidl_typesupport_introspection_cpp
[0.087s] [ 61%] Built target tutorial_interfaces__rosidl_typesupport_fastrtps_cpp
[0.091s] [ 70%] Built target tutorial_interfaces__rosidl_typesupport_fastrtps_c
[0.109s] [ 70%] Built target tutorial_interfaces
[0.131s] [ 74%] Built target tutorial_interfaces__py
[0.151s] [ 80%] Built target tutorial_interfaces__rosidl_generator_py
[0.172s] [ 87%] Built target tutorial_interfaces__rosidl_typesupport_fastrtps_c__pyext
[0.172s] [ 96%] Built target tutorial_interfaces__rosidl_typesupport_c__pyext
[0.172s] [100%] Built target tutorial_interfaces__rosidl_typesupport_introspection_c__pyext
[0.357s] running egg_info
[0.358s] writing tutorial_interfaces.egg-info/PKG-INFO
[0.358s] writing dependency_links to tutorial_interfaces.egg-info/dependency_links.txt
[0.358s] writing top-level names to tutorial_interfaces.egg-info/top_level.txt
[0.360s] reading manifest file 'tutorial_interfaces.egg-info/SOURCES.txt'
[0.361s] writing manifest file 'tutorial_interfaces.egg-info/SOURCES.txt'
[0.384s] [100%] Built target ament_cmake_python_build_tutorial_interfaces_egg
[0.395s] Invoked command in '/home/benjamin/Two_Wheel_Robot/build/tutorial_interfaces' returned '0': CMAKE_PREFIX_PATH=${CMAKE_PREFIX_PATH}:/home/benjamin/Two_Wheel_Robot/install/Two_Wheel_Robot:/opt/ros/humble /usr/bin/cmake --build /home/benjamin/Two_Wheel_Robot/build/tutorial_interfaces -- -j12 -l12
[0.463s] Invoking command in '/home/benjamin/Two_Wheel_Robot/build/tutorial_interfaces': CMAKE_PREFIX_PATH=${CMAKE_PREFIX_PATH}:/home/benjamin/Two_Wheel_Robot/install/Two_Wheel_Robot:/opt/ros/humble /usr/bin/cmake --install /home/benjamin/Two_Wheel_Robot/build/tutorial_interfaces
[0.471s] -- Install configuration: ""
[0.472s] -- Up-to-date: /home/benjamin/Two_Wheel_Robot/install/tutorial_interfaces/share/ament_index/resource_index/rosidl_interfaces/tutorial_interfaces
[0.472s] -- Up-to-date: /home/benjamin/Two_Wheel_Robot/install/tutorial_interfaces/include/tutorial_interfaces/tutorial_interfaces
[0.472s] -- Up-to-date: /home/benjamin/Two_Wheel_Robot/install/tutorial_interfaces/include/tutorial_interfaces/tutorial_interfaces/msg
[0.472s] -- Up-to-date: /home/benjamin/Two_Wheel_Robot/install/tutorial_interfaces/include/tutorial_interfaces/tutorial_interfaces/msg/detail
[0.472s] -- Up-to-date: /home/benjamin/Two_Wheel_Robot/install/tutorial_interfaces/include/tutorial_interfaces/tutorial_interfaces/msg/detail/encoder__type_support.h
[0.473s] -- Up-to-date: /home/benjamin/Two_Wheel_Robot/install/tutorial_interfaces/include/tutorial_interfaces/tutorial_interfaces/msg/detail/encoder__functions.c
[0.473s] -- Up-to-date: /home/benjamin/Two_Wheel_Robot/install/tutorial_interfaces/include/tutorial_interfaces/tutorial_interfaces/msg/detail/encoder__functions.h
[0.473s] -- Up-to-date: /home/benjamin/Two_Wheel_Robot/install/tutorial_interfaces/include/tutorial_interfaces/tutorial_interfaces/msg/detail/encoder__struct.h
[0.473s] -- Up-to-date: /home/benjamin/Two_Wheel_Robot/install/tutorial_interfaces/include/tutorial_interfaces/tutorial_interfaces/msg/rosidl_generator_c__visibility_control.h
[0.473s] -- Up-to-date: /home/benjamin/Two_Wheel_Robot/install/tutorial_interfaces/include/tutorial_interfaces/tutorial_interfaces/msg/encoder.h
[0.473s] -- Up-to-date: /home/benjamin/Two_Wheel_Robot/install/tutorial_interfaces/share/tutorial_interfaces/environment/library_path.sh
[0.474s] -- Up-to-date: /home/benjamin/Two_Wheel_Robot/install/tutorial_interfaces/share/tutorial_interfaces/environment/library_path.dsv
[0.474s] -- Up-to-date: /home/benjamin/Two_Wheel_Robot/install/tutorial_interfaces/lib/libtutorial_interfaces__rosidl_generator_c.so
[0.474s] -- Up-to-date: /home/benjamin/Two_Wheel_Robot/install/tutorial_interfaces/include/tutorial_interfaces/tutorial_interfaces
[0.474s] -- Up-to-date: /home/benjamin/Two_Wheel_Robot/install/tutorial_interfaces/include/tutorial_interfaces/tutorial_interfaces/msg
[0.474s] -- Up-to-date: /home/benjamin/Two_Wheel_Robot/install/tutorial_interfaces/include/tutorial_interfaces/tutorial_interfaces/msg/detail
[0.474s] -- Up-to-date: /home/benjamin/Two_Wheel_Robot/install/tutorial_interfaces/include/tutorial_interfaces/tutorial_interfaces/msg/detail/encoder__rosidl_typesupport_fastrtps_c.h
[0.474s] -- Up-to-date: /home/benjamin/Two_Wheel_Robot/install/tutorial_interfaces/include/tutorial_interfaces/tutorial_interfaces/msg/rosidl_typesupport_fastrtps_c__visibility_control.h
[0.474s] -- Up-to-date: /home/benjamin/Two_Wheel_Robot/install/tutorial_interfaces/lib/libtutorial_interfaces__rosidl_typesupport_fastrtps_c.so
[0.475s] -- Up-to-date: /home/benjamin/Two_Wheel_Robot/install/tutorial_interfaces/include/tutorial_interfaces/tutorial_interfaces
[0.475s] -- Up-to-date: /home/benjamin/Two_Wheel_Robot/install/tutorial_interfaces/include/tutorial_interfaces/tutorial_interfaces/msg
[0.475s] -- Up-to-date: /home/benjamin/Two_Wheel_Robot/install/tutorial_interfaces/include/tutorial_interfaces/tutorial_interfaces/msg/rosidl_typesupport_introspection_c__visibility_control.h
[0.475s] -- Up-to-date: /home/benjamin/Two_Wheel_Robot/install/tutorial_interfaces/include/tutorial_interfaces/tutorial_interfaces/msg/detail
[0.475s] -- Up-to-date: /home/benjamin/Two_Wheel_Robot/install/tutorial_interfaces/include/tutorial_interfaces/tutorial_interfaces/msg/detail/encoder__type_support.c
[0.475s] -- Up-to-date: /home/benjamin/Two_Wheel_Robot/install/tutorial_interfaces/include/tutorial_interfaces/tutorial_interfaces/msg/detail/encoder__rosidl_typesupport_introspection_c.h
[0.475s] -- Up-to-date: /home/benjamin/Two_Wheel_Robot/install/tutorial_interfaces/lib/libtutorial_interfaces__rosidl_typesupport_introspection_c.so
[0.475s] -- Up-to-date: /home/benjamin/Two_Wheel_Robot/install/tutorial_interfaces/lib/libtutorial_interfaces__rosidl_typesupport_c.so
[0.475s] -- Up-to-date: /home/benjamin/Two_Wheel_Robot/install/tutorial_interfaces/include/tutorial_interfaces/tutorial_interfaces
[0.475s] -- Up-to-date: /home/benjamin/Two_Wheel_Robot/install/tutorial_interfaces/include/tutorial_interfaces/tutorial_interfaces/msg
[0.475s] -- Up-to-date: /home/benjamin/Two_Wheel_Robot/install/tutorial_interfaces/include/tutorial_interfaces/tutorial_interfaces/msg/encoder.hpp
[0.475s] -- Up-to-date: /home/benjamin/Two_Wheel_Robot/install/tutorial_interfaces/include/tutorial_interfaces/tutorial_interfaces/msg/detail
[0.476s] -- Up-to-date: /home/benjamin/Two_Wheel_Robot/install/tutorial_interfaces/include/tutorial_interfaces/tutorial_interfaces/msg/detail/encoder__builder.hpp
[0.476s] -- Up-to-date: /home/benjamin/Two_Wheel_Robot/install/tutorial_interfaces/include/tutorial_interfaces/tutorial_interfaces/msg/detail/encoder__traits.hpp
[0.476s] -- Up-to-date: /home/benjamin/Two_Wheel_Robot/install/tutorial_interfaces/include/tutorial_interfaces/tutorial_interfaces/msg/detail/encoder__struct.hpp
[0.476s] -- Up-to-date: /home/benjamin/Two_Wheel_Robot/install/tutorial_interfaces/include/tutorial_interfaces/tutorial_interfaces
[0.476s] -- Up-to-date: /home/benjamin/Two_Wheel_Robot/install/tutorial_interfaces/include/tutorial_interfaces/tutorial_interfaces/msg
[0.476s] -- Up-to-date: /home/benjamin/Two_Wheel_Robot/install/tutorial_interfaces/include/tutorial_interfaces/tutorial_interfaces/msg/rosidl_typesupport_fastrtps_cpp__visibility_control.h
[0.476s] -- Up-to-date: /home/benjamin/Two_Wheel_Robot/install/tutorial_interfaces/include/tutorial_interfaces/tutorial_interfaces/msg/detail
[0.476s] -- Up-to-date: /home/benjamin/Two_Wheel_Robot/install/tutorial_interfaces/include/tutorial_interfaces/tutorial_interfaces/msg/detail/encoder__rosidl_typesupport_fastrtps_cpp.hpp
[0.476s] -- Up-to-date: /home/benjamin/Two_Wheel_Robot/install/tutorial_interfaces/include/tutorial_interfaces/tutorial_interfaces/msg/detail/dds_fastrtps
[0.476s] -- Up-to-date: /home/benjamin/Two_Wheel_Robot/install/tutorial_interfaces/lib/libtutorial_interfaces__rosidl_typesupport_fastrtps_cpp.so
[0.476s] -- Up-to-date: /home/benjamin/Two_Wheel_Robot/install/tutorial_interfaces/include/tutorial_interfaces/tutorial_interfaces
[0.476s] -- Up-to-date: /home/benjamin/Two_Wheel_Robot/install/tutorial_interfaces/include/tutorial_interfaces/tutorial_interfaces/msg
[0.476s] -- Up-to-date: /home/benjamin/Two_Wheel_Robot/install/tutorial_interfaces/include/tutorial_interfaces/tutorial_interfaces/msg/detail
[0.476s] -- Up-to-date: /home/benjamin/Two_Wheel_Robot/install/tutorial_interfaces/include/tutorial_interfaces/tutorial_interfaces/msg/detail/encoder__type_support.cpp
[0.476s] -- Up-to-date: /home/benjamin/Two_Wheel_Robot/install/tutorial_interfaces/include/tutorial_interfaces/tutorial_interfaces/msg/detail/encoder__rosidl_typesupport_introspection_cpp.hpp
[0.477s] -- Up-to-date: /home/benjamin/Two_Wheel_Robot/install/tutorial_interfaces/lib/libtutorial_interfaces__rosidl_typesupport_introspection_cpp.so
[0.477s] -- Up-to-date: /home/benjamin/Two_Wheel_Robot/install/tutorial_interfaces/lib/libtutorial_interfaces__rosidl_typesupport_cpp.so
[0.477s] -- Up-to-date: /home/benjamin/Two_Wheel_Robot/install/tutorial_interfaces/share/tutorial_interfaces/environment/pythonpath.sh
[0.477s] -- Up-to-date: /home/benjamin/Two_Wheel_Robot/install/tutorial_interfaces/share/tutorial_interfaces/environment/pythonpath.dsv
[0.477s] -- Up-to-date: /home/benjamin/Two_Wheel_Robot/install/tutorial_interfaces/local/lib/python3.10/dist-packages/tutorial_interfaces-0.0.0-py3.10.egg-info
[0.477s] -- Installing: /home/benjamin/Two_Wheel_Robot/install/tutorial_interfaces/local/lib/python3.10/dist-packages/tutorial_interfaces-0.0.0-py3.10.egg-info/dependency_links.txt
[0.477s] -- Installing: /home/benjamin/Two_Wheel_Robot/install/tutorial_interfaces/local/lib/python3.10/dist-packages/tutorial_interfaces-0.0.0-py3.10.egg-info/SOURCES.txt
[0.477s] -- Installing: /home/benjamin/Two_Wheel_Robot/install/tutorial_interfaces/local/lib/python3.10/dist-packages/tutorial_interfaces-0.0.0-py3.10.egg-info/PKG-INFO
[0.477s] -- Installing: /home/benjamin/Two_Wheel_Robot/install/tutorial_interfaces/local/lib/python3.10/dist-packages/tutorial_interfaces-0.0.0-py3.10.egg-info/top_level.txt
[0.477s] -- Up-to-date: /home/benjamin/Two_Wheel_Robot/install/tutorial_interfaces/local/lib/python3.10/dist-packages/tutorial_interfaces
[0.477s] -- Up-to-date: /home/benjamin/Two_Wheel_Robot/install/tutorial_interfaces/local/lib/python3.10/dist-packages/tutorial_interfaces/msg
[0.477s] -- Up-to-date: /home/benjamin/Two_Wheel_Robot/install/tutorial_interfaces/local/lib/python3.10/dist-packages/tutorial_interfaces/msg/_encoder_s.c
[0.477s] -- Up-to-date: /home/benjamin/Two_Wheel_Robot/install/tutorial_interfaces/local/lib/python3.10/dist-packages/tutorial_interfaces/msg/_encoder.py
[0.477s] -- Up-to-date: /home/benjamin/Two_Wheel_Robot/install/tutorial_interfaces/local/lib/python3.10/dist-packages/tutorial_interfaces/msg/__init__.py
[0.478s] -- Up-to-date: /home/benjamin/Two_Wheel_Robot/install/tutorial_interfaces/local/lib/python3.10/dist-packages/tutorial_interfaces/libtutorial_interfaces__rosidl_generator_py.so
[0.478s] -- Up-to-date: /home/benjamin/Two_Wheel_Robot/install/tutorial_interfaces/local/lib/python3.10/dist-packages/tutorial_interfaces/_tutorial_interfaces_s.ep.rosidl_typesupport_fastrtps_c.c
[0.478s] -- Up-to-date: /home/benjamin/Two_Wheel_Robot/install/tutorial_interfaces/local/lib/python3.10/dist-packages/tutorial_interfaces/tutorial_interfaces_s__rosidl_typesupport_introspection_c.cpython-310-x86_64-linux-gnu.so
[0.478s] -- Up-to-date: /home/benjamin/Two_Wheel_Robot/install/tutorial_interfaces/local/lib/python3.10/dist-packages/tutorial_interfaces/_tutorial_interfaces_s.ep.rosidl_typesupport_c.c
[0.478s] -- Up-to-date: /home/benjamin/Two_Wheel_Robot/install/tutorial_interfaces/local/lib/python3.10/dist-packages/tutorial_interfaces/_tutorial_interfaces_s.ep.rosidl_typesupport_introspection_c.c
[0.478s] -- Up-to-date: /home/benjamin/Two_Wheel_Robot/install/tutorial_interfaces/local/lib/python3.10/dist-packages/tutorial_interfaces/tutorial_interfaces_s__rosidl_typesupport_c.cpython-310-x86_64-linux-gnu.so
[0.478s] -- Up-to-date: /home/benjamin/Two_Wheel_Robot/install/tutorial_interfaces/local/lib/python3.10/dist-packages/tutorial_interfaces/__init__.py
[0.478s] -- Up-to-date: /home/benjamin/Two_Wheel_Robot/install/tutorial_interfaces/local/lib/python3.10/dist-packages/tutorial_interfaces/tutorial_interfaces_s__rosidl_typesupport_fastrtps_c.cpython-310-x86_64-linux-gnu.so
[0.505s] Listing '/home/benjamin/Two_Wheel_Robot/install/tutorial_interfaces/local/lib/python3.10/dist-packages/tutorial_interfaces'...
[0.505s] Listing '/home/benjamin/Two_Wheel_Robot/install/tutorial_interfaces/local/lib/python3.10/dist-packages/tutorial_interfaces/msg'...
[0.510s] -- Up-to-date: /home/benjamin/Two_Wheel_Robot/install/tutorial_interfaces/local/lib/python3.10/dist-packages/tutorial_interfaces/tutorial_interfaces_s__rosidl_typesupport_fastrtps_c.cpython-310-x86_64-linux-gnu.so
[0.510s] -- Up-to-date: /home/benjamin/Two_Wheel_Robot/install/tutorial_interfaces/local/lib/python3.10/dist-packages/tutorial_interfaces/tutorial_interfaces_s__rosidl_typesupport_introspection_c.cpython-310-x86_64-linux-gnu.so
[0.511s] -- Up-to-date: /home/benjamin/Two_Wheel_Robot/install/tutorial_interfaces/local/lib/python3.10/dist-packages/tutorial_interfaces/tutorial_interfaces_s__rosidl_typesupport_c.cpython-310-x86_64-linux-gnu.so
[0.511s] -- Up-to-date: /home/benjamin/Two_Wheel_Robot/install/tutorial_interfaces/lib/libtutorial_interfaces__rosidl_generator_py.so
[0.511s] -- Up-to-date: /home/benjamin/Two_Wheel_Robot/install/tutorial_interfaces/share/tutorial_interfaces/msg/Encoder.idl
[0.511s] -- Up-to-date: /home/benjamin/Two_Wheel_Robot/install/tutorial_interfaces/share/tutorial_interfaces/msg/Encoder.msg
[0.512s] -- Up-to-date: /home/benjamin/Two_Wheel_Robot/install/tutorial_interfaces/share/ament_index/resource_index/package_run_dependencies/tutorial_interfaces
[0.512s] -- Up-to-date: /home/benjamin/Two_Wheel_Robot/install/tutorial_interfaces/share/ament_index/resource_index/parent_prefix_path/tutorial_interfaces
[0.512s] -- Up-to-date: /home/benjamin/Two_Wheel_Robot/install/tutorial_interfaces/share/tutorial_interfaces/environment/ament_prefix_path.sh
[0.512s] -- Up-to-date: /home/benjamin/Two_Wheel_Robot/install/tutorial_interfaces/share/tutorial_interfaces/environment/ament_prefix_path.dsv
[0.512s] -- Up-to-date: /home/benjamin/Two_Wheel_Robot/install/tutorial_interfaces/share/tutorial_interfaces/environment/path.sh
[0.512s] -- Up-to-date: /home/benjamin/Two_Wheel_Robot/install/tutorial_interfaces/share/tutorial_interfaces/environment/path.dsv
[0.512s] -- Up-to-date: /home/benjamin/Two_Wheel_Robot/install/tutorial_interfaces/share/tutorial_interfaces/local_setup.bash
[0.512s] -- Up-to-date: /home/benjamin/Two_Wheel_Robot/install/tutorial_interfaces/share/tutorial_interfaces/local_setup.sh
[0.512s] -- Up-to-date: /home/benjamin/Two_Wheel_Robot/install/tutorial_interfaces/share/tutorial_interfaces/local_setup.zsh
[0.512s] -- Up-to-date: /home/benjamin/Two_Wheel_Robot/install/tutorial_interfaces/share/tutorial_interfaces/local_setup.dsv
[0.512s] -- Installing: /home/benjamin/Two_Wheel_Robot/install/tutorial_interfaces/share/tutorial_interfaces/package.dsv
[0.513s] -- Up-to-date: /home/benjamin/Two_Wheel_Robot/install/tutorial_interfaces/share/ament_index/resource_index/packages/tutorial_interfaces
[0.513s] -- Up-to-date: /home/benjamin/Two_Wheel_Robot/install/tutorial_interfaces/share/tutorial_interfaces/cmake/export_tutorial_interfaces__rosidl_generator_cExport.cmake
[0.513s] -- Up-to-date: /home/benjamin/Two_Wheel_Robot/install/tutorial_interfaces/share/tutorial_interfaces/cmake/export_tutorial_interfaces__rosidl_generator_cExport-noconfig.cmake
[0.513s] -- Up-to-date: /home/benjamin/Two_Wheel_Robot/install/tutorial_interfaces/share/tutorial_interfaces/cmake/export_tutorial_interfaces__rosidl_typesupport_fastrtps_cExport.cmake
[0.513s] -- Up-to-date: /home/benjamin/Two_Wheel_Robot/install/tutorial_interfaces/share/tutorial_interfaces/cmake/export_tutorial_interfaces__rosidl_typesupport_fastrtps_cExport-noconfig.cmake
[0.513s] -- Up-to-date: /home/benjamin/Two_Wheel_Robot/install/tutorial_interfaces/share/tutorial_interfaces/cmake/tutorial_interfaces__rosidl_typesupport_introspection_cExport.cmake
[0.514s] -- Up-to-date: /home/benjamin/Two_Wheel_Robot/install/tutorial_interfaces/share/tutorial_interfaces/cmake/tutorial_interfaces__rosidl_typesupport_introspection_cExport-noconfig.cmake
[0.514s] -- Up-to-date: /home/benjamin/Two_Wheel_Robot/install/tutorial_interfaces/share/tutorial_interfaces/cmake/tutorial_interfaces__rosidl_typesupport_cExport.cmake
[0.514s] -- Up-to-date: /home/benjamin/Two_Wheel_Robot/install/tutorial_interfaces/share/tutorial_interfaces/cmake/tutorial_interfaces__rosidl_typesupport_cExport-noconfig.cmake
[0.514s] -- Up-to-date: /home/benjamin/Two_Wheel_Robot/install/tutorial_interfaces/share/tutorial_interfaces/cmake/export_tutorial_interfaces__rosidl_generator_cppExport.cmake
[0.514s] -- Up-to-date: /home/benjamin/Two_Wheel_Robot/install/tutorial_interfaces/share/tutorial_interfaces/cmake/export_tutorial_interfaces__rosidl_typesupport_fastrtps_cppExport.cmake
[0.514s] -- Up-to-date: /home/benjamin/Two_Wheel_Robot/install/tutorial_interfaces/share/tutorial_interfaces/cmake/export_tutorial_interfaces__rosidl_typesupport_fastrtps_cppExport-noconfig.cmake
[0.514s] -- Up-to-date: /home/benjamin/Two_Wheel_Robot/install/tutorial_interfaces/share/tutorial_interfaces/cmake/tutorial_interfaces__rosidl_typesupport_introspection_cppExport.cmake
[0.514s] -- Up-to-date: /home/benjamin/Two_Wheel_Robot/install/tutorial_interfaces/share/tutorial_interfaces/cmake/tutorial_interfaces__rosidl_typesupport_introspection_cppExport-noconfig.cmake
[0.514s] -- Up-to-date: /home/benjamin/Two_Wheel_Robot/install/tutorial_interfaces/share/tutorial_interfaces/cmake/tutorial_interfaces__rosidl_typesupport_cppExport.cmake
[0.514s] -- Up-to-date: /home/benjamin/Two_Wheel_Robot/install/tutorial_interfaces/share/tutorial_interfaces/cmake/tutorial_interfaces__rosidl_typesupport_cppExport-noconfig.cmake
[0.515s] -- Up-to-date: /home/benjamin/Two_Wheel_Robot/install/tutorial_interfaces/share/tutorial_interfaces/cmake/export_tutorial_interfaces__rosidl_generator_pyExport.cmake
[0.515s] -- Up-to-date: /home/benjamin/Two_Wheel_Robot/install/tutorial_interfaces/share/tutorial_interfaces/cmake/export_tutorial_interfaces__rosidl_generator_pyExport-noconfig.cmake
[0.515s] -- Up-to-date: /home/benjamin/Two_Wheel_Robot/install/tutorial_interfaces/share/tutorial_interfaces/cmake/rosidl_cmake-extras.cmake
[0.515s] -- Up-to-date: /home/benjamin/Two_Wheel_Robot/install/tutorial_interfaces/share/tutorial_interfaces/cmake/ament_cmake_export_include_directories-extras.cmake
[0.515s] -- Up-to-date: /home/benjamin/Two_Wheel_Robot/install/tutorial_interfaces/share/tutorial_interfaces/cmake/ament_cmake_export_libraries-extras.cmake
[0.515s] -- Up-to-date: /home/benjamin/Two_Wheel_Robot/install/tutorial_interfaces/share/tutorial_interfaces/cmake/ament_cmake_export_targets-extras.cmake
[0.515s] -- Up-to-date: /home/benjamin/Two_Wheel_Robot/install/tutorial_interfaces/share/tutorial_interfaces/cmake/rosidl_cmake_export_typesupport_targets-extras.cmake
[0.516s] -- Up-to-date: /home/benjamin/Two_Wheel_Robot/install/tutorial_interfaces/share/tutorial_interfaces/cmake/ament_cmake_export_dependencies-extras.cmake
[0.516s] -- Up-to-date: /home/benjamin/Two_Wheel_Robot/install/tutorial_interfaces/share/tutorial_interfaces/cmake/rosidl_cmake_export_typesupport_libraries-extras.cmake
[0.517s] -- Up-to-date: /home/benjamin/Two_Wheel_Robot/install/tutorial_interfaces/share/tutorial_interfaces/cmake/tutorial_interfacesConfig.cmake
[0.517s] -- Up-to-date: /home/benjamin/Two_Wheel_Robot/install/tutorial_interfaces/share/tutorial_interfaces/cmake/tutorial_interfacesConfig-version.cmake
[0.517s] -- Up-to-date: /home/benjamin/Two_Wheel_Robot/install/tutorial_interfaces/share/tutorial_interfaces/package.xml
[0.518s] Invoked command in '/home/benjamin/Two_Wheel_Robot/build/tutorial_interfaces' returned '0': CMAKE_PREFIX_PATH=${CMAKE_PREFIX_PATH}:/home/benjamin/Two_Wheel_Robot/install/Two_Wheel_Robot:/opt/ros/humble /usr/bin/cmake --install /home/benjamin/Two_Wheel_Robot/build/tutorial_interfaces
