[0.101s] Invoking command in '/home/benjaminservey/Two_Wheel_Robot/build/tutorial_interfaces': CMAKE_PREFIX_PATH=${CMAKE_PREFIX_PATH}:/home/benjaminservey/Two_Wheel_Robot/install/Two_Wheel_Robot:/opt/ros/humble /usr/bin/cmake --build /home/benjaminservey/Two_Wheel_Robot/build/tutorial_interfaces -- -j4 -l4
[0.342s] [35m[1mConsolidate compiler generated dependencies of target tutorial_interfaces__rosidl_generator_c[0m
[0.397s] [  3%] Built target tutorial_interfaces__cpp
[0.414s] [ 12%] Built target tutorial_interfaces__rosidl_generator_c
[0.447s] [ 12%] Built target ament_cmake_python_symlink_tutorial_interfaces
[0.457s] [35m[1mConsolidate compiler generated dependencies of target tutorial_interfaces__rosidl_typesupport_fastrtps_cpp[0m
[0.460s] [35m[1mConsolidate compiler generated dependencies of target tutorial_interfaces__rosidl_typesupport_introspection_cpp[0m
[0.483s] [35m[1mConsolidate compiler generated dependencies of target tutorial_interfaces__rosidl_typesupport_cpp[0m
[0.523s] [35m[1mConsolidate compiler generated dependencies of target tutorial_interfaces__rosidl_typesupport_fastrtps_c[0m
[0.538s] [ 22%] Built target tutorial_interfaces__rosidl_typesupport_fastrtps_cpp
[0.543s] [ 32%] Built target tutorial_interfaces__rosidl_typesupport_introspection_cpp
[0.566s] [ 41%] Built target tutorial_interfaces__rosidl_typesupport_cpp
[0.603s] [35m[1mConsolidate compiler generated dependencies of target tutorial_interfaces__rosidl_typesupport_introspection_c[0m
[0.616s] [ 51%] Built target tutorial_interfaces__rosidl_typesupport_fastrtps_c
[0.630s] [35m[1mConsolidate compiler generated dependencies of target tutorial_interfaces__rosidl_typesupport_c[0m
[0.677s] [ 61%] Built target tutorial_interfaces__rosidl_typesupport_introspection_c
[0.697s] [ 70%] Built target tutorial_interfaces__rosidl_typesupport_c
[0.815s] [ 70%] Built target tutorial_interfaces
[0.934s] [ 74%] Built target tutorial_interfaces__py
[0.994s] [35m[1mConsolidate compiler generated dependencies of target tutorial_interfaces__rosidl_generator_py[0m
[1.074s] [ 80%] Built target tutorial_interfaces__rosidl_generator_py
[1.137s] [35m[1mConsolidate compiler generated dependencies of target tutorial_interfaces__rosidl_typesupport_fastrtps_c__pyext[0m
[1.138s] [35m[1mConsolidate compiler generated dependencies of target tutorial_interfaces__rosidl_typesupport_c__pyext[0m
[1.141s] [35m[1mConsolidate compiler generated dependencies of target tutorial_interfaces__rosidl_typesupport_introspection_c__pyext[0m
[1.218s] [ 93%] Built target tutorial_interfaces__rosidl_typesupport_c__pyext
[1.220s] [ 93%] Built target tutorial_interfaces__rosidl_typesupport_fastrtps_c__pyext
[1.232s] [100%] Built target tutorial_interfaces__rosidl_typesupport_introspection_c__pyext
[3.111s] running egg_info
[3.117s] writing tutorial_interfaces.egg-info/PKG-INFO
[3.118s] writing dependency_links to tutorial_interfaces.egg-info/dependency_links.txt
[3.120s] writing top-level names to tutorial_interfaces.egg-info/top_level.txt
[3.140s] reading manifest file 'tutorial_interfaces.egg-info/SOURCES.txt'
[3.145s] writing manifest file 'tutorial_interfaces.egg-info/SOURCES.txt'
[3.397s] [100%] Built target ament_cmake_python_build_tutorial_interfaces_egg
[3.485s] Invoked command in '/home/benjaminservey/Two_Wheel_Robot/build/tutorial_interfaces' returned '0': CMAKE_PREFIX_PATH=${CMAKE_PREFIX_PATH}:/home/benjaminservey/Two_Wheel_Robot/install/Two_Wheel_Robot:/opt/ros/humble /usr/bin/cmake --build /home/benjaminservey/Two_Wheel_Robot/build/tutorial_interfaces -- -j4 -l4
[3.856s] Invoking command in '/home/benjaminservey/Two_Wheel_Robot/build/tutorial_interfaces': CMAKE_PREFIX_PATH=${CMAKE_PREFIX_PATH}:/home/benjaminservey/Two_Wheel_Robot/install/Two_Wheel_Robot:/opt/ros/humble /usr/bin/cmake --install /home/benjaminservey/Two_Wheel_Robot/build/tutorial_interfaces
[3.903s] -- Install configuration: ""
[3.907s] -- Execute custom install script
[3.908s] -- Up-to-date symlink: /home/benjaminservey/Two_Wheel_Robot/install/tutorial_interfaces/share/ament_index/resource_index/rosidl_interfaces/tutorial_interfaces
[3.912s] -- Up-to-date symlink: /home/benjaminservey/Two_Wheel_Robot/install/tutorial_interfaces/include/tutorial_interfaces/tutorial_interfaces/msg/detail/num__functions.h
[3.913s] -- Up-to-date symlink: /home/benjaminservey/Two_Wheel_Robot/install/tutorial_interfaces/include/tutorial_interfaces/tutorial_interfaces/msg/detail/num__struct.h
[3.915s] -- Up-to-date symlink: /home/benjaminservey/Two_Wheel_Robot/install/tutorial_interfaces/include/tutorial_interfaces/tutorial_interfaces/msg/detail/num__type_support.h
[3.916s] -- Up-to-date symlink: /home/benjaminservey/Two_Wheel_Robot/install/tutorial_interfaces/include/tutorial_interfaces/tutorial_interfaces/msg/num.h
[3.918s] -- Up-to-date symlink: /home/benjaminservey/Two_Wheel_Robot/install/tutorial_interfaces/include/tutorial_interfaces/tutorial_interfaces/msg/rosidl_generator_c__visibility_control.h
[3.919s] -- Up-to-date symlink: /home/benjaminservey/Two_Wheel_Robot/install/tutorial_interfaces/share/tutorial_interfaces/environment/library_path.sh
[3.921s] -- Up-to-date symlink: /home/benjaminservey/Two_Wheel_Robot/install/tutorial_interfaces/share/tutorial_interfaces/environment/library_path.dsv
[3.923s] -- Up-to-date symlink: /home/benjaminservey/Two_Wheel_Robot/install/tutorial_interfaces/include/tutorial_interfaces/tutorial_interfaces/msg/detail/num__rosidl_typesupport_fastrtps_c.h
[3.924s] -- Up-to-date symlink: /home/benjaminservey/Two_Wheel_Robot/install/tutorial_interfaces/include/tutorial_interfaces/tutorial_interfaces/msg/rosidl_typesupport_fastrtps_c__visibility_control.h
[3.925s] -- Up-to-date symlink: /home/benjaminservey/Two_Wheel_Robot/install/tutorial_interfaces/include/tutorial_interfaces/tutorial_interfaces/msg/detail/num__rosidl_typesupport_introspection_c.h
[3.927s] -- Up-to-date symlink: /home/benjaminservey/Two_Wheel_Robot/install/tutorial_interfaces/include/tutorial_interfaces/tutorial_interfaces/msg/rosidl_typesupport_introspection_c__visibility_control.h
[3.929s] -- Up-to-date symlink: /home/benjaminservey/Two_Wheel_Robot/install/tutorial_interfaces/include/tutorial_interfaces/tutorial_interfaces/msg/detail/num__builder.hpp
[3.931s] -- Up-to-date symlink: /home/benjaminservey/Two_Wheel_Robot/install/tutorial_interfaces/include/tutorial_interfaces/tutorial_interfaces/msg/detail/num__struct.hpp
[3.932s] -- Up-to-date symlink: /home/benjaminservey/Two_Wheel_Robot/install/tutorial_interfaces/include/tutorial_interfaces/tutorial_interfaces/msg/detail/num__traits.hpp
[3.935s] -- Up-to-date symlink: /home/benjaminservey/Two_Wheel_Robot/install/tutorial_interfaces/include/tutorial_interfaces/tutorial_interfaces/msg/num.hpp
[3.936s] -- Up-to-date symlink: /home/benjaminservey/Two_Wheel_Robot/install/tutorial_interfaces/include/tutorial_interfaces/tutorial_interfaces/msg/detail/num__rosidl_typesupport_fastrtps_cpp.hpp
[3.937s] -- Up-to-date symlink: /home/benjaminservey/Two_Wheel_Robot/install/tutorial_interfaces/include/tutorial_interfaces/tutorial_interfaces/msg/rosidl_typesupport_fastrtps_cpp__visibility_control.h
[3.939s] -- Up-to-date symlink: /home/benjaminservey/Two_Wheel_Robot/install/tutorial_interfaces/include/tutorial_interfaces/tutorial_interfaces/msg/detail/num__rosidl_typesupport_introspection_cpp.hpp
[3.940s] -- Up-to-date symlink: /home/benjaminservey/Two_Wheel_Robot/install/tutorial_interfaces/share/tutorial_interfaces/environment/pythonpath.sh
[3.942s] -- Up-to-date symlink: /home/benjaminservey/Two_Wheel_Robot/install/tutorial_interfaces/share/tutorial_interfaces/environment/pythonpath.dsv
[3.944s] -- Up-to-date symlink: /home/benjaminservey/Two_Wheel_Robot/install/tutorial_interfaces/local/lib/python3.10/dist-packages/tutorial_interfaces-0.0.0-py3.10.egg-info/PKG-INFO
[3.946s] -- Up-to-date symlink: /home/benjaminservey/Two_Wheel_Robot/install/tutorial_interfaces/local/lib/python3.10/dist-packages/tutorial_interfaces-0.0.0-py3.10.egg-info/SOURCES.txt
[3.947s] -- Up-to-date symlink: /home/benjaminservey/Two_Wheel_Robot/install/tutorial_interfaces/local/lib/python3.10/dist-packages/tutorial_interfaces-0.0.0-py3.10.egg-info/dependency_links.txt
[3.949s] -- Up-to-date symlink: /home/benjaminservey/Two_Wheel_Robot/install/tutorial_interfaces/local/lib/python3.10/dist-packages/tutorial_interfaces-0.0.0-py3.10.egg-info/top_level.txt
[3.951s] -- Up-to-date symlink: /home/benjaminservey/Two_Wheel_Robot/install/tutorial_interfaces/local/lib/python3.10/dist-packages/tutorial_interfaces/__init__.py
[3.953s] -- Up-to-date symlink: /home/benjaminservey/Two_Wheel_Robot/install/tutorial_interfaces/local/lib/python3.10/dist-packages/tutorial_interfaces/_tutorial_interfaces_s.ep.rosidl_typesupport_c.c
[3.954s] -- Up-to-date symlink: /home/benjaminservey/Two_Wheel_Robot/install/tutorial_interfaces/local/lib/python3.10/dist-packages/tutorial_interfaces/_tutorial_interfaces_s.ep.rosidl_typesupport_fastrtps_c.c
[3.956s] -- Up-to-date symlink: /home/benjaminservey/Two_Wheel_Robot/install/tutorial_interfaces/local/lib/python3.10/dist-packages/tutorial_interfaces/_tutorial_interfaces_s.ep.rosidl_typesupport_introspection_c.c
[3.957s] -- Up-to-date symlink: /home/benjaminservey/Two_Wheel_Robot/install/tutorial_interfaces/local/lib/python3.10/dist-packages/tutorial_interfaces/libtutorial_interfaces__rosidl_generator_py.so
[3.959s] -- Up-to-date symlink: /home/benjaminservey/Two_Wheel_Robot/install/tutorial_interfaces/local/lib/python3.10/dist-packages/tutorial_interfaces/msg/__init__.py
[3.961s] -- Up-to-date symlink: /home/benjaminservey/Two_Wheel_Robot/install/tutorial_interfaces/local/lib/python3.10/dist-packages/tutorial_interfaces/msg/_num.py
[3.962s] -- Up-to-date symlink: /home/benjaminservey/Two_Wheel_Robot/install/tutorial_interfaces/local/lib/python3.10/dist-packages/tutorial_interfaces/msg/_num_s.c
[3.963s] -- Up-to-date symlink: /home/benjaminservey/Two_Wheel_Robot/install/tutorial_interfaces/local/lib/python3.10/dist-packages/tutorial_interfaces/tutorial_interfaces_s__rosidl_typesupport_c.cpython-310-aarch64-linux-gnu.so
[3.965s] -- Up-to-date symlink: /home/benjaminservey/Two_Wheel_Robot/install/tutorial_interfaces/local/lib/python3.10/dist-packages/tutorial_interfaces/tutorial_interfaces_s__rosidl_typesupport_fastrtps_c.cpython-310-aarch64-linux-gnu.so
[3.966s] -- Up-to-date symlink: /home/benjaminservey/Two_Wheel_Robot/install/tutorial_interfaces/local/lib/python3.10/dist-packages/tutorial_interfaces/tutorial_interfaces_s__rosidl_typesupport_introspection_c.cpython-310-aarch64-linux-gnu.so
[3.968s] -- Up-to-date symlink: /home/benjaminservey/Two_Wheel_Robot/install/tutorial_interfaces/local/lib/python3.10/dist-packages/tutorial_interfaces/tutorial_interfaces_s__rosidl_typesupport_fastrtps_c.cpython-310-aarch64-linux-gnu.so
[3.969s] -- Up-to-date symlink: /home/benjaminservey/Two_Wheel_Robot/install/tutorial_interfaces/local/lib/python3.10/dist-packages/tutorial_interfaces/tutorial_interfaces_s__rosidl_typesupport_introspection_c.cpython-310-aarch64-linux-gnu.so
[3.971s] -- Up-to-date symlink: /home/benjaminservey/Two_Wheel_Robot/install/tutorial_interfaces/local/lib/python3.10/dist-packages/tutorial_interfaces/tutorial_interfaces_s__rosidl_typesupport_c.cpython-310-aarch64-linux-gnu.so
[3.972s] -- Up-to-date symlink: /home/benjaminservey/Two_Wheel_Robot/install/tutorial_interfaces/share/tutorial_interfaces/msg/Num.idl
[3.973s] -- Up-to-date symlink: /home/benjaminservey/Two_Wheel_Robot/install/tutorial_interfaces/share/tutorial_interfaces/msg/Num.msg
[3.975s] -- Up-to-date symlink: /home/benjaminservey/Two_Wheel_Robot/install/tutorial_interfaces/share/ament_index/resource_index/package_run_dependencies/tutorial_interfaces
[3.976s] -- Up-to-date symlink: /home/benjaminservey/Two_Wheel_Robot/install/tutorial_interfaces/share/ament_index/resource_index/parent_prefix_path/tutorial_interfaces
[3.978s] -- Up-to-date symlink: /home/benjaminservey/Two_Wheel_Robot/install/tutorial_interfaces/share/tutorial_interfaces/environment/ament_prefix_path.sh
[3.979s] -- Up-to-date symlink: /home/benjaminservey/Two_Wheel_Robot/install/tutorial_interfaces/share/tutorial_interfaces/environment/ament_prefix_path.dsv
[3.980s] -- Up-to-date symlink: /home/benjaminservey/Two_Wheel_Robot/install/tutorial_interfaces/share/tutorial_interfaces/environment/path.sh
[3.982s] -- Up-to-date symlink: /home/benjaminservey/Two_Wheel_Robot/install/tutorial_interfaces/share/tutorial_interfaces/environment/path.dsv
[3.983s] -- Up-to-date symlink: /home/benjaminservey/Two_Wheel_Robot/install/tutorial_interfaces/share/tutorial_interfaces/local_setup.bash
[3.985s] -- Up-to-date symlink: /home/benjaminservey/Two_Wheel_Robot/install/tutorial_interfaces/share/tutorial_interfaces/local_setup.sh
[3.986s] -- Up-to-date symlink: /home/benjaminservey/Two_Wheel_Robot/install/tutorial_interfaces/share/tutorial_interfaces/local_setup.zsh
[3.987s] -- Up-to-date symlink: /home/benjaminservey/Two_Wheel_Robot/install/tutorial_interfaces/share/tutorial_interfaces/local_setup.dsv
[3.988s] -- Symlinking: /home/benjaminservey/Two_Wheel_Robot/install/tutorial_interfaces/share/tutorial_interfaces/package.dsv
[4.035s] -- Up-to-date symlink: /home/benjaminservey/Two_Wheel_Robot/install/tutorial_interfaces/share/ament_index/resource_index/packages/tutorial_interfaces
[4.037s] -- Up-to-date symlink: /home/benjaminservey/Two_Wheel_Robot/install/tutorial_interfaces/share/tutorial_interfaces/cmake/rosidl_cmake-extras.cmake
[4.039s] -- Up-to-date symlink: /home/benjaminservey/Two_Wheel_Robot/install/tutorial_interfaces/share/tutorial_interfaces/cmake/ament_cmake_export_include_directories-extras.cmake
[4.041s] -- Up-to-date symlink: /home/benjaminservey/Two_Wheel_Robot/install/tutorial_interfaces/share/tutorial_interfaces/cmake/ament_cmake_export_libraries-extras.cmake
[4.043s] -- Up-to-date symlink: /home/benjaminservey/Two_Wheel_Robot/install/tutorial_interfaces/share/tutorial_interfaces/cmake/ament_cmake_export_targets-extras.cmake
[4.044s] -- Up-to-date symlink: /home/benjaminservey/Two_Wheel_Robot/install/tutorial_interfaces/share/tutorial_interfaces/cmake/rosidl_cmake_export_typesupport_targets-extras.cmake
[4.046s] -- Up-to-date symlink: /home/benjaminservey/Two_Wheel_Robot/install/tutorial_interfaces/share/tutorial_interfaces/cmake/ament_cmake_export_dependencies-extras.cmake
[4.047s] -- Up-to-date symlink: /home/benjaminservey/Two_Wheel_Robot/install/tutorial_interfaces/share/tutorial_interfaces/cmake/rosidl_cmake_export_typesupport_libraries-extras.cmake
[4.049s] -- Up-to-date symlink: /home/benjaminservey/Two_Wheel_Robot/install/tutorial_interfaces/share/tutorial_interfaces/cmake/tutorial_interfacesConfig.cmake
[4.050s] -- Up-to-date symlink: /home/benjaminservey/Two_Wheel_Robot/install/tutorial_interfaces/share/tutorial_interfaces/cmake/tutorial_interfacesConfig-version.cmake
[4.052s] -- Up-to-date symlink: /home/benjaminservey/Two_Wheel_Robot/install/tutorial_interfaces/share/tutorial_interfaces/package.xml
[4.053s] -- Up-to-date: /home/benjaminservey/Two_Wheel_Robot/install/tutorial_interfaces/lib/libtutorial_interfaces__rosidl_generator_c.so
[4.054s] -- Up-to-date: /home/benjaminservey/Two_Wheel_Robot/install/tutorial_interfaces/lib/libtutorial_interfaces__rosidl_typesupport_fastrtps_c.so
[4.056s] -- Up-to-date: /home/benjaminservey/Two_Wheel_Robot/install/tutorial_interfaces/lib/libtutorial_interfaces__rosidl_typesupport_introspection_c.so
[4.057s] -- Up-to-date: /home/benjaminservey/Two_Wheel_Robot/install/tutorial_interfaces/lib/libtutorial_interfaces__rosidl_typesupport_c.so
[4.059s] -- Up-to-date: /home/benjaminservey/Two_Wheel_Robot/install/tutorial_interfaces/lib/libtutorial_interfaces__rosidl_typesupport_fastrtps_cpp.so
[4.061s] -- Up-to-date: /home/benjaminservey/Two_Wheel_Robot/install/tutorial_interfaces/lib/libtutorial_interfaces__rosidl_typesupport_introspection_cpp.so
[4.062s] -- Up-to-date: /home/benjaminservey/Two_Wheel_Robot/install/tutorial_interfaces/lib/libtutorial_interfaces__rosidl_typesupport_cpp.so
[4.308s] Listing '/home/benjaminservey/Two_Wheel_Robot/install/tutorial_interfaces/local/lib/python3.10/dist-packages/tutorial_interfaces'...
[4.309s] Listing '/home/benjaminservey/Two_Wheel_Robot/install/tutorial_interfaces/local/lib/python3.10/dist-packages/tutorial_interfaces/msg'...
[4.359s] -- Up-to-date: /home/benjaminservey/Two_Wheel_Robot/install/tutorial_interfaces/lib/libtutorial_interfaces__rosidl_generator_py.so
[4.362s] -- Up-to-date: /home/benjaminservey/Two_Wheel_Robot/install/tutorial_interfaces/share/tutorial_interfaces/cmake/export_tutorial_interfaces__rosidl_generator_cExport.cmake
[4.363s] -- Up-to-date: /home/benjaminservey/Two_Wheel_Robot/install/tutorial_interfaces/share/tutorial_interfaces/cmake/export_tutorial_interfaces__rosidl_generator_cExport-noconfig.cmake
[4.365s] -- Up-to-date: /home/benjaminservey/Two_Wheel_Robot/install/tutorial_interfaces/share/tutorial_interfaces/cmake/export_tutorial_interfaces__rosidl_typesupport_fastrtps_cExport.cmake
[4.367s] -- Up-to-date: /home/benjaminservey/Two_Wheel_Robot/install/tutorial_interfaces/share/tutorial_interfaces/cmake/export_tutorial_interfaces__rosidl_typesupport_fastrtps_cExport-noconfig.cmake
[4.370s] -- Up-to-date: /home/benjaminservey/Two_Wheel_Robot/install/tutorial_interfaces/share/tutorial_interfaces/cmake/tutorial_interfaces__rosidl_typesupport_introspection_cExport.cmake
[4.372s] -- Up-to-date: /home/benjaminservey/Two_Wheel_Robot/install/tutorial_interfaces/share/tutorial_interfaces/cmake/tutorial_interfaces__rosidl_typesupport_introspection_cExport-noconfig.cmake
[4.375s] -- Up-to-date: /home/benjaminservey/Two_Wheel_Robot/install/tutorial_interfaces/share/tutorial_interfaces/cmake/tutorial_interfaces__rosidl_typesupport_cExport.cmake
[4.378s] -- Up-to-date: /home/benjaminservey/Two_Wheel_Robot/install/tutorial_interfaces/share/tutorial_interfaces/cmake/tutorial_interfaces__rosidl_typesupport_cExport-noconfig.cmake
[4.381s] -- Up-to-date: /home/benjaminservey/Two_Wheel_Robot/install/tutorial_interfaces/share/tutorial_interfaces/cmake/export_tutorial_interfaces__rosidl_generator_cppExport.cmake
[4.384s] -- Up-to-date: /home/benjaminservey/Two_Wheel_Robot/install/tutorial_interfaces/share/tutorial_interfaces/cmake/export_tutorial_interfaces__rosidl_typesupport_fastrtps_cppExport.cmake
[4.387s] -- Up-to-date: /home/benjaminservey/Two_Wheel_Robot/install/tutorial_interfaces/share/tutorial_interfaces/cmake/export_tutorial_interfaces__rosidl_typesupport_fastrtps_cppExport-noconfig.cmake
[4.389s] -- Up-to-date: /home/benjaminservey/Two_Wheel_Robot/install/tutorial_interfaces/share/tutorial_interfaces/cmake/tutorial_interfaces__rosidl_typesupport_introspection_cppExport.cmake
[4.391s] -- Up-to-date: /home/benjaminservey/Two_Wheel_Robot/install/tutorial_interfaces/share/tutorial_interfaces/cmake/tutorial_interfaces__rosidl_typesupport_introspection_cppExport-noconfig.cmake
[4.392s] -- Up-to-date: /home/benjaminservey/Two_Wheel_Robot/install/tutorial_interfaces/share/tutorial_interfaces/cmake/tutorial_interfaces__rosidl_typesupport_cppExport.cmake
[4.393s] -- Up-to-date: /home/benjaminservey/Two_Wheel_Robot/install/tutorial_interfaces/share/tutorial_interfaces/cmake/tutorial_interfaces__rosidl_typesupport_cppExport-noconfig.cmake
[4.395s] -- Up-to-date: /home/benjaminservey/Two_Wheel_Robot/install/tutorial_interfaces/share/tutorial_interfaces/cmake/export_tutorial_interfaces__rosidl_generator_pyExport.cmake
[4.396s] -- Up-to-date: /home/benjaminservey/Two_Wheel_Robot/install/tutorial_interfaces/share/tutorial_interfaces/cmake/export_tutorial_interfaces__rosidl_generator_pyExport-noconfig.cmake
[4.411s] Invoked command in '/home/benjaminservey/Two_Wheel_Robot/build/tutorial_interfaces' returned '0': CMAKE_PREFIX_PATH=${CMAKE_PREFIX_PATH}:/home/benjaminservey/Two_Wheel_Robot/install/Two_Wheel_Robot:/opt/ros/humble /usr/bin/cmake --install /home/benjaminservey/Two_Wheel_Robot/build/tutorial_interfaces
