[0.013s] Invoking command in '/home/benjamin/Two_Wheel_Robot/build/tutorial_interfaces': CMAKE_PREFIX_PATH=${CMAKE_PREFIX_PATH}:/home/benjamin/Two_Wheel_Robot/install/Two_Wheel_Robot:/opt/ros/humble /usr/bin/cmake /home/benjamin/Two_Wheel_Robot/src/tutorial_interfaces -DAMENT_CMAKE_SYMLINK_INSTALL=1 -DCMAKE_INSTALL_PREFIX=/home/benjamin/Two_Wheel_Robot/install/tutorial_interfaces
[0.025s] -- Found ament_cmake: 1.3.3 (/opt/ros/humble/share/ament_cmake/cmake)
[0.158s] -- Override CMake install command with custom implementation using symlinks instead of copying resources
[0.165s] -- Found ament_lint_auto: 0.12.5 (/opt/ros/humble/share/ament_lint_auto/cmake)
[0.223s] -- Found rosidl_default_generators: 1.2.0 (/opt/ros/humble/share/rosidl_default_generators/cmake)
[0.225s] -- Using all available rosidl_typesupport_c: rosidl_typesupport_fastrtps_c;rosidl_typesupport_introspection_c
[0.228s] -- Found rosidl_adapter: 3.1.4 (/opt/ros/humble/share/rosidl_adapter/cmake)
[0.256s] -- Using all available rosidl_typesupport_cpp: rosidl_typesupport_fastrtps_cpp;rosidl_typesupport_introspection_cpp
[0.444s] -- Found ament_cmake_ros: 0.10.0 (/opt/ros/humble/share/ament_cmake_ros/cmake)
[0.611s] -- Using all available rosidl_typesupport_c: rosidl_typesupport_fastrtps_c;rosidl_typesupport_introspection_c
[0.857s] -- Using all available rosidl_typesupport_cpp: rosidl_typesupport_fastrtps_cpp;rosidl_typesupport_introspection_cpp
[0.879s] -- Found python_cmake_module: 0.10.0 (/opt/ros/humble/share/python_cmake_module/cmake)
[0.899s] -- Using PYTHON_EXECUTABLE: /usr/bin/python3
[0.899s] -- Using PYTHON_INCLUDE_DIRS: /usr/include/python3.10
[0.899s] -- Using PYTHON_LIBRARIES: /usr/lib/x86_64-linux-gnu/libpython3.10.so
[0.915s] -- Added test 'lint_cmake' to check CMake code style
[0.916s] -- Added test 'xmllint' to check XML markup files
[0.920s] -- Configuring done
[0.947s] -- Generating done
[0.950s] -- Build files have been written to: /home/benjamin/Two_Wheel_Robot/build/tutorial_interfaces
[0.957s] Invoked command in '/home/benjamin/Two_Wheel_Robot/build/tutorial_interfaces' returned '0': CMAKE_PREFIX_PATH=${CMAKE_PREFIX_PATH}:/home/benjamin/Two_Wheel_Robot/install/Two_Wheel_Robot:/opt/ros/humble /usr/bin/cmake /home/benjamin/Two_Wheel_Robot/src/tutorial_interfaces -DAMENT_CMAKE_SYMLINK_INSTALL=1 -DCMAKE_INSTALL_PREFIX=/home/benjamin/Two_Wheel_Robot/install/tutorial_interfaces
[0.958s] Invoking command in '/home/benjamin/Two_Wheel_Robot/build/tutorial_interfaces': CMAKE_PREFIX_PATH=${CMAKE_PREFIX_PATH}:/home/benjamin/Two_Wheel_Robot/install/Two_Wheel_Robot:/opt/ros/humble /usr/bin/cmake --build /home/benjamin/Two_Wheel_Robot/build/tutorial_interfaces -- -j12 -l12
[0.989s] [  3%] [34m[1mGenerating C code for ROS interfaces[0m
[0.999s] [  6%] [34m[1mGenerating C++ code for ROS interfaces[0m
[1.006s] [  6%] Built target ament_cmake_python_symlink_tutorial_interfaces
[1.210s] [  6%] Built target tutorial_interfaces__cpp
[1.220s] [  9%] [34m[1mGenerating C++ type support dispatch for ROS interfaces[0m
[1.220s] [ 12%] [34m[1mGenerating C++ introspection for ROS interfaces[0m
[1.222s] [35m[1mConsolidate compiler generated dependencies of target tutorial_interfaces__rosidl_generator_c[0m
[1.222s] [ 16%] [34m[1mGenerating C++ type support for eProsima Fast-RTPS[0m
[1.232s] [ 19%] [32mBuilding C object CMakeFiles/tutorial_interfaces__rosidl_generator_c.dir/rosidl_generator_c/tutorial_interfaces/msg/detail/num__functions.c.o[0m
[1.278s] [ 22%] [32m[1mLinking C shared library libtutorial_interfaces__rosidl_generator_c.so[0m
[1.310s] running egg_info
[1.311s] writing tutorial_interfaces.egg-info/PKG-INFO
[1.311s] writing dependency_links to tutorial_interfaces.egg-info/dependency_links.txt
[1.311s] writing top-level names to tutorial_interfaces.egg-info/top_level.txt
[1.313s] reading manifest file 'tutorial_interfaces.egg-info/SOURCES.txt'
[1.314s] writing manifest file 'tutorial_interfaces.egg-info/SOURCES.txt'
[1.314s] [ 22%] Built target tutorial_interfaces__rosidl_generator_c
[1.325s] [ 25%] [34m[1mGenerating C introspection for ROS interfaces[0m
[1.325s] [ 29%] [34m[1mGenerating C type support dispatch for ROS interfaces[0m
[1.327s] [ 32%] [34m[1mGenerating C type support for eProsima Fast-RTPS[0m
[1.345s] [ 32%] Built target ament_cmake_python_build_tutorial_interfaces_egg
[1.443s] [35m[1mConsolidate compiler generated dependencies of target tutorial_interfaces__rosidl_typesupport_cpp[0m
[1.445s] [35m[1mConsolidate compiler generated dependencies of target tutorial_interfaces__rosidl_typesupport_introspection_cpp[0m
[1.456s] [ 35%] [32mBuilding CXX object CMakeFiles/tutorial_interfaces__rosidl_typesupport_cpp.dir/rosidl_typesupport_cpp/tutorial_interfaces/msg/num__type_support.cpp.o[0m
[1.456s] [35m[1mConsolidate compiler generated dependencies of target tutorial_interfaces__rosidl_typesupport_fastrtps_cpp[0m
[1.461s] [ 38%] [32mBuilding CXX object CMakeFiles/tutorial_interfaces__rosidl_typesupport_introspection_cpp.dir/rosidl_typesupport_introspection_cpp/tutorial_interfaces/msg/detail/num__type_support.cpp.o[0m
[1.470s] [ 41%] [32mBuilding CXX object CMakeFiles/tutorial_interfaces__rosidl_typesupport_fastrtps_cpp.dir/rosidl_typesupport_fastrtps_cpp/tutorial_interfaces/msg/detail/dds_fastrtps/num__type_support.cpp.o[0m
[1.586s] [35m[1mConsolidate compiler generated dependencies of target tutorial_interfaces__rosidl_typesupport_fastrtps_c[0m
[1.598s] [ 45%] [32mBuilding CXX object CMakeFiles/tutorial_interfaces__rosidl_typesupport_fastrtps_c.dir/rosidl_typesupport_fastrtps_c/tutorial_interfaces/msg/detail/num__type_support_c.cpp.o[0m
[1.665s] [35m[1mConsolidate compiler generated dependencies of target tutorial_interfaces__rosidl_typesupport_c[0m
[1.676s] [ 48%] [32mBuilding CXX object CMakeFiles/tutorial_interfaces__rosidl_typesupport_c.dir/rosidl_typesupport_c/tutorial_interfaces/msg/num__type_support.cpp.o[0m
[1.692s] [35m[1mConsolidate compiler generated dependencies of target tutorial_interfaces__rosidl_typesupport_introspection_c[0m
[1.703s] [ 51%] [32mBuilding C object CMakeFiles/tutorial_interfaces__rosidl_typesupport_introspection_c.dir/rosidl_typesupport_introspection_c/tutorial_interfaces/msg/detail/num__type_support.c.o[0m
[1.706s] [ 54%] [32m[1mLinking CXX shared library libtutorial_interfaces__rosidl_typesupport_c.so[0m
[1.737s] [ 58%] [32m[1mLinking C shared library libtutorial_interfaces__rosidl_typesupport_introspection_c.so[0m
[1.758s] [ 58%] Built target tutorial_interfaces__rosidl_typesupport_c
[1.769s] [ 58%] Built target tutorial_interfaces__rosidl_typesupport_introspection_c
[1.851s] [ 61%] [32m[1mLinking CXX shared library libtutorial_interfaces__rosidl_typesupport_cpp.so[0m
[1.891s] [ 64%] [32m[1mLinking CXX shared library libtutorial_interfaces__rosidl_typesupport_fastrtps_cpp.so[0m
[1.891s] [ 67%] [32m[1mLinking CXX shared library libtutorial_interfaces__rosidl_typesupport_introspection_cpp.so[0m
[1.892s] [ 67%] Built target tutorial_interfaces__rosidl_typesupport_cpp
[1.935s] [ 67%] Built target tutorial_interfaces__rosidl_typesupport_introspection_cpp
[1.988s] [ 67%] Built target tutorial_interfaces__rosidl_typesupport_fastrtps_cpp
[2.001s] [ 70%] [32m[1mLinking CXX shared library libtutorial_interfaces__rosidl_typesupport_fastrtps_c.so[0m
[2.090s] [ 70%] Built target tutorial_interfaces__rosidl_typesupport_fastrtps_c
[2.109s] [ 70%] Built target tutorial_interfaces
[2.131s] [ 74%] [34m[1mGenerating Python code for ROS interfaces[0m
[2.421s] [ 74%] Built target tutorial_interfaces__py
[2.432s] [35m[1mConsolidate compiler generated dependencies of target tutorial_interfaces__rosidl_generator_py[0m
[2.447s] [ 77%] [32mBuilding C object CMakeFiles/tutorial_interfaces__rosidl_generator_py.dir/rosidl_generator_py/tutorial_interfaces/msg/_num_s.c.o[0m
[2.556s] [ 80%] [32m[1mLinking C shared library rosidl_generator_py/tutorial_interfaces/libtutorial_interfaces__rosidl_generator_py.so[0m
[2.593s] [ 80%] Built target tutorial_interfaces__rosidl_generator_py
[2.602s] [35m[1mConsolidate compiler generated dependencies of target tutorial_interfaces__rosidl_typesupport_fastrtps_c__pyext[0m
[2.602s] [35m[1mConsolidate compiler generated dependencies of target tutorial_interfaces__rosidl_typesupport_c__pyext[0m
[2.602s] [35m[1mConsolidate compiler generated dependencies of target tutorial_interfaces__rosidl_typesupport_introspection_c__pyext[0m
[2.614s] [ 90%] [32mBuilding C object CMakeFiles/tutorial_interfaces__rosidl_typesupport_fastrtps_c__pyext.dir/rosidl_generator_py/tutorial_interfaces/_tutorial_interfaces_s.ep.rosidl_typesupport_fastrtps_c.c.o[0m
[2.614s] [ 90%] [32mBuilding C object CMakeFiles/tutorial_interfaces__rosidl_typesupport_c__pyext.dir/rosidl_generator_py/tutorial_interfaces/_tutorial_interfaces_s.ep.rosidl_typesupport_c.c.o[0m
[2.614s] [ 83%] [32mBuilding C object CMakeFiles/tutorial_interfaces__rosidl_typesupport_introspection_c__pyext.dir/rosidl_generator_py/tutorial_interfaces/_tutorial_interfaces_s.ep.rosidl_typesupport_introspection_c.c.o[0m
[2.714s] [ 93%] [32m[1mLinking C shared library rosidl_generator_py/tutorial_interfaces/tutorial_interfaces_s__rosidl_typesupport_introspection_c.cpython-310-x86_64-linux-gnu.so[0m
[2.718s] [ 96%] [32m[1mLinking C shared library rosidl_generator_py/tutorial_interfaces/tutorial_interfaces_s__rosidl_typesupport_fastrtps_c.cpython-310-x86_64-linux-gnu.so[0m
[2.726s] [100%] [32m[1mLinking C shared library rosidl_generator_py/tutorial_interfaces/tutorial_interfaces_s__rosidl_typesupport_c.cpython-310-x86_64-linux-gnu.so[0m
[2.760s] [100%] Built target tutorial_interfaces__rosidl_typesupport_introspection_c__pyext
[2.766s] [100%] Built target tutorial_interfaces__rosidl_typesupport_fastrtps_c__pyext
[2.771s] [100%] Built target tutorial_interfaces__rosidl_typesupport_c__pyext
[2.783s] Invoked command in '/home/benjamin/Two_Wheel_Robot/build/tutorial_interfaces' returned '0': CMAKE_PREFIX_PATH=${CMAKE_PREFIX_PATH}:/home/benjamin/Two_Wheel_Robot/install/Two_Wheel_Robot:/opt/ros/humble /usr/bin/cmake --build /home/benjamin/Two_Wheel_Robot/build/tutorial_interfaces -- -j12 -l12
[2.856s] Invoking command in '/home/benjamin/Two_Wheel_Robot/build/tutorial_interfaces': CMAKE_PREFIX_PATH=${CMAKE_PREFIX_PATH}:/home/benjamin/Two_Wheel_Robot/install/Two_Wheel_Robot:/opt/ros/humble /usr/bin/cmake --install /home/benjamin/Two_Wheel_Robot/build/tutorial_interfaces
[2.863s] -- Install configuration: ""
[2.863s] -- Execute custom install script
[2.864s] -- Up-to-date symlink: /home/benjamin/Two_Wheel_Robot/install/tutorial_interfaces/share/ament_index/resource_index/rosidl_interfaces/tutorial_interfaces
[2.864s] -- Up-to-date symlink: /home/benjamin/Two_Wheel_Robot/install/tutorial_interfaces/include/tutorial_interfaces/tutorial_interfaces/msg/detail/encoder__functions.h
[2.865s] -- Up-to-date symlink: /home/benjamin/Two_Wheel_Robot/install/tutorial_interfaces/include/tutorial_interfaces/tutorial_interfaces/msg/detail/encoder__struct.h
[2.865s] -- Up-to-date symlink: /home/benjamin/Two_Wheel_Robot/install/tutorial_interfaces/include/tutorial_interfaces/tutorial_interfaces/msg/detail/encoder__type_support.h
[2.865s] -- Up-to-date symlink: /home/benjamin/Two_Wheel_Robot/install/tutorial_interfaces/include/tutorial_interfaces/tutorial_interfaces/msg/detail/num__functions.h
[2.865s] -- Up-to-date symlink: /home/benjamin/Two_Wheel_Robot/install/tutorial_interfaces/include/tutorial_interfaces/tutorial_interfaces/msg/detail/num__struct.h
[2.865s] -- Up-to-date symlink: /home/benjamin/Two_Wheel_Robot/install/tutorial_interfaces/include/tutorial_interfaces/tutorial_interfaces/msg/detail/num__type_support.h
[2.865s] -- Up-to-date symlink: /home/benjamin/Two_Wheel_Robot/install/tutorial_interfaces/include/tutorial_interfaces/tutorial_interfaces/msg/encoder.h
[2.865s] -- Up-to-date symlink: /home/benjamin/Two_Wheel_Robot/install/tutorial_interfaces/include/tutorial_interfaces/tutorial_interfaces/msg/num.h
[2.865s] -- Up-to-date symlink: /home/benjamin/Two_Wheel_Robot/install/tutorial_interfaces/include/tutorial_interfaces/tutorial_interfaces/msg/rosidl_generator_c__visibility_control.h
[2.866s] -- Up-to-date symlink: /home/benjamin/Two_Wheel_Robot/install/tutorial_interfaces/share/tutorial_interfaces/environment/library_path.sh
[2.866s] -- Up-to-date symlink: /home/benjamin/Two_Wheel_Robot/install/tutorial_interfaces/share/tutorial_interfaces/environment/library_path.dsv
[2.866s] -- Up-to-date symlink: /home/benjamin/Two_Wheel_Robot/install/tutorial_interfaces/include/tutorial_interfaces/tutorial_interfaces/msg/detail/encoder__rosidl_typesupport_fastrtps_c.h
[2.867s] -- Up-to-date symlink: /home/benjamin/Two_Wheel_Robot/install/tutorial_interfaces/include/tutorial_interfaces/tutorial_interfaces/msg/detail/num__rosidl_typesupport_fastrtps_c.h
[2.867s] -- Up-to-date symlink: /home/benjamin/Two_Wheel_Robot/install/tutorial_interfaces/include/tutorial_interfaces/tutorial_interfaces/msg/rosidl_typesupport_fastrtps_c__visibility_control.h
[2.867s] -- Up-to-date symlink: /home/benjamin/Two_Wheel_Robot/install/tutorial_interfaces/include/tutorial_interfaces/tutorial_interfaces/msg/detail/encoder__rosidl_typesupport_introspection_c.h
[2.867s] -- Up-to-date symlink: /home/benjamin/Two_Wheel_Robot/install/tutorial_interfaces/include/tutorial_interfaces/tutorial_interfaces/msg/detail/num__rosidl_typesupport_introspection_c.h
[2.867s] -- Up-to-date symlink: /home/benjamin/Two_Wheel_Robot/install/tutorial_interfaces/include/tutorial_interfaces/tutorial_interfaces/msg/rosidl_typesupport_introspection_c__visibility_control.h
[2.868s] -- Up-to-date symlink: /home/benjamin/Two_Wheel_Robot/install/tutorial_interfaces/include/tutorial_interfaces/tutorial_interfaces/msg/detail/encoder__builder.hpp
[2.868s] -- Up-to-date symlink: /home/benjamin/Two_Wheel_Robot/install/tutorial_interfaces/include/tutorial_interfaces/tutorial_interfaces/msg/detail/encoder__struct.hpp
[2.868s] -- Up-to-date symlink: /home/benjamin/Two_Wheel_Robot/install/tutorial_interfaces/include/tutorial_interfaces/tutorial_interfaces/msg/detail/encoder__traits.hpp
[2.868s] -- Up-to-date symlink: /home/benjamin/Two_Wheel_Robot/install/tutorial_interfaces/include/tutorial_interfaces/tutorial_interfaces/msg/detail/num__builder.hpp
[2.868s] -- Up-to-date symlink: /home/benjamin/Two_Wheel_Robot/install/tutorial_interfaces/include/tutorial_interfaces/tutorial_interfaces/msg/detail/num__struct.hpp
[2.868s] -- Up-to-date symlink: /home/benjamin/Two_Wheel_Robot/install/tutorial_interfaces/include/tutorial_interfaces/tutorial_interfaces/msg/detail/num__traits.hpp
[2.869s] -- Up-to-date symlink: /home/benjamin/Two_Wheel_Robot/install/tutorial_interfaces/include/tutorial_interfaces/tutorial_interfaces/msg/encoder.hpp
[2.869s] -- Up-to-date symlink: /home/benjamin/Two_Wheel_Robot/install/tutorial_interfaces/include/tutorial_interfaces/tutorial_interfaces/msg/num.hpp
[2.870s] -- Up-to-date symlink: /home/benjamin/Two_Wheel_Robot/install/tutorial_interfaces/include/tutorial_interfaces/tutorial_interfaces/msg/detail/encoder__rosidl_typesupport_fastrtps_cpp.hpp
[2.870s] -- Up-to-date symlink: /home/benjamin/Two_Wheel_Robot/install/tutorial_interfaces/include/tutorial_interfaces/tutorial_interfaces/msg/detail/num__rosidl_typesupport_fastrtps_cpp.hpp
[2.870s] -- Up-to-date symlink: /home/benjamin/Two_Wheel_Robot/install/tutorial_interfaces/include/tutorial_interfaces/tutorial_interfaces/msg/rosidl_typesupport_fastrtps_cpp__visibility_control.h
[2.870s] -- Up-to-date symlink: /home/benjamin/Two_Wheel_Robot/install/tutorial_interfaces/include/tutorial_interfaces/tutorial_interfaces/msg/detail/encoder__rosidl_typesupport_introspection_cpp.hpp
[2.871s] -- Up-to-date symlink: /home/benjamin/Two_Wheel_Robot/install/tutorial_interfaces/include/tutorial_interfaces/tutorial_interfaces/msg/detail/num__rosidl_typesupport_introspection_cpp.hpp
[2.871s] -- Up-to-date symlink: /home/benjamin/Two_Wheel_Robot/install/tutorial_interfaces/share/tutorial_interfaces/environment/pythonpath.sh
[2.871s] -- Up-to-date symlink: /home/benjamin/Two_Wheel_Robot/install/tutorial_interfaces/share/tutorial_interfaces/environment/pythonpath.dsv
[2.871s] -- Up-to-date symlink: /home/benjamin/Two_Wheel_Robot/install/tutorial_interfaces/local/lib/python3.10/dist-packages/tutorial_interfaces-0.0.0-py3.10.egg-info/PKG-INFO
[2.871s] -- Up-to-date symlink: /home/benjamin/Two_Wheel_Robot/install/tutorial_interfaces/local/lib/python3.10/dist-packages/tutorial_interfaces-0.0.0-py3.10.egg-info/SOURCES.txt
[2.871s] -- Up-to-date symlink: /home/benjamin/Two_Wheel_Robot/install/tutorial_interfaces/local/lib/python3.10/dist-packages/tutorial_interfaces-0.0.0-py3.10.egg-info/dependency_links.txt
[2.871s] -- Up-to-date symlink: /home/benjamin/Two_Wheel_Robot/install/tutorial_interfaces/local/lib/python3.10/dist-packages/tutorial_interfaces-0.0.0-py3.10.egg-info/top_level.txt
[2.872s] -- Up-to-date symlink: /home/benjamin/Two_Wheel_Robot/install/tutorial_interfaces/local/lib/python3.10/dist-packages/tutorial_interfaces/__init__.py
[2.872s] -- Up-to-date symlink: /home/benjamin/Two_Wheel_Robot/install/tutorial_interfaces/local/lib/python3.10/dist-packages/tutorial_interfaces/_tutorial_interfaces_s.ep.rosidl_typesupport_c.c
[2.872s] -- Up-to-date symlink: /home/benjamin/Two_Wheel_Robot/install/tutorial_interfaces/local/lib/python3.10/dist-packages/tutorial_interfaces/_tutorial_interfaces_s.ep.rosidl_typesupport_fastrtps_c.c
[2.872s] -- Up-to-date symlink: /home/benjamin/Two_Wheel_Robot/install/tutorial_interfaces/local/lib/python3.10/dist-packages/tutorial_interfaces/_tutorial_interfaces_s.ep.rosidl_typesupport_introspection_c.c
[2.872s] -- Up-to-date symlink: /home/benjamin/Two_Wheel_Robot/install/tutorial_interfaces/local/lib/python3.10/dist-packages/tutorial_interfaces/libtutorial_interfaces__rosidl_generator_py.so
[2.873s] -- Up-to-date symlink: /home/benjamin/Two_Wheel_Robot/install/tutorial_interfaces/local/lib/python3.10/dist-packages/tutorial_interfaces/msg/__init__.py
[2.873s] -- Up-to-date symlink: /home/benjamin/Two_Wheel_Robot/install/tutorial_interfaces/local/lib/python3.10/dist-packages/tutorial_interfaces/msg/_encoder.py
[2.873s] -- Up-to-date symlink: /home/benjamin/Two_Wheel_Robot/install/tutorial_interfaces/local/lib/python3.10/dist-packages/tutorial_interfaces/msg/_encoder_s.c
[2.873s] -- Up-to-date symlink: /home/benjamin/Two_Wheel_Robot/install/tutorial_interfaces/local/lib/python3.10/dist-packages/tutorial_interfaces/msg/_num.py
[2.873s] -- Up-to-date symlink: /home/benjamin/Two_Wheel_Robot/install/tutorial_interfaces/local/lib/python3.10/dist-packages/tutorial_interfaces/msg/_num_s.c
[2.873s] -- Up-to-date symlink: /home/benjamin/Two_Wheel_Robot/install/tutorial_interfaces/local/lib/python3.10/dist-packages/tutorial_interfaces/tutorial_interfaces_s__rosidl_typesupport_c.cpython-310-x86_64-linux-gnu.so
[2.873s] -- Up-to-date symlink: /home/benjamin/Two_Wheel_Robot/install/tutorial_interfaces/local/lib/python3.10/dist-packages/tutorial_interfaces/tutorial_interfaces_s__rosidl_typesupport_fastrtps_c.cpython-310-x86_64-linux-gnu.so
[2.873s] -- Up-to-date symlink: /home/benjamin/Two_Wheel_Robot/install/tutorial_interfaces/local/lib/python3.10/dist-packages/tutorial_interfaces/tutorial_interfaces_s__rosidl_typesupport_introspection_c.cpython-310-x86_64-linux-gnu.so
[2.874s] -- Up-to-date symlink: /home/benjamin/Two_Wheel_Robot/install/tutorial_interfaces/local/lib/python3.10/dist-packages/tutorial_interfaces/tutorial_interfaces_s__rosidl_typesupport_fastrtps_c.cpython-310-x86_64-linux-gnu.so
[2.874s] -- Up-to-date symlink: /home/benjamin/Two_Wheel_Robot/install/tutorial_interfaces/local/lib/python3.10/dist-packages/tutorial_interfaces/tutorial_interfaces_s__rosidl_typesupport_introspection_c.cpython-310-x86_64-linux-gnu.so
[2.874s] -- Up-to-date symlink: /home/benjamin/Two_Wheel_Robot/install/tutorial_interfaces/local/lib/python3.10/dist-packages/tutorial_interfaces/tutorial_interfaces_s__rosidl_typesupport_c.cpython-310-x86_64-linux-gnu.so
[2.875s] -- Up-to-date symlink: /home/benjamin/Two_Wheel_Robot/install/tutorial_interfaces/share/tutorial_interfaces/msg/Num.idl
[2.875s] -- Up-to-date symlink: /home/benjamin/Two_Wheel_Robot/install/tutorial_interfaces/share/tutorial_interfaces/msg/Num.msg
[2.875s] -- Up-to-date symlink: /home/benjamin/Two_Wheel_Robot/install/tutorial_interfaces/share/ament_index/resource_index/package_run_dependencies/tutorial_interfaces
[2.875s] -- Up-to-date symlink: /home/benjamin/Two_Wheel_Robot/install/tutorial_interfaces/share/ament_index/resource_index/parent_prefix_path/tutorial_interfaces
[2.875s] -- Up-to-date symlink: /home/benjamin/Two_Wheel_Robot/install/tutorial_interfaces/share/tutorial_interfaces/environment/ament_prefix_path.sh
[2.875s] -- Up-to-date symlink: /home/benjamin/Two_Wheel_Robot/install/tutorial_interfaces/share/tutorial_interfaces/environment/ament_prefix_path.dsv
[2.876s] -- Up-to-date symlink: /home/benjamin/Two_Wheel_Robot/install/tutorial_interfaces/share/tutorial_interfaces/environment/path.sh
[2.876s] -- Up-to-date symlink: /home/benjamin/Two_Wheel_Robot/install/tutorial_interfaces/share/tutorial_interfaces/environment/path.dsv
[2.876s] -- Up-to-date symlink: /home/benjamin/Two_Wheel_Robot/install/tutorial_interfaces/share/tutorial_interfaces/local_setup.bash
[2.876s] -- Up-to-date symlink: /home/benjamin/Two_Wheel_Robot/install/tutorial_interfaces/share/tutorial_interfaces/local_setup.sh
[2.877s] -- Up-to-date symlink: /home/benjamin/Two_Wheel_Robot/install/tutorial_interfaces/share/tutorial_interfaces/local_setup.zsh
[2.877s] -- Up-to-date symlink: /home/benjamin/Two_Wheel_Robot/install/tutorial_interfaces/share/tutorial_interfaces/local_setup.dsv
[2.877s] -- Symlinking: /home/benjamin/Two_Wheel_Robot/install/tutorial_interfaces/share/tutorial_interfaces/package.dsv
[2.885s] -- Up-to-date symlink: /home/benjamin/Two_Wheel_Robot/install/tutorial_interfaces/share/ament_index/resource_index/packages/tutorial_interfaces
[2.886s] -- Up-to-date symlink: /home/benjamin/Two_Wheel_Robot/install/tutorial_interfaces/share/tutorial_interfaces/cmake/rosidl_cmake-extras.cmake
[2.886s] -- Up-to-date symlink: /home/benjamin/Two_Wheel_Robot/install/tutorial_interfaces/share/tutorial_interfaces/cmake/ament_cmake_export_include_directories-extras.cmake
[2.886s] -- Up-to-date symlink: /home/benjamin/Two_Wheel_Robot/install/tutorial_interfaces/share/tutorial_interfaces/cmake/ament_cmake_export_libraries-extras.cmake
[2.886s] -- Up-to-date symlink: /home/benjamin/Two_Wheel_Robot/install/tutorial_interfaces/share/tutorial_interfaces/cmake/ament_cmake_export_targets-extras.cmake
[2.886s] -- Up-to-date symlink: /home/benjamin/Two_Wheel_Robot/install/tutorial_interfaces/share/tutorial_interfaces/cmake/rosidl_cmake_export_typesupport_targets-extras.cmake
[2.886s] -- Up-to-date symlink: /home/benjamin/Two_Wheel_Robot/install/tutorial_interfaces/share/tutorial_interfaces/cmake/ament_cmake_export_dependencies-extras.cmake
[2.886s] -- Up-to-date symlink: /home/benjamin/Two_Wheel_Robot/install/tutorial_interfaces/share/tutorial_interfaces/cmake/rosidl_cmake_export_typesupport_libraries-extras.cmake
[2.887s] -- Up-to-date symlink: /home/benjamin/Two_Wheel_Robot/install/tutorial_interfaces/share/tutorial_interfaces/cmake/tutorial_interfacesConfig.cmake
[2.887s] -- Up-to-date symlink: /home/benjamin/Two_Wheel_Robot/install/tutorial_interfaces/share/tutorial_interfaces/cmake/tutorial_interfacesConfig-version.cmake
[2.887s] -- Up-to-date symlink: /home/benjamin/Two_Wheel_Robot/install/tutorial_interfaces/share/tutorial_interfaces/package.xml
[2.887s] -- Installing: /home/benjamin/Two_Wheel_Robot/install/tutorial_interfaces/lib/libtutorial_interfaces__rosidl_generator_c.so
[2.888s] -- Set runtime path of "/home/benjamin/Two_Wheel_Robot/install/tutorial_interfaces/lib/libtutorial_interfaces__rosidl_generator_c.so" to ""
[2.888s] -- Installing: /home/benjamin/Two_Wheel_Robot/install/tutorial_interfaces/lib/libtutorial_interfaces__rosidl_typesupport_fastrtps_c.so
[2.888s] -- Set runtime path of "/home/benjamin/Two_Wheel_Robot/install/tutorial_interfaces/lib/libtutorial_interfaces__rosidl_typesupport_fastrtps_c.so" to ""
[2.889s] -- Installing: /home/benjamin/Two_Wheel_Robot/install/tutorial_interfaces/lib/libtutorial_interfaces__rosidl_typesupport_introspection_c.so
[2.889s] -- Set runtime path of "/home/benjamin/Two_Wheel_Robot/install/tutorial_interfaces/lib/libtutorial_interfaces__rosidl_typesupport_introspection_c.so" to ""
[2.889s] -- Installing: /home/benjamin/Two_Wheel_Robot/install/tutorial_interfaces/lib/libtutorial_interfaces__rosidl_typesupport_c.so
[2.890s] -- Set runtime path of "/home/benjamin/Two_Wheel_Robot/install/tutorial_interfaces/lib/libtutorial_interfaces__rosidl_typesupport_c.so" to ""
[2.890s] -- Installing: /home/benjamin/Two_Wheel_Robot/install/tutorial_interfaces/lib/libtutorial_interfaces__rosidl_typesupport_fastrtps_cpp.so
[2.890s] -- Set runtime path of "/home/benjamin/Two_Wheel_Robot/install/tutorial_interfaces/lib/libtutorial_interfaces__rosidl_typesupport_fastrtps_cpp.so" to ""
[2.890s] -- Installing: /home/benjamin/Two_Wheel_Robot/install/tutorial_interfaces/lib/libtutorial_interfaces__rosidl_typesupport_introspection_cpp.so
[2.891s] -- Set runtime path of "/home/benjamin/Two_Wheel_Robot/install/tutorial_interfaces/lib/libtutorial_interfaces__rosidl_typesupport_introspection_cpp.so" to ""
[2.891s] -- Installing: /home/benjamin/Two_Wheel_Robot/install/tutorial_interfaces/lib/libtutorial_interfaces__rosidl_typesupport_cpp.so
[2.892s] -- Set runtime path of "/home/benjamin/Two_Wheel_Robot/install/tutorial_interfaces/lib/libtutorial_interfaces__rosidl_typesupport_cpp.so" to ""
[2.926s] Listing '/home/benjamin/Two_Wheel_Robot/install/tutorial_interfaces/local/lib/python3.10/dist-packages/tutorial_interfaces'...
[2.926s] Compiling '/home/benjamin/Two_Wheel_Robot/install/tutorial_interfaces/local/lib/python3.10/dist-packages/tutorial_interfaces/__init__.py'...
[2.926s] Listing '/home/benjamin/Two_Wheel_Robot/install/tutorial_interfaces/local/lib/python3.10/dist-packages/tutorial_interfaces/msg'...
[2.926s] Compiling '/home/benjamin/Two_Wheel_Robot/install/tutorial_interfaces/local/lib/python3.10/dist-packages/tutorial_interfaces/msg/__init__.py'...
[2.926s] Compiling '/home/benjamin/Two_Wheel_Robot/install/tutorial_interfaces/local/lib/python3.10/dist-packages/tutorial_interfaces/msg/_num.py'...
[2.931s] -- Installing: /home/benjamin/Two_Wheel_Robot/install/tutorial_interfaces/lib/libtutorial_interfaces__rosidl_generator_py.so
[2.931s] -- Set runtime path of "/home/benjamin/Two_Wheel_Robot/install/tutorial_interfaces/lib/libtutorial_interfaces__rosidl_generator_py.so" to ""
[2.932s] -- Up-to-date: /home/benjamin/Two_Wheel_Robot/install/tutorial_interfaces/share/tutorial_interfaces/cmake/export_tutorial_interfaces__rosidl_generator_cExport.cmake
[2.932s] -- Up-to-date: /home/benjamin/Two_Wheel_Robot/install/tutorial_interfaces/share/tutorial_interfaces/cmake/export_tutorial_interfaces__rosidl_generator_cExport-noconfig.cmake
[2.932s] -- Up-to-date: /home/benjamin/Two_Wheel_Robot/install/tutorial_interfaces/share/tutorial_interfaces/cmake/export_tutorial_interfaces__rosidl_typesupport_fastrtps_cExport.cmake
[2.932s] -- Up-to-date: /home/benjamin/Two_Wheel_Robot/install/tutorial_interfaces/share/tutorial_interfaces/cmake/export_tutorial_interfaces__rosidl_typesupport_fastrtps_cExport-noconfig.cmake
[2.932s] -- Up-to-date: /home/benjamin/Two_Wheel_Robot/install/tutorial_interfaces/share/tutorial_interfaces/cmake/tutorial_interfaces__rosidl_typesupport_introspection_cExport.cmake
[2.932s] -- Up-to-date: /home/benjamin/Two_Wheel_Robot/install/tutorial_interfaces/share/tutorial_interfaces/cmake/tutorial_interfaces__rosidl_typesupport_introspection_cExport-noconfig.cmake
[2.932s] -- Up-to-date: /home/benjamin/Two_Wheel_Robot/install/tutorial_interfaces/share/tutorial_interfaces/cmake/tutorial_interfaces__rosidl_typesupport_cExport.cmake
[2.932s] -- Up-to-date: /home/benjamin/Two_Wheel_Robot/install/tutorial_interfaces/share/tutorial_interfaces/cmake/tutorial_interfaces__rosidl_typesupport_cExport-noconfig.cmake
[2.932s] -- Up-to-date: /home/benjamin/Two_Wheel_Robot/install/tutorial_interfaces/share/tutorial_interfaces/cmake/export_tutorial_interfaces__rosidl_generator_cppExport.cmake
[2.933s] -- Up-to-date: /home/benjamin/Two_Wheel_Robot/install/tutorial_interfaces/share/tutorial_interfaces/cmake/export_tutorial_interfaces__rosidl_typesupport_fastrtps_cppExport.cmake
[2.933s] -- Up-to-date: /home/benjamin/Two_Wheel_Robot/install/tutorial_interfaces/share/tutorial_interfaces/cmake/export_tutorial_interfaces__rosidl_typesupport_fastrtps_cppExport-noconfig.cmake
[2.933s] -- Up-to-date: /home/benjamin/Two_Wheel_Robot/install/tutorial_interfaces/share/tutorial_interfaces/cmake/tutorial_interfaces__rosidl_typesupport_introspection_cppExport.cmake
[2.933s] -- Up-to-date: /home/benjamin/Two_Wheel_Robot/install/tutorial_interfaces/share/tutorial_interfaces/cmake/tutorial_interfaces__rosidl_typesupport_introspection_cppExport-noconfig.cmake
[2.933s] -- Up-to-date: /home/benjamin/Two_Wheel_Robot/install/tutorial_interfaces/share/tutorial_interfaces/cmake/tutorial_interfaces__rosidl_typesupport_cppExport.cmake
[2.933s] -- Up-to-date: /home/benjamin/Two_Wheel_Robot/install/tutorial_interfaces/share/tutorial_interfaces/cmake/tutorial_interfaces__rosidl_typesupport_cppExport-noconfig.cmake
[2.933s] -- Up-to-date: /home/benjamin/Two_Wheel_Robot/install/tutorial_interfaces/share/tutorial_interfaces/cmake/export_tutorial_interfaces__rosidl_generator_pyExport.cmake
[2.933s] -- Up-to-date: /home/benjamin/Two_Wheel_Robot/install/tutorial_interfaces/share/tutorial_interfaces/cmake/export_tutorial_interfaces__rosidl_generator_pyExport-noconfig.cmake
[2.935s] Invoked command in '/home/benjamin/Two_Wheel_Robot/build/tutorial_interfaces' returned '0': CMAKE_PREFIX_PATH=${CMAKE_PREFIX_PATH}:/home/benjamin/Two_Wheel_Robot/install/Two_Wheel_Robot:/opt/ros/humble /usr/bin/cmake --install /home/benjamin/Two_Wheel_Robot/build/tutorial_interfaces
