[6.499s] Invoking command in '/home/benjaminservey/Two_Wheel_Robot/build/Two_Wheel_Robot': PYTHONPATH=/home/benjaminservey/Two_Wheel_Robot/build/Two_Wheel_Robot/prefix_override:/home/benjaminservey/Two_Wheel_Robot/install/Two_Wheel_Robot/lib/python3.10/site-packages:${PYTHONPATH} /usr/bin/python3 setup.py develop --editable --build-directory /home/benjaminservey/Two_Wheel_Robot/build/Two_Wheel_Robot/build --no-deps install_data
[9.193s] running develop
[9.198s] /usr/lib/python3/dist-packages/setuptools/command/easy_install.py:158: EasyInstallDeprecationWarning: easy_install command is deprecated. Use build and pip and other standards-based tools.
[9.199s]   warnings.warn(
[9.210s] /usr/lib/python3/dist-packages/setuptools/command/install.py:34: SetuptoolsDeprecationWarning: setup.py install is deprecated. Use build and pip and other standards-based tools.
[9.211s]   warnings.warn(
[9.931s] /usr/lib/python3/dist-packages/pkg_resources/__init__.py:116: PkgResourcesDeprecationWarning: 1.16.0-unknown is an invalid version and will not be supported in a future release
[9.933s]   warnings.warn(
[9.934s] /usr/lib/python3/dist-packages/pkg_resources/__init__.py:116: PkgResourcesDeprecationWarning: 1.1build1 is an invalid version and will not be supported in a future release
[9.935s]   warnings.warn(
[9.936s] /usr/lib/python3/dist-packages/pkg_resources/__init__.py:116: PkgResourcesDeprecationWarning: 0.1.43ubuntu1 is an invalid version and will not be supported in a future release
[9.937s]   warnings.warn(
[11.284s] running egg_info
[11.286s] writing Two_Wheel_Robot.egg-info/PKG-INFO
[11.287s] writing dependency_links to Two_Wheel_Robot.egg-info/dependency_links.txt
[11.289s] writing entry points to Two_Wheel_Robot.egg-info/entry_points.txt
[11.291s] writing requirements to Two_Wheel_Robot.egg-info/requires.txt
[11.292s] writing top-level names to Two_Wheel_Robot.egg-info/top_level.txt
[11.306s] reading manifest file 'Two_Wheel_Robot.egg-info/SOURCES.txt'
[11.311s] writing manifest file 'Two_Wheel_Robot.egg-info/SOURCES.txt'
[11.322s] running build_ext
[11.324s] Creating /home/benjaminservey/Two_Wheel_Robot/install/Two_Wheel_Robot/lib/python3.10/site-packages/Two-Wheel-Robot.egg-link (link to .)
[11.331s] Installing encoder script to /home/benjaminservey/Two_Wheel_Robot/install/Two_Wheel_Robot/lib/Two_Wheel_Robot
[11.333s] Installing listener script to /home/benjaminservey/Two_Wheel_Robot/install/Two_Wheel_Robot/lib/Two_Wheel_Robot
[11.334s] Installing talker script to /home/benjaminservey/Two_Wheel_Robot/install/Two_Wheel_Robot/lib/Two_Wheel_Robot
[11.337s] 
[11.338s] Installed /home/benjaminservey/Two_Wheel_Robot/build/Two_Wheel_Robot
[11.339s] running install_data
[11.649s] Invoked command in '/home/benjaminservey/Two_Wheel_Robot/build/Two_Wheel_Robot' returned '0': PYTHONPATH=/home/benjaminservey/Two_Wheel_Robot/build/Two_Wheel_Robot/prefix_override:/home/benjaminservey/Two_Wheel_Robot/install/Two_Wheel_Robot/lib/python3.10/site-packages:${PYTHONPATH} /usr/bin/python3 setup.py develop --editable --build-directory /home/benjaminservey/Two_Wheel_Robot/build/Two_Wheel_Robot/build --no-deps install_data
