[0.012s] Invoking command in '/home/benjamin/Two_Wheel_Robot/build/tutorial_interfaces': CMAKE_PREFIX_PATH=${CMAKE_PREFIX_PATH}:/home/benjamin/Two_Wheel_Robot/install/Two_Wheel_Robot:/opt/ros/humble /usr/bin/cmake /home/benjamin/Two_Wheel_Robot/src/tutorial_interfaces -DCMAKE_INSTALL_PREFIX=/home/benjamin/Two_Wheel_Robot/install/tutorial_interfaces
[0.024s] -- Found ament_cmake: 1.3.3 (/opt/ros/humble/share/ament_cmake/cmake)
[0.164s] -- Override CMake install command with custom implementation using symlinks instead of copying resources
[0.172s] -- Found ament_lint_auto: 0.12.5 (/opt/ros/humble/share/ament_lint_auto/cmake)
[0.234s] -- Found rosidl_default_generators: 1.2.0 (/opt/ros/humble/share/rosidl_default_generators/cmake)
[0.236s] -- Using all available rosidl_typesupport_c: rosidl_typesupport_fastrtps_c;rosidl_typesupport_introspection_c
[0.239s] -- Found rosidl_adapter: 3.1.4 (/opt/ros/humble/share/rosidl_adapter/cmake)
[0.269s] -- Using all available rosidl_typesupport_cpp: rosidl_typesupport_fastrtps_cpp;rosidl_typesupport_introspection_cpp
[0.471s] -- Found ament_cmake_ros: 0.10.0 (/opt/ros/humble/share/ament_cmake_ros/cmake)
[0.648s] -- Using all available rosidl_typesupport_c: rosidl_typesupport_fastrtps_c;rosidl_typesupport_introspection_c
[0.881s] -- Using all available rosidl_typesupport_cpp: rosidl_typesupport_fastrtps_cpp;rosidl_typesupport_introspection_cpp
[0.903s] -- Found python_cmake_module: 0.10.0 (/opt/ros/humble/share/python_cmake_module/cmake)
[0.925s] -- Using PYTHON_EXECUTABLE: /usr/bin/python3
[0.925s] -- Using PYTHON_INCLUDE_DIRS: /usr/include/python3.10
[0.925s] -- Using PYTHON_LIBRARIES: /usr/lib/x86_64-linux-gnu/libpython3.10.so
[0.941s] -- Added test 'lint_cmake' to check CMake code style
[0.942s] -- Added test 'xmllint' to check XML markup files
[0.946s] -- Configuring done
[0.978s] -- Generating done
[0.981s] -- Build files have been written to: /home/benjamin/Two_Wheel_Robot/build/tutorial_interfaces
[0.988s] Invoked command in '/home/benjamin/Two_Wheel_Robot/build/tutorial_interfaces' returned '0': CMAKE_PREFIX_PATH=${CMAKE_PREFIX_PATH}:/home/benjamin/Two_Wheel_Robot/install/Two_Wheel_Robot:/opt/ros/humble /usr/bin/cmake /home/benjamin/Two_Wheel_Robot/src/tutorial_interfaces -DCMAKE_INSTALL_PREFIX=/home/benjamin/Two_Wheel_Robot/install/tutorial_interfaces
[0.990s] Invoking command in '/home/benjamin/Two_Wheel_Robot/build/tutorial_interfaces': CMAKE_PREFIX_PATH=${CMAKE_PREFIX_PATH}:/home/benjamin/Two_Wheel_Robot/install/Two_Wheel_Robot:/opt/ros/humble /usr/bin/cmake --build /home/benjamin/Two_Wheel_Robot/build/tutorial_interfaces -- -j12 -l12
[1.023s] [  3%] [34m[1mGenerating C code for ROS interfaces[0m
[1.032s] [  6%] [34m[1mGenerating C++ code for ROS interfaces[0m
[1.040s] [  6%] Built target ament_cmake_python_symlink_tutorial_interfaces
[1.278s] [  6%] Built target tutorial_interfaces__cpp
[1.278s] [  9%] [32mBuilding C object CMakeFiles/tutorial_interfaces__rosidl_generator_c.dir/rosidl_generator_c/tutorial_interfaces/msg/detail/num__functions.c.o[0m
[1.287s] [ 16%] [34m[1mGenerating C++ type support dispatch for ROS interfaces[0m
[1.287s] [ 16%] [34m[1mGenerating C++ introspection for ROS interfaces[0m
[1.289s] [ 19%] [34m[1mGenerating C++ type support for eProsima Fast-RTPS[0m
[1.326s] [ 22%] [32m[1mLinking C shared library libtutorial_interfaces__rosidl_generator_c.so[0m
[1.352s] running egg_info
[1.352s] writing tutorial_interfaces.egg-info/PKG-INFO
[1.352s] writing dependency_links to tutorial_interfaces.egg-info/dependency_links.txt
[1.352s] writing top-level names to tutorial_interfaces.egg-info/top_level.txt
[1.355s] reading manifest file 'tutorial_interfaces.egg-info/SOURCES.txt'
[1.356s] writing manifest file 'tutorial_interfaces.egg-info/SOURCES.txt'
[1.368s] [ 22%] Built target tutorial_interfaces__rosidl_generator_c
[1.382s] [ 25%] [34m[1mGenerating C type support for eProsima Fast-RTPS[0m
[1.383s] [ 32%] [34m[1mGenerating C type support dispatch for ROS interfaces[0m
[1.383s] [ 32%] [34m[1mGenerating C introspection for ROS interfaces[0m
[1.396s] [ 32%] Built target ament_cmake_python_build_tutorial_interfaces_egg
[1.557s] [ 35%] [32mBuilding CXX object CMakeFiles/tutorial_interfaces__rosidl_typesupport_cpp.dir/rosidl_typesupport_cpp/tutorial_interfaces/msg/num__type_support.cpp.o[0m
[1.622s] [ 38%] [32mBuilding CXX object CMakeFiles/tutorial_interfaces__rosidl_typesupport_introspection_cpp.dir/rosidl_typesupport_introspection_cpp/tutorial_interfaces/msg/detail/num__type_support.cpp.o[0m
[1.668s] [ 41%] [32mBuilding CXX object CMakeFiles/tutorial_interfaces__rosidl_typesupport_fastrtps_cpp.dir/rosidl_typesupport_fastrtps_cpp/tutorial_interfaces/msg/detail/dds_fastrtps/num__type_support.cpp.o[0m
[1.721s] [ 45%] [32mBuilding C object CMakeFiles/tutorial_interfaces__rosidl_typesupport_introspection_c.dir/rosidl_typesupport_introspection_c/tutorial_interfaces/msg/detail/num__type_support.c.o[0m
[1.769s] [ 48%] [32m[1mLinking C shared library libtutorial_interfaces__rosidl_typesupport_introspection_c.so[0m
[1.774s] [ 51%] [32mBuilding CXX object CMakeFiles/tutorial_interfaces__rosidl_typesupport_c.dir/rosidl_typesupport_c/tutorial_interfaces/msg/num__type_support.cpp.o[0m
[1.806s] [ 54%] [32mBuilding CXX object CMakeFiles/tutorial_interfaces__rosidl_typesupport_fastrtps_c.dir/rosidl_typesupport_fastrtps_c/tutorial_interfaces/msg/detail/num__type_support_c.cpp.o[0m
[1.812s] [ 54%] Built target tutorial_interfaces__rosidl_typesupport_introspection_c
[1.823s] [ 58%] [32m[1mLinking CXX shared library libtutorial_interfaces__rosidl_typesupport_c.so[0m
[1.890s] [ 58%] Built target tutorial_interfaces__rosidl_typesupport_c
[2.036s] [ 61%] [32m[1mLinking CXX shared library libtutorial_interfaces__rosidl_typesupport_cpp.so[0m
[2.088s] [ 61%] Built target tutorial_interfaces__rosidl_typesupport_cpp
[2.172s] [ 64%] [32m[1mLinking CXX shared library libtutorial_interfaces__rosidl_typesupport_introspection_cpp.so[0m
[2.221s] [ 64%] Built target tutorial_interfaces__rosidl_typesupport_introspection_cpp
[2.228s] [ 67%] [32m[1mLinking CXX shared library libtutorial_interfaces__rosidl_typesupport_fastrtps_cpp.so[0m
[2.239s] [ 70%] [32m[1mLinking CXX shared library libtutorial_interfaces__rosidl_typesupport_fastrtps_c.so[0m
[2.342s] [ 70%] Built target tutorial_interfaces__rosidl_typesupport_fastrtps_c
[2.343s] [ 70%] Built target tutorial_interfaces__rosidl_typesupport_fastrtps_cpp
[2.362s] [ 70%] Built target tutorial_interfaces
[2.382s] [ 74%] [34m[1mGenerating Python code for ROS interfaces[0m
[2.663s] [ 74%] Built target tutorial_interfaces__py
[2.680s] [ 77%] [32mBuilding C object CMakeFiles/tutorial_interfaces__rosidl_generator_py.dir/rosidl_generator_py/tutorial_interfaces/msg/_num_s.c.o[0m
[2.773s] [ 80%] [32m[1mLinking C shared library rosidl_generator_py/tutorial_interfaces/libtutorial_interfaces__rosidl_generator_py.so[0m
[2.809s] [ 80%] Built target tutorial_interfaces__rosidl_generator_py
[2.819s] [35m[1mConsolidate compiler generated dependencies of target tutorial_interfaces__rosidl_typesupport_introspection_c__pyext[0m
[2.819s] [35m[1mConsolidate compiler generated dependencies of target tutorial_interfaces__rosidl_typesupport_fastrtps_c__pyext[0m
[2.819s] [35m[1mConsolidate compiler generated dependencies of target tutorial_interfaces__rosidl_typesupport_c__pyext[0m
[2.832s] [ 87%] [32mBuilding C object CMakeFiles/tutorial_interfaces__rosidl_typesupport_fastrtps_c__pyext.dir/rosidl_generator_py/tutorial_interfaces/_tutorial_interfaces_s.ep.rosidl_typesupport_fastrtps_c.c.o[0m
[2.832s] [ 87%] [32mBuilding C object CMakeFiles/tutorial_interfaces__rosidl_typesupport_introspection_c__pyext.dir/rosidl_generator_py/tutorial_interfaces/_tutorial_interfaces_s.ep.rosidl_typesupport_introspection_c.c.o[0m
[2.832s] [ 90%] [32mBuilding C object CMakeFiles/tutorial_interfaces__rosidl_typesupport_c__pyext.dir/rosidl_generator_py/tutorial_interfaces/_tutorial_interfaces_s.ep.rosidl_typesupport_c.c.o[0m
[2.928s] [ 93%] [32m[1mLinking C shared library rosidl_generator_py/tutorial_interfaces/tutorial_interfaces_s__rosidl_typesupport_introspection_c.cpython-310-x86_64-linux-gnu.so[0m
[2.928s] [ 96%] [32m[1mLinking C shared library rosidl_generator_py/tutorial_interfaces/tutorial_interfaces_s__rosidl_typesupport_c.cpython-310-x86_64-linux-gnu.so[0m
[2.935s] [100%] [32m[1mLinking C shared library rosidl_generator_py/tutorial_interfaces/tutorial_interfaces_s__rosidl_typesupport_fastrtps_c.cpython-310-x86_64-linux-gnu.so[0m
[2.963s] [100%] Built target tutorial_interfaces__rosidl_typesupport_c__pyext
[2.970s] [100%] Built target tutorial_interfaces__rosidl_typesupport_introspection_c__pyext
[2.973s] [100%] Built target tutorial_interfaces__rosidl_typesupport_fastrtps_c__pyext
[2.985s] Invoked command in '/home/benjamin/Two_Wheel_Robot/build/tutorial_interfaces' returned '0': CMAKE_PREFIX_PATH=${CMAKE_PREFIX_PATH}:/home/benjamin/Two_Wheel_Robot/install/Two_Wheel_Robot:/opt/ros/humble /usr/bin/cmake --build /home/benjamin/Two_Wheel_Robot/build/tutorial_interfaces -- -j12 -l12
[3.058s] Invoking command in '/home/benjamin/Two_Wheel_Robot/build/tutorial_interfaces': CMAKE_PREFIX_PATH=${CMAKE_PREFIX_PATH}:/home/benjamin/Two_Wheel_Robot/install/Two_Wheel_Robot:/opt/ros/humble /usr/bin/cmake --install /home/benjamin/Two_Wheel_Robot/build/tutorial_interfaces
[3.065s] -- Install configuration: ""
[3.066s] -- Execute custom install script
[3.066s] -- Up-to-date symlink: /home/benjamin/Two_Wheel_Robot/install/tutorial_interfaces/share/ament_index/resource_index/rosidl_interfaces/tutorial_interfaces
[3.066s] -- Up-to-date symlink: /home/benjamin/Two_Wheel_Robot/install/tutorial_interfaces/include/tutorial_interfaces/tutorial_interfaces/msg/detail/encoder__functions.h
[3.066s] -- Up-to-date symlink: /home/benjamin/Two_Wheel_Robot/install/tutorial_interfaces/include/tutorial_interfaces/tutorial_interfaces/msg/detail/encoder__struct.h
[3.067s] -- Up-to-date symlink: /home/benjamin/Two_Wheel_Robot/install/tutorial_interfaces/include/tutorial_interfaces/tutorial_interfaces/msg/detail/encoder__type_support.h
[3.067s] -- Symlinking: /home/benjamin/Two_Wheel_Robot/install/tutorial_interfaces/include/tutorial_interfaces/tutorial_interfaces/msg/detail/num__functions.h
[3.075s] -- Symlinking: /home/benjamin/Two_Wheel_Robot/install/tutorial_interfaces/include/tutorial_interfaces/tutorial_interfaces/msg/detail/num__struct.h
[3.083s] -- Symlinking: /home/benjamin/Two_Wheel_Robot/install/tutorial_interfaces/include/tutorial_interfaces/tutorial_interfaces/msg/detail/num__type_support.h
[3.092s] -- Up-to-date symlink: /home/benjamin/Two_Wheel_Robot/install/tutorial_interfaces/include/tutorial_interfaces/tutorial_interfaces/msg/encoder.h
[3.092s] -- Symlinking: /home/benjamin/Two_Wheel_Robot/install/tutorial_interfaces/include/tutorial_interfaces/tutorial_interfaces/msg/num.h
[3.101s] -- Up-to-date symlink: /home/benjamin/Two_Wheel_Robot/install/tutorial_interfaces/include/tutorial_interfaces/tutorial_interfaces/msg/rosidl_generator_c__visibility_control.h
[3.101s] -- Up-to-date symlink: /home/benjamin/Two_Wheel_Robot/install/tutorial_interfaces/share/tutorial_interfaces/environment/library_path.sh
[3.101s] -- Up-to-date symlink: /home/benjamin/Two_Wheel_Robot/install/tutorial_interfaces/share/tutorial_interfaces/environment/library_path.dsv
[3.101s] -- Up-to-date symlink: /home/benjamin/Two_Wheel_Robot/install/tutorial_interfaces/include/tutorial_interfaces/tutorial_interfaces/msg/detail/encoder__rosidl_typesupport_fastrtps_c.h
[3.101s] -- Symlinking: /home/benjamin/Two_Wheel_Robot/install/tutorial_interfaces/include/tutorial_interfaces/tutorial_interfaces/msg/detail/num__rosidl_typesupport_fastrtps_c.h
[3.110s] -- Up-to-date symlink: /home/benjamin/Two_Wheel_Robot/install/tutorial_interfaces/include/tutorial_interfaces/tutorial_interfaces/msg/rosidl_typesupport_fastrtps_c__visibility_control.h
[3.110s] -- Up-to-date symlink: /home/benjamin/Two_Wheel_Robot/install/tutorial_interfaces/include/tutorial_interfaces/tutorial_interfaces/msg/detail/encoder__rosidl_typesupport_introspection_c.h
[3.111s] -- Symlinking: /home/benjamin/Two_Wheel_Robot/install/tutorial_interfaces/include/tutorial_interfaces/tutorial_interfaces/msg/detail/num__rosidl_typesupport_introspection_c.h
[3.120s] -- Up-to-date symlink: /home/benjamin/Two_Wheel_Robot/install/tutorial_interfaces/include/tutorial_interfaces/tutorial_interfaces/msg/rosidl_typesupport_introspection_c__visibility_control.h
[3.120s] -- Up-to-date symlink: /home/benjamin/Two_Wheel_Robot/install/tutorial_interfaces/include/tutorial_interfaces/tutorial_interfaces/msg/detail/encoder__builder.hpp
[3.120s] -- Up-to-date symlink: /home/benjamin/Two_Wheel_Robot/install/tutorial_interfaces/include/tutorial_interfaces/tutorial_interfaces/msg/detail/encoder__struct.hpp
[3.120s] -- Up-to-date symlink: /home/benjamin/Two_Wheel_Robot/install/tutorial_interfaces/include/tutorial_interfaces/tutorial_interfaces/msg/detail/encoder__traits.hpp
[3.120s] -- Symlinking: /home/benjamin/Two_Wheel_Robot/install/tutorial_interfaces/include/tutorial_interfaces/tutorial_interfaces/msg/detail/num__builder.hpp
[3.129s] -- Symlinking: /home/benjamin/Two_Wheel_Robot/install/tutorial_interfaces/include/tutorial_interfaces/tutorial_interfaces/msg/detail/num__struct.hpp
[3.137s] -- Symlinking: /home/benjamin/Two_Wheel_Robot/install/tutorial_interfaces/include/tutorial_interfaces/tutorial_interfaces/msg/detail/num__traits.hpp
[3.145s] -- Up-to-date symlink: /home/benjamin/Two_Wheel_Robot/install/tutorial_interfaces/include/tutorial_interfaces/tutorial_interfaces/msg/encoder.hpp
[3.145s] -- Symlinking: /home/benjamin/Two_Wheel_Robot/install/tutorial_interfaces/include/tutorial_interfaces/tutorial_interfaces/msg/num.hpp
[3.154s] -- Up-to-date symlink: /home/benjamin/Two_Wheel_Robot/install/tutorial_interfaces/include/tutorial_interfaces/tutorial_interfaces/msg/detail/encoder__rosidl_typesupport_fastrtps_cpp.hpp
[3.155s] -- Symlinking: /home/benjamin/Two_Wheel_Robot/install/tutorial_interfaces/include/tutorial_interfaces/tutorial_interfaces/msg/detail/num__rosidl_typesupport_fastrtps_cpp.hpp
[3.163s] -- Up-to-date symlink: /home/benjamin/Two_Wheel_Robot/install/tutorial_interfaces/include/tutorial_interfaces/tutorial_interfaces/msg/rosidl_typesupport_fastrtps_cpp__visibility_control.h
[3.163s] -- Up-to-date symlink: /home/benjamin/Two_Wheel_Robot/install/tutorial_interfaces/include/tutorial_interfaces/tutorial_interfaces/msg/detail/encoder__rosidl_typesupport_introspection_cpp.hpp
[3.164s] -- Symlinking: /home/benjamin/Two_Wheel_Robot/install/tutorial_interfaces/include/tutorial_interfaces/tutorial_interfaces/msg/detail/num__rosidl_typesupport_introspection_cpp.hpp
[3.172s] -- Up-to-date symlink: /home/benjamin/Two_Wheel_Robot/install/tutorial_interfaces/share/tutorial_interfaces/environment/pythonpath.sh
[3.172s] -- Up-to-date symlink: /home/benjamin/Two_Wheel_Robot/install/tutorial_interfaces/share/tutorial_interfaces/environment/pythonpath.dsv
[3.172s] -- Up-to-date symlink: /home/benjamin/Two_Wheel_Robot/install/tutorial_interfaces/local/lib/python3.10/dist-packages/tutorial_interfaces-0.0.0-py3.10.egg-info/PKG-INFO
[3.173s] -- Up-to-date symlink: /home/benjamin/Two_Wheel_Robot/install/tutorial_interfaces/local/lib/python3.10/dist-packages/tutorial_interfaces-0.0.0-py3.10.egg-info/SOURCES.txt
[3.173s] -- Up-to-date symlink: /home/benjamin/Two_Wheel_Robot/install/tutorial_interfaces/local/lib/python3.10/dist-packages/tutorial_interfaces-0.0.0-py3.10.egg-info/dependency_links.txt
[3.173s] -- Up-to-date symlink: /home/benjamin/Two_Wheel_Robot/install/tutorial_interfaces/local/lib/python3.10/dist-packages/tutorial_interfaces-0.0.0-py3.10.egg-info/top_level.txt
[3.174s] -- Up-to-date symlink: /home/benjamin/Two_Wheel_Robot/install/tutorial_interfaces/local/lib/python3.10/dist-packages/tutorial_interfaces/__init__.py
[3.174s] -- Up-to-date symlink: /home/benjamin/Two_Wheel_Robot/install/tutorial_interfaces/local/lib/python3.10/dist-packages/tutorial_interfaces/_tutorial_interfaces_s.ep.rosidl_typesupport_c.c
[3.174s] -- Up-to-date symlink: /home/benjamin/Two_Wheel_Robot/install/tutorial_interfaces/local/lib/python3.10/dist-packages/tutorial_interfaces/_tutorial_interfaces_s.ep.rosidl_typesupport_fastrtps_c.c
[3.174s] -- Up-to-date symlink: /home/benjamin/Two_Wheel_Robot/install/tutorial_interfaces/local/lib/python3.10/dist-packages/tutorial_interfaces/_tutorial_interfaces_s.ep.rosidl_typesupport_introspection_c.c
[3.174s] -- Up-to-date symlink: /home/benjamin/Two_Wheel_Robot/install/tutorial_interfaces/local/lib/python3.10/dist-packages/tutorial_interfaces/libtutorial_interfaces__rosidl_generator_py.so
[3.174s] -- Up-to-date symlink: /home/benjamin/Two_Wheel_Robot/install/tutorial_interfaces/local/lib/python3.10/dist-packages/tutorial_interfaces/msg/__init__.py
[3.175s] -- Up-to-date symlink: /home/benjamin/Two_Wheel_Robot/install/tutorial_interfaces/local/lib/python3.10/dist-packages/tutorial_interfaces/msg/_encoder.py
[3.175s] -- Up-to-date symlink: /home/benjamin/Two_Wheel_Robot/install/tutorial_interfaces/local/lib/python3.10/dist-packages/tutorial_interfaces/msg/_encoder_s.c
[3.175s] -- Symlinking: /home/benjamin/Two_Wheel_Robot/install/tutorial_interfaces/local/lib/python3.10/dist-packages/tutorial_interfaces/msg/_num.py
[3.183s] -- Symlinking: /home/benjamin/Two_Wheel_Robot/install/tutorial_interfaces/local/lib/python3.10/dist-packages/tutorial_interfaces/msg/_num_s.c
[3.192s] -- Up-to-date symlink: /home/benjamin/Two_Wheel_Robot/install/tutorial_interfaces/local/lib/python3.10/dist-packages/tutorial_interfaces/tutorial_interfaces_s__rosidl_typesupport_c.cpython-310-x86_64-linux-gnu.so
[3.192s] -- Up-to-date symlink: /home/benjamin/Two_Wheel_Robot/install/tutorial_interfaces/local/lib/python3.10/dist-packages/tutorial_interfaces/tutorial_interfaces_s__rosidl_typesupport_fastrtps_c.cpython-310-x86_64-linux-gnu.so
[3.192s] -- Up-to-date symlink: /home/benjamin/Two_Wheel_Robot/install/tutorial_interfaces/local/lib/python3.10/dist-packages/tutorial_interfaces/tutorial_interfaces_s__rosidl_typesupport_introspection_c.cpython-310-x86_64-linux-gnu.so
[3.193s] -- Up-to-date symlink: /home/benjamin/Two_Wheel_Robot/install/tutorial_interfaces/local/lib/python3.10/dist-packages/tutorial_interfaces/tutorial_interfaces_s__rosidl_typesupport_fastrtps_c.cpython-310-x86_64-linux-gnu.so
[3.193s] -- Up-to-date symlink: /home/benjamin/Two_Wheel_Robot/install/tutorial_interfaces/local/lib/python3.10/dist-packages/tutorial_interfaces/tutorial_interfaces_s__rosidl_typesupport_introspection_c.cpython-310-x86_64-linux-gnu.so
[3.193s] -- Up-to-date symlink: /home/benjamin/Two_Wheel_Robot/install/tutorial_interfaces/local/lib/python3.10/dist-packages/tutorial_interfaces/tutorial_interfaces_s__rosidl_typesupport_c.cpython-310-x86_64-linux-gnu.so
[3.193s] -- Symlinking: /home/benjamin/Two_Wheel_Robot/install/tutorial_interfaces/share/tutorial_interfaces/msg/Num.idl
[3.202s] -- Symlinking: /home/benjamin/Two_Wheel_Robot/install/tutorial_interfaces/share/tutorial_interfaces/msg/Num.msg
[3.209s] -- Up-to-date symlink: /home/benjamin/Two_Wheel_Robot/install/tutorial_interfaces/share/ament_index/resource_index/package_run_dependencies/tutorial_interfaces
[3.210s] -- Up-to-date symlink: /home/benjamin/Two_Wheel_Robot/install/tutorial_interfaces/share/ament_index/resource_index/parent_prefix_path/tutorial_interfaces
[3.210s] -- Up-to-date symlink: /home/benjamin/Two_Wheel_Robot/install/tutorial_interfaces/share/tutorial_interfaces/environment/ament_prefix_path.sh
[3.210s] -- Up-to-date symlink: /home/benjamin/Two_Wheel_Robot/install/tutorial_interfaces/share/tutorial_interfaces/environment/ament_prefix_path.dsv
[3.210s] -- Up-to-date symlink: /home/benjamin/Two_Wheel_Robot/install/tutorial_interfaces/share/tutorial_interfaces/environment/path.sh
[3.210s] -- Up-to-date symlink: /home/benjamin/Two_Wheel_Robot/install/tutorial_interfaces/share/tutorial_interfaces/environment/path.dsv
[3.210s] -- Up-to-date symlink: /home/benjamin/Two_Wheel_Robot/install/tutorial_interfaces/share/tutorial_interfaces/local_setup.bash
[3.210s] -- Up-to-date symlink: /home/benjamin/Two_Wheel_Robot/install/tutorial_interfaces/share/tutorial_interfaces/local_setup.sh
[3.211s] -- Up-to-date symlink: /home/benjamin/Two_Wheel_Robot/install/tutorial_interfaces/share/tutorial_interfaces/local_setup.zsh
[3.211s] -- Up-to-date symlink: /home/benjamin/Two_Wheel_Robot/install/tutorial_interfaces/share/tutorial_interfaces/local_setup.dsv
[3.211s] -- Symlinking: /home/benjamin/Two_Wheel_Robot/install/tutorial_interfaces/share/tutorial_interfaces/package.dsv
[3.221s] -- Up-to-date symlink: /home/benjamin/Two_Wheel_Robot/install/tutorial_interfaces/share/ament_index/resource_index/packages/tutorial_interfaces
[3.221s] -- Up-to-date symlink: /home/benjamin/Two_Wheel_Robot/install/tutorial_interfaces/share/tutorial_interfaces/cmake/rosidl_cmake-extras.cmake
[3.221s] -- Up-to-date symlink: /home/benjamin/Two_Wheel_Robot/install/tutorial_interfaces/share/tutorial_interfaces/cmake/ament_cmake_export_include_directories-extras.cmake
[3.222s] -- Up-to-date symlink: /home/benjamin/Two_Wheel_Robot/install/tutorial_interfaces/share/tutorial_interfaces/cmake/ament_cmake_export_libraries-extras.cmake
[3.222s] -- Up-to-date symlink: /home/benjamin/Two_Wheel_Robot/install/tutorial_interfaces/share/tutorial_interfaces/cmake/ament_cmake_export_targets-extras.cmake
[3.223s] -- Up-to-date symlink: /home/benjamin/Two_Wheel_Robot/install/tutorial_interfaces/share/tutorial_interfaces/cmake/rosidl_cmake_export_typesupport_targets-extras.cmake
[3.223s] -- Up-to-date symlink: /home/benjamin/Two_Wheel_Robot/install/tutorial_interfaces/share/tutorial_interfaces/cmake/ament_cmake_export_dependencies-extras.cmake
[3.223s] -- Up-to-date symlink: /home/benjamin/Two_Wheel_Robot/install/tutorial_interfaces/share/tutorial_interfaces/cmake/rosidl_cmake_export_typesupport_libraries-extras.cmake
[3.224s] -- Up-to-date symlink: /home/benjamin/Two_Wheel_Robot/install/tutorial_interfaces/share/tutorial_interfaces/cmake/tutorial_interfacesConfig.cmake
[3.224s] -- Up-to-date symlink: /home/benjamin/Two_Wheel_Robot/install/tutorial_interfaces/share/tutorial_interfaces/cmake/tutorial_interfacesConfig-version.cmake
[3.224s] -- Up-to-date symlink: /home/benjamin/Two_Wheel_Robot/install/tutorial_interfaces/share/tutorial_interfaces/package.xml
[3.225s] -- Installing: /home/benjamin/Two_Wheel_Robot/install/tutorial_interfaces/lib/libtutorial_interfaces__rosidl_generator_c.so
[3.226s] -- Set runtime path of "/home/benjamin/Two_Wheel_Robot/install/tutorial_interfaces/lib/libtutorial_interfaces__rosidl_generator_c.so" to ""
[3.226s] -- Installing: /home/benjamin/Two_Wheel_Robot/install/tutorial_interfaces/lib/libtutorial_interfaces__rosidl_typesupport_fastrtps_c.so
[3.227s] -- Set runtime path of "/home/benjamin/Two_Wheel_Robot/install/tutorial_interfaces/lib/libtutorial_interfaces__rosidl_typesupport_fastrtps_c.so" to ""
[3.228s] -- Installing: /home/benjamin/Two_Wheel_Robot/install/tutorial_interfaces/lib/libtutorial_interfaces__rosidl_typesupport_introspection_c.so
[3.228s] -- Set runtime path of "/home/benjamin/Two_Wheel_Robot/install/tutorial_interfaces/lib/libtutorial_interfaces__rosidl_typesupport_introspection_c.so" to ""
[3.228s] -- Installing: /home/benjamin/Two_Wheel_Robot/install/tutorial_interfaces/lib/libtutorial_interfaces__rosidl_typesupport_c.so
[3.229s] -- Set runtime path of "/home/benjamin/Two_Wheel_Robot/install/tutorial_interfaces/lib/libtutorial_interfaces__rosidl_typesupport_c.so" to ""
[3.229s] -- Installing: /home/benjamin/Two_Wheel_Robot/install/tutorial_interfaces/lib/libtutorial_interfaces__rosidl_typesupport_fastrtps_cpp.so
[3.230s] -- Set runtime path of "/home/benjamin/Two_Wheel_Robot/install/tutorial_interfaces/lib/libtutorial_interfaces__rosidl_typesupport_fastrtps_cpp.so" to ""
[3.230s] -- Installing: /home/benjamin/Two_Wheel_Robot/install/tutorial_interfaces/lib/libtutorial_interfaces__rosidl_typesupport_introspection_cpp.so
[3.230s] -- Set runtime path of "/home/benjamin/Two_Wheel_Robot/install/tutorial_interfaces/lib/libtutorial_interfaces__rosidl_typesupport_introspection_cpp.so" to ""
[3.230s] -- Installing: /home/benjamin/Two_Wheel_Robot/install/tutorial_interfaces/lib/libtutorial_interfaces__rosidl_typesupport_cpp.so
[3.231s] -- Set runtime path of "/home/benjamin/Two_Wheel_Robot/install/tutorial_interfaces/lib/libtutorial_interfaces__rosidl_typesupport_cpp.so" to ""
[3.266s] Listing '/home/benjamin/Two_Wheel_Robot/install/tutorial_interfaces/local/lib/python3.10/dist-packages/tutorial_interfaces'...
[3.266s] Compiling '/home/benjamin/Two_Wheel_Robot/install/tutorial_interfaces/local/lib/python3.10/dist-packages/tutorial_interfaces/__init__.py'...
[3.266s] Listing '/home/benjamin/Two_Wheel_Robot/install/tutorial_interfaces/local/lib/python3.10/dist-packages/tutorial_interfaces/msg'...
[3.266s] Compiling '/home/benjamin/Two_Wheel_Robot/install/tutorial_interfaces/local/lib/python3.10/dist-packages/tutorial_interfaces/msg/__init__.py'...
[3.266s] Compiling '/home/benjamin/Two_Wheel_Robot/install/tutorial_interfaces/local/lib/python3.10/dist-packages/tutorial_interfaces/msg/_num.py'...
[3.272s] -- Installing: /home/benjamin/Two_Wheel_Robot/install/tutorial_interfaces/lib/libtutorial_interfaces__rosidl_generator_py.so
[3.272s] -- Set runtime path of "/home/benjamin/Two_Wheel_Robot/install/tutorial_interfaces/lib/libtutorial_interfaces__rosidl_generator_py.so" to ""
[3.272s] -- Up-to-date: /home/benjamin/Two_Wheel_Robot/install/tutorial_interfaces/share/tutorial_interfaces/cmake/export_tutorial_interfaces__rosidl_generator_cExport.cmake
[3.272s] -- Up-to-date: /home/benjamin/Two_Wheel_Robot/install/tutorial_interfaces/share/tutorial_interfaces/cmake/export_tutorial_interfaces__rosidl_generator_cExport-noconfig.cmake
[3.273s] -- Up-to-date: /home/benjamin/Two_Wheel_Robot/install/tutorial_interfaces/share/tutorial_interfaces/cmake/export_tutorial_interfaces__rosidl_typesupport_fastrtps_cExport.cmake
[3.273s] -- Up-to-date: /home/benjamin/Two_Wheel_Robot/install/tutorial_interfaces/share/tutorial_interfaces/cmake/export_tutorial_interfaces__rosidl_typesupport_fastrtps_cExport-noconfig.cmake
[3.273s] -- Up-to-date: /home/benjamin/Two_Wheel_Robot/install/tutorial_interfaces/share/tutorial_interfaces/cmake/tutorial_interfaces__rosidl_typesupport_introspection_cExport.cmake
[3.273s] -- Up-to-date: /home/benjamin/Two_Wheel_Robot/install/tutorial_interfaces/share/tutorial_interfaces/cmake/tutorial_interfaces__rosidl_typesupport_introspection_cExport-noconfig.cmake
[3.273s] -- Up-to-date: /home/benjamin/Two_Wheel_Robot/install/tutorial_interfaces/share/tutorial_interfaces/cmake/tutorial_interfaces__rosidl_typesupport_cExport.cmake
[3.273s] -- Up-to-date: /home/benjamin/Two_Wheel_Robot/install/tutorial_interfaces/share/tutorial_interfaces/cmake/tutorial_interfaces__rosidl_typesupport_cExport-noconfig.cmake
[3.273s] -- Up-to-date: /home/benjamin/Two_Wheel_Robot/install/tutorial_interfaces/share/tutorial_interfaces/cmake/export_tutorial_interfaces__rosidl_generator_cppExport.cmake
[3.273s] -- Up-to-date: /home/benjamin/Two_Wheel_Robot/install/tutorial_interfaces/share/tutorial_interfaces/cmake/export_tutorial_interfaces__rosidl_typesupport_fastrtps_cppExport.cmake
[3.273s] -- Up-to-date: /home/benjamin/Two_Wheel_Robot/install/tutorial_interfaces/share/tutorial_interfaces/cmake/export_tutorial_interfaces__rosidl_typesupport_fastrtps_cppExport-noconfig.cmake
[3.273s] -- Up-to-date: /home/benjamin/Two_Wheel_Robot/install/tutorial_interfaces/share/tutorial_interfaces/cmake/tutorial_interfaces__rosidl_typesupport_introspection_cppExport.cmake
[3.273s] -- Up-to-date: /home/benjamin/Two_Wheel_Robot/install/tutorial_interfaces/share/tutorial_interfaces/cmake/tutorial_interfaces__rosidl_typesupport_introspection_cppExport-noconfig.cmake
[3.273s] -- Up-to-date: /home/benjamin/Two_Wheel_Robot/install/tutorial_interfaces/share/tutorial_interfaces/cmake/tutorial_interfaces__rosidl_typesupport_cppExport.cmake
[3.273s] -- Up-to-date: /home/benjamin/Two_Wheel_Robot/install/tutorial_interfaces/share/tutorial_interfaces/cmake/tutorial_interfaces__rosidl_typesupport_cppExport-noconfig.cmake
[3.274s] -- Up-to-date: /home/benjamin/Two_Wheel_Robot/install/tutorial_interfaces/share/tutorial_interfaces/cmake/export_tutorial_interfaces__rosidl_generator_pyExport.cmake
[3.274s] -- Up-to-date: /home/benjamin/Two_Wheel_Robot/install/tutorial_interfaces/share/tutorial_interfaces/cmake/export_tutorial_interfaces__rosidl_generator_pyExport-noconfig.cmake
[3.275s] Invoked command in '/home/benjamin/Two_Wheel_Robot/build/tutorial_interfaces' returned '0': CMAKE_PREFIX_PATH=${CMAKE_PREFIX_PATH}:/home/benjamin/Two_Wheel_Robot/install/Two_Wheel_Robot:/opt/ros/humble /usr/bin/cmake --install /home/benjamin/Two_Wheel_Robot/build/tutorial_interfaces
