[0.647s] Invoking command in '/home/benjamin/Two_Wheel_Robot/build/Two_Wheel_Robot': PYTHONPATH=/home/benjamin/Two_Wheel_Robot/build/Two_Wheel_Robot/prefix_override:/home/benjamin/Two_Wheel_Robot/install/Two_Wheel_Robot/lib/python3.10/site-packages:${PYTHONPATH} /usr/bin/python3 setup.py develop --editable --build-directory /home/benjamin/Two_Wheel_Robot/build/Two_Wheel_Robot/build --no-deps install_data
[0.905s] running develop
[1.075s] running egg_info
[1.075s] writing Two_Wheel_Robot.egg-info/PKG-INFO
[1.075s] writing dependency_links to Two_Wheel_Robot.egg-info/dependency_links.txt
[1.075s] writing entry points to Two_Wheel_Robot.egg-info/entry_points.txt
[1.076s] writing requirements to Two_Wheel_Robot.egg-info/requires.txt
[1.076s] writing top-level names to Two_Wheel_Robot.egg-info/top_level.txt
[1.077s] reading manifest file 'Two_Wheel_Robot.egg-info/SOURCES.txt'
[1.078s] writing manifest file 'Two_Wheel_Robot.egg-info/SOURCES.txt'
[1.079s] running build_ext
[1.079s] Creating /home/benjamin/Two_Wheel_Robot/install/Two_Wheel_Robot/lib/python3.10/site-packages/Two-Wheel-Robot.egg-link (link to .)
[1.081s] Installing encoder_counter script to /home/benjamin/Two_Wheel_Robot/install/Two_Wheel_Robot/lib/Two_Wheel_Robot
[1.081s] Installing encoder_reader script to /home/benjamin/Two_Wheel_Robot/install/Two_Wheel_Robot/lib/Two_Wheel_Robot
[1.081s] Installing listener script to /home/benjamin/Two_Wheel_Robot/install/Two_Wheel_Robot/lib/Two_Wheel_Robot
[1.081s] Installing talker script to /home/benjamin/Two_Wheel_Robot/install/Two_Wheel_Robot/lib/Two_Wheel_Robot
[1.081s] 
[1.081s] Installed /home/benjamin/Two_Wheel_Robot/build/Two_Wheel_Robot
[1.081s] running install_data
[1.107s] Invoked command in '/home/benjamin/Two_Wheel_Robot/build/Two_Wheel_Robot' returned '0': PYTHONPATH=/home/benjamin/Two_Wheel_Robot/build/Two_Wheel_Robot/prefix_override:/home/benjamin/Two_Wheel_Robot/install/Two_Wheel_Robot/lib/python3.10/site-packages:${PYTHONPATH} /usr/bin/python3 setup.py develop --editable --build-directory /home/benjamin/Two_Wheel_Robot/build/Two_Wheel_Robot/build --no-deps install_data
