[0.782s] Invoking command in '/home/benjamin/Two_Wheel_Robot/build/Two_Wheel_Robot': PYTHONPATH=/home/benjamin/Two_Wheel_Robot/build/Two_Wheel_Robot/prefix_override:/home/benjamin/Two_Wheel_Robot/install/Two_Wheel_Robot/lib/python3.10/site-packages:${PYTHONPATH} /usr/bin/python3 setup.py develop --editable --build-directory /home/benjamin/Two_Wheel_Robot/build/Two_Wheel_Robot/build --no-deps install_data
[1.219s] running develop
[1.455s] running egg_info
[1.455s] writing Two_Wheel_Robot.egg-info/PKG-INFO
[1.456s] writing dependency_links to Two_Wheel_Robot.egg-info/dependency_links.txt
[1.456s] writing entry points to Two_Wheel_Robot.egg-info/entry_points.txt
[1.457s] writing requirements to Two_Wheel_Robot.egg-info/requires.txt
[1.457s] writing top-level names to Two_Wheel_Robot.egg-info/top_level.txt
[1.459s] reading manifest file 'Two_Wheel_Robot.egg-info/SOURCES.txt'
[1.460s] writing manifest file 'Two_Wheel_Robot.egg-info/SOURCES.txt'
[1.462s] running build_ext
[1.463s] Creating /home/benjamin/Two_Wheel_Robot/install/Two_Wheel_Robot/lib/python3.10/site-packages/Two-Wheel-Robot.egg-link (link to .)
[1.464s] Installing encoder_counter script to /home/benjamin/Two_Wheel_Robot/install/Two_Wheel_Robot/lib/Two_Wheel_Robot
[1.464s] Installing encoder_reader script to /home/benjamin/Two_Wheel_Robot/install/Two_Wheel_Robot/lib/Two_Wheel_Robot
[1.464s] Installing listener script to /home/benjamin/Two_Wheel_Robot/install/Two_Wheel_Robot/lib/Two_Wheel_Robot
[1.464s] Installing talker script to /home/benjamin/Two_Wheel_Robot/install/Two_Wheel_Robot/lib/Two_Wheel_Robot
[1.464s] 
[1.465s] Installed /home/benjamin/Two_Wheel_Robot/build/Two_Wheel_Robot
[1.465s] running install_data
[1.508s] Invoked command in '/home/benjamin/Two_Wheel_Robot/build/Two_Wheel_Robot' returned '0': PYTHONPATH=/home/benjamin/Two_Wheel_Robot/build/Two_Wheel_Robot/prefix_override:/home/benjamin/Two_Wheel_Robot/install/Two_Wheel_Robot/lib/python3.10/site-packages:${PYTHONPATH} /usr/bin/python3 setup.py develop --editable --build-directory /home/benjamin/Two_Wheel_Robot/build/Two_Wheel_Robot/build --no-deps install_data
