[0.694s] Invoking command in '/home/benjamin/Two_Wheel_Robot/build/Two_Wheel_Robot': PYTHONPATH=/home/benjamin/Two_Wheel_Robot/build/Two_Wheel_Robot/prefix_override:/home/benjamin/Two_Wheel_Robot/install/Two_Wheel_Robot/lib/python3.10/site-packages:${PYTHONPATH} /usr/bin/python3 setup.py develop --uninstall --editable --build-directory /home/benjamin/Two_Wheel_Robot/build/Two_Wheel_Robot/build
[0.995s] running develop
[1.224s] Invoked command in '/home/benjamin/Two_Wheel_Robot/build/Two_Wheel_Robot' returned '0': PYTHONPATH=/home/benjamin/Two_Wheel_Robot/build/Two_Wheel_Robot/prefix_override:/home/benjamin/Two_Wheel_Robot/install/Two_Wheel_Robot/lib/python3.10/site-packages:${PYTHONPATH} /usr/bin/python3 setup.py develop --uninstall --editable --build-directory /home/benjamin/Two_Wheel_Robot/build/Two_Wheel_Robot/build
[1.226s] Invoking command in '/home/benjamin/Two_Wheel_Robot/src/Two_Wheel_Robot': PYTHONPATH=/home/benjamin/Two_Wheel_Robot/build/Two_Wheel_Robot/prefix_override:/home/benjamin/Two_Wheel_Robot/install/Two_Wheel_Robot/lib/python3.10/site-packages:${PYTHONPATH} /usr/bin/python3 setup.py egg_info --egg-base ../../build/Two_Wheel_Robot build --build-base /home/benjamin/Two_Wheel_Robot/build/Two_Wheel_Robot/build install --record /home/benjamin/Two_Wheel_Robot/build/Two_Wheel_Robot/install.log --single-version-externally-managed
[1.479s] running egg_info
[1.479s] writing ../../build/Two_Wheel_Robot/Two_Wheel_Robot.egg-info/PKG-INFO
[1.479s] writing dependency_links to ../../build/Two_Wheel_Robot/Two_Wheel_Robot.egg-info/dependency_links.txt
[1.479s] writing entry points to ../../build/Two_Wheel_Robot/Two_Wheel_Robot.egg-info/entry_points.txt
[1.480s] writing requirements to ../../build/Two_Wheel_Robot/Two_Wheel_Robot.egg-info/requires.txt
[1.480s] writing top-level names to ../../build/Two_Wheel_Robot/Two_Wheel_Robot.egg-info/top_level.txt
[1.481s] reading manifest file '../../build/Two_Wheel_Robot/Two_Wheel_Robot.egg-info/SOURCES.txt'
[1.482s] writing manifest file '../../build/Two_Wheel_Robot/Two_Wheel_Robot.egg-info/SOURCES.txt'
[1.482s] running build
[1.482s] running build_py
[1.483s] running install
[1.483s] running install_lib
[1.484s] running install_data
[1.485s] running install_egg_info
[1.486s] removing '/home/benjamin/Two_Wheel_Robot/install/Two_Wheel_Robot/lib/python3.10/site-packages/Two_Wheel_Robot-0.0.0-py3.10.egg-info' (and everything under it)
[1.486s] Copying ../../build/Two_Wheel_Robot/Two_Wheel_Robot.egg-info to /home/benjamin/Two_Wheel_Robot/install/Two_Wheel_Robot/lib/python3.10/site-packages/Two_Wheel_Robot-0.0.0-py3.10.egg-info
[1.487s] running install_scripts
[1.506s] Installing encoder_counter script to /home/benjamin/Two_Wheel_Robot/install/Two_Wheel_Robot/lib/Two_Wheel_Robot
[1.506s] Installing encoder_reader script to /home/benjamin/Two_Wheel_Robot/install/Two_Wheel_Robot/lib/Two_Wheel_Robot
[1.506s] Installing listener script to /home/benjamin/Two_Wheel_Robot/install/Two_Wheel_Robot/lib/Two_Wheel_Robot
[1.506s] Installing talker script to /home/benjamin/Two_Wheel_Robot/install/Two_Wheel_Robot/lib/Two_Wheel_Robot
[1.507s] writing list of installed files to '/home/benjamin/Two_Wheel_Robot/build/Two_Wheel_Robot/install.log'
[1.532s] Invoked command in '/home/benjamin/Two_Wheel_Robot/src/Two_Wheel_Robot' returned '0': PYTHONPATH=/home/benjamin/Two_Wheel_Robot/build/Two_Wheel_Robot/prefix_override:/home/benjamin/Two_Wheel_Robot/install/Two_Wheel_Robot/lib/python3.10/site-packages:${PYTHONPATH} /usr/bin/python3 setup.py egg_info --egg-base ../../build/Two_Wheel_Robot build --build-base /home/benjamin/Two_Wheel_Robot/build/Two_Wheel_Robot/build install --record /home/benjamin/Two_Wheel_Robot/build/Two_Wheel_Robot/install.log --single-version-externally-managed
