[0.102s] Invoking command in '/home/benjaminservey/Two_Wheel_Robot/build/tutorial_interfaces': CMAKE_PREFIX_PATH=${CMAKE_PREFIX_PATH}:/home/benjaminservey/Two_Wheel_Robot/install/Two_Wheel_Robot:/opt/ros/humble /usr/bin/cmake --build /home/benjaminservey/Two_Wheel_Robot/build/tutorial_interfaces -- -j4 -l4
[0.414s] [  3%] Built target tutorial_interfaces__cpp
[0.424s] [ 12%] Built target tutorial_interfaces__rosidl_generator_c
[0.466s] [ 12%] Built target ament_cmake_python_symlink_tutorial_interfaces
[0.543s] [ 32%] Built target tutorial_interfaces__rosidl_typesupport_introspection_cpp
[0.545s] [ 32%] Built target tutorial_interfaces__rosidl_typesupport_fastrtps_cpp
[0.560s] [ 41%] Built target tutorial_interfaces__rosidl_typesupport_cpp
[0.606s] [ 51%] Built target tutorial_interfaces__rosidl_typesupport_fastrtps_c
[0.681s] [ 61%] Built target tutorial_interfaces__rosidl_typesupport_introspection_c
[0.683s] [ 70%] Built target tutorial_interfaces__rosidl_typesupport_c
[0.802s] [ 70%] Built target tutorial_interfaces
[0.922s] [ 74%] Built target tutorial_interfaces__py
[1.053s] [ 80%] Built target tutorial_interfaces__rosidl_generator_py
[1.189s] [ 90%] Built target tutorial_interfaces__rosidl_typesupport_fastrtps_c__pyext
[1.191s] [ 93%] Built target tutorial_interfaces__rosidl_typesupport_introspection_c__pyext
[1.193s] [100%] Built target tutorial_interfaces__rosidl_typesupport_c__pyext
[3.143s] running egg_info
[3.149s] writing tutorial_interfaces.egg-info/PKG-INFO
[3.150s] writing dependency_links to tutorial_interfaces.egg-info/dependency_links.txt
[3.152s] writing top-level names to tutorial_interfaces.egg-info/top_level.txt
[3.172s] reading manifest file 'tutorial_interfaces.egg-info/SOURCES.txt'
[3.177s] writing manifest file 'tutorial_interfaces.egg-info/SOURCES.txt'
[3.432s] [100%] Built target ament_cmake_python_build_tutorial_interfaces_egg
[3.520s] Invoked command in '/home/benjaminservey/Two_Wheel_Robot/build/tutorial_interfaces' returned '0': CMAKE_PREFIX_PATH=${CMAKE_PREFIX_PATH}:/home/benjaminservey/Two_Wheel_Robot/install/Two_Wheel_Robot:/opt/ros/humble /usr/bin/cmake --build /home/benjaminservey/Two_Wheel_Robot/build/tutorial_interfaces -- -j4 -l4
[3.910s] Invoking command in '/home/benjaminservey/Two_Wheel_Robot/build/tutorial_interfaces': CMAKE_PREFIX_PATH=${CMAKE_PREFIX_PATH}:/home/benjaminservey/Two_Wheel_Robot/install/Two_Wheel_Robot:/opt/ros/humble /usr/bin/cmake --install /home/benjaminservey/Two_Wheel_Robot/build/tutorial_interfaces
[3.956s] -- Install configuration: ""
[3.960s] -- Execute custom install script
[3.962s] -- Up-to-date symlink: /home/benjaminservey/Two_Wheel_Robot/install/tutorial_interfaces/share/ament_index/resource_index/rosidl_interfaces/tutorial_interfaces
[3.966s] -- Up-to-date symlink: /home/benjaminservey/Two_Wheel_Robot/install/tutorial_interfaces/include/tutorial_interfaces/tutorial_interfaces/msg/detail/num__functions.h
[3.967s] -- Up-to-date symlink: /home/benjaminservey/Two_Wheel_Robot/install/tutorial_interfaces/include/tutorial_interfaces/tutorial_interfaces/msg/detail/num__struct.h
[3.969s] -- Up-to-date symlink: /home/benjaminservey/Two_Wheel_Robot/install/tutorial_interfaces/include/tutorial_interfaces/tutorial_interfaces/msg/detail/num__type_support.h
[3.970s] -- Up-to-date symlink: /home/benjaminservey/Two_Wheel_Robot/install/tutorial_interfaces/include/tutorial_interfaces/tutorial_interfaces/msg/num.h
[3.972s] -- Up-to-date symlink: /home/benjaminservey/Two_Wheel_Robot/install/tutorial_interfaces/include/tutorial_interfaces/tutorial_interfaces/msg/rosidl_generator_c__visibility_control.h
[3.973s] -- Up-to-date symlink: /home/benjaminservey/Two_Wheel_Robot/install/tutorial_interfaces/share/tutorial_interfaces/environment/library_path.sh
[3.974s] -- Up-to-date symlink: /home/benjaminservey/Two_Wheel_Robot/install/tutorial_interfaces/share/tutorial_interfaces/environment/library_path.dsv
[3.976s] -- Up-to-date symlink: /home/benjaminservey/Two_Wheel_Robot/install/tutorial_interfaces/include/tutorial_interfaces/tutorial_interfaces/msg/detail/num__rosidl_typesupport_fastrtps_c.h
[3.977s] -- Up-to-date symlink: /home/benjaminservey/Two_Wheel_Robot/install/tutorial_interfaces/include/tutorial_interfaces/tutorial_interfaces/msg/rosidl_typesupport_fastrtps_c__visibility_control.h
[3.979s] -- Up-to-date symlink: /home/benjaminservey/Two_Wheel_Robot/install/tutorial_interfaces/include/tutorial_interfaces/tutorial_interfaces/msg/detail/num__rosidl_typesupport_introspection_c.h
[3.981s] -- Up-to-date symlink: /home/benjaminservey/Two_Wheel_Robot/install/tutorial_interfaces/include/tutorial_interfaces/tutorial_interfaces/msg/rosidl_typesupport_introspection_c__visibility_control.h
[3.983s] -- Up-to-date symlink: /home/benjaminservey/Two_Wheel_Robot/install/tutorial_interfaces/include/tutorial_interfaces/tutorial_interfaces/msg/detail/num__builder.hpp
[3.985s] -- Up-to-date symlink: /home/benjaminservey/Two_Wheel_Robot/install/tutorial_interfaces/include/tutorial_interfaces/tutorial_interfaces/msg/detail/num__struct.hpp
[3.986s] -- Up-to-date symlink: /home/benjaminservey/Two_Wheel_Robot/install/tutorial_interfaces/include/tutorial_interfaces/tutorial_interfaces/msg/detail/num__traits.hpp
[3.988s] -- Up-to-date symlink: /home/benjaminservey/Two_Wheel_Robot/install/tutorial_interfaces/include/tutorial_interfaces/tutorial_interfaces/msg/num.hpp
[3.989s] -- Up-to-date symlink: /home/benjaminservey/Two_Wheel_Robot/install/tutorial_interfaces/include/tutorial_interfaces/tutorial_interfaces/msg/detail/num__rosidl_typesupport_fastrtps_cpp.hpp
[3.991s] -- Up-to-date symlink: /home/benjaminservey/Two_Wheel_Robot/install/tutorial_interfaces/include/tutorial_interfaces/tutorial_interfaces/msg/rosidl_typesupport_fastrtps_cpp__visibility_control.h
[3.993s] -- Up-to-date symlink: /home/benjaminservey/Two_Wheel_Robot/install/tutorial_interfaces/include/tutorial_interfaces/tutorial_interfaces/msg/detail/num__rosidl_typesupport_introspection_cpp.hpp
[3.994s] -- Up-to-date symlink: /home/benjaminservey/Two_Wheel_Robot/install/tutorial_interfaces/share/tutorial_interfaces/environment/pythonpath.sh
[3.996s] -- Up-to-date symlink: /home/benjaminservey/Two_Wheel_Robot/install/tutorial_interfaces/share/tutorial_interfaces/environment/pythonpath.dsv
[3.998s] -- Up-to-date symlink: /home/benjaminservey/Two_Wheel_Robot/install/tutorial_interfaces/local/lib/python3.10/dist-packages/tutorial_interfaces-0.0.0-py3.10.egg-info/PKG-INFO
[4.000s] -- Up-to-date symlink: /home/benjaminservey/Two_Wheel_Robot/install/tutorial_interfaces/local/lib/python3.10/dist-packages/tutorial_interfaces-0.0.0-py3.10.egg-info/SOURCES.txt
[4.001s] -- Up-to-date symlink: /home/benjaminservey/Two_Wheel_Robot/install/tutorial_interfaces/local/lib/python3.10/dist-packages/tutorial_interfaces-0.0.0-py3.10.egg-info/dependency_links.txt
[4.002s] -- Up-to-date symlink: /home/benjaminservey/Two_Wheel_Robot/install/tutorial_interfaces/local/lib/python3.10/dist-packages/tutorial_interfaces-0.0.0-py3.10.egg-info/top_level.txt
[4.005s] -- Up-to-date symlink: /home/benjaminservey/Two_Wheel_Robot/install/tutorial_interfaces/local/lib/python3.10/dist-packages/tutorial_interfaces/__init__.py
[4.006s] -- Up-to-date symlink: /home/benjaminservey/Two_Wheel_Robot/install/tutorial_interfaces/local/lib/python3.10/dist-packages/tutorial_interfaces/_tutorial_interfaces_s.ep.rosidl_typesupport_c.c
[4.008s] -- Up-to-date symlink: /home/benjaminservey/Two_Wheel_Robot/install/tutorial_interfaces/local/lib/python3.10/dist-packages/tutorial_interfaces/_tutorial_interfaces_s.ep.rosidl_typesupport_fastrtps_c.c
[4.009s] -- Up-to-date symlink: /home/benjaminservey/Two_Wheel_Robot/install/tutorial_interfaces/local/lib/python3.10/dist-packages/tutorial_interfaces/_tutorial_interfaces_s.ep.rosidl_typesupport_introspection_c.c
[4.011s] -- Up-to-date symlink: /home/benjaminservey/Two_Wheel_Robot/install/tutorial_interfaces/local/lib/python3.10/dist-packages/tutorial_interfaces/libtutorial_interfaces__rosidl_generator_py.so
[4.013s] -- Up-to-date symlink: /home/benjaminservey/Two_Wheel_Robot/install/tutorial_interfaces/local/lib/python3.10/dist-packages/tutorial_interfaces/msg/__init__.py
[4.014s] -- Up-to-date symlink: /home/benjaminservey/Two_Wheel_Robot/install/tutorial_interfaces/local/lib/python3.10/dist-packages/tutorial_interfaces/msg/_num.py
[4.015s] -- Up-to-date symlink: /home/benjaminservey/Two_Wheel_Robot/install/tutorial_interfaces/local/lib/python3.10/dist-packages/tutorial_interfaces/msg/_num_s.c
[4.017s] -- Up-to-date symlink: /home/benjaminservey/Two_Wheel_Robot/install/tutorial_interfaces/local/lib/python3.10/dist-packages/tutorial_interfaces/tutorial_interfaces_s__rosidl_typesupport_c.cpython-310-aarch64-linux-gnu.so
[4.018s] -- Up-to-date symlink: /home/benjaminservey/Two_Wheel_Robot/install/tutorial_interfaces/local/lib/python3.10/dist-packages/tutorial_interfaces/tutorial_interfaces_s__rosidl_typesupport_fastrtps_c.cpython-310-aarch64-linux-gnu.so
[4.020s] -- Up-to-date symlink: /home/benjaminservey/Two_Wheel_Robot/install/tutorial_interfaces/local/lib/python3.10/dist-packages/tutorial_interfaces/tutorial_interfaces_s__rosidl_typesupport_introspection_c.cpython-310-aarch64-linux-gnu.so
[4.021s] -- Up-to-date symlink: /home/benjaminservey/Two_Wheel_Robot/install/tutorial_interfaces/local/lib/python3.10/dist-packages/tutorial_interfaces/tutorial_interfaces_s__rosidl_typesupport_fastrtps_c.cpython-310-aarch64-linux-gnu.so
[4.023s] -- Up-to-date symlink: /home/benjaminservey/Two_Wheel_Robot/install/tutorial_interfaces/local/lib/python3.10/dist-packages/tutorial_interfaces/tutorial_interfaces_s__rosidl_typesupport_introspection_c.cpython-310-aarch64-linux-gnu.so
[4.024s] -- Up-to-date symlink: /home/benjaminservey/Two_Wheel_Robot/install/tutorial_interfaces/local/lib/python3.10/dist-packages/tutorial_interfaces/tutorial_interfaces_s__rosidl_typesupport_c.cpython-310-aarch64-linux-gnu.so
[4.026s] -- Up-to-date symlink: /home/benjaminservey/Two_Wheel_Robot/install/tutorial_interfaces/share/tutorial_interfaces/msg/Num.idl
[4.027s] -- Up-to-date symlink: /home/benjaminservey/Two_Wheel_Robot/install/tutorial_interfaces/share/tutorial_interfaces/msg/Num.msg
[4.029s] -- Up-to-date symlink: /home/benjaminservey/Two_Wheel_Robot/install/tutorial_interfaces/share/ament_index/resource_index/package_run_dependencies/tutorial_interfaces
[4.030s] -- Up-to-date symlink: /home/benjaminservey/Two_Wheel_Robot/install/tutorial_interfaces/share/ament_index/resource_index/parent_prefix_path/tutorial_interfaces
[4.033s] -- Up-to-date symlink: /home/benjaminservey/Two_Wheel_Robot/install/tutorial_interfaces/share/tutorial_interfaces/environment/ament_prefix_path.sh
[4.034s] -- Up-to-date symlink: /home/benjaminservey/Two_Wheel_Robot/install/tutorial_interfaces/share/tutorial_interfaces/environment/ament_prefix_path.dsv
[4.036s] -- Up-to-date symlink: /home/benjaminservey/Two_Wheel_Robot/install/tutorial_interfaces/share/tutorial_interfaces/environment/path.sh
[4.037s] -- Up-to-date symlink: /home/benjaminservey/Two_Wheel_Robot/install/tutorial_interfaces/share/tutorial_interfaces/environment/path.dsv
[4.038s] -- Up-to-date symlink: /home/benjaminservey/Two_Wheel_Robot/install/tutorial_interfaces/share/tutorial_interfaces/local_setup.bash
[4.040s] -- Up-to-date symlink: /home/benjaminservey/Two_Wheel_Robot/install/tutorial_interfaces/share/tutorial_interfaces/local_setup.sh
[4.041s] -- Up-to-date symlink: /home/benjaminservey/Two_Wheel_Robot/install/tutorial_interfaces/share/tutorial_interfaces/local_setup.zsh
[4.042s] -- Up-to-date symlink: /home/benjaminservey/Two_Wheel_Robot/install/tutorial_interfaces/share/tutorial_interfaces/local_setup.dsv
[4.043s] -- Symlinking: /home/benjaminservey/Two_Wheel_Robot/install/tutorial_interfaces/share/tutorial_interfaces/package.dsv
[4.090s] -- Up-to-date symlink: /home/benjaminservey/Two_Wheel_Robot/install/tutorial_interfaces/share/ament_index/resource_index/packages/tutorial_interfaces
[4.092s] -- Up-to-date symlink: /home/benjaminservey/Two_Wheel_Robot/install/tutorial_interfaces/share/tutorial_interfaces/cmake/rosidl_cmake-extras.cmake
[4.093s] -- Up-to-date symlink: /home/benjaminservey/Two_Wheel_Robot/install/tutorial_interfaces/share/tutorial_interfaces/cmake/ament_cmake_export_include_directories-extras.cmake
[4.095s] -- Up-to-date symlink: /home/benjaminservey/Two_Wheel_Robot/install/tutorial_interfaces/share/tutorial_interfaces/cmake/ament_cmake_export_libraries-extras.cmake
[4.097s] -- Up-to-date symlink: /home/benjaminservey/Two_Wheel_Robot/install/tutorial_interfaces/share/tutorial_interfaces/cmake/ament_cmake_export_targets-extras.cmake
[4.099s] -- Up-to-date symlink: /home/benjaminservey/Two_Wheel_Robot/install/tutorial_interfaces/share/tutorial_interfaces/cmake/rosidl_cmake_export_typesupport_targets-extras.cmake
[4.100s] -- Up-to-date symlink: /home/benjaminservey/Two_Wheel_Robot/install/tutorial_interfaces/share/tutorial_interfaces/cmake/ament_cmake_export_dependencies-extras.cmake
[4.102s] -- Up-to-date symlink: /home/benjaminservey/Two_Wheel_Robot/install/tutorial_interfaces/share/tutorial_interfaces/cmake/rosidl_cmake_export_typesupport_libraries-extras.cmake
[4.103s] -- Up-to-date symlink: /home/benjaminservey/Two_Wheel_Robot/install/tutorial_interfaces/share/tutorial_interfaces/cmake/tutorial_interfacesConfig.cmake
[4.105s] -- Up-to-date symlink: /home/benjaminservey/Two_Wheel_Robot/install/tutorial_interfaces/share/tutorial_interfaces/cmake/tutorial_interfacesConfig-version.cmake
[4.106s] -- Up-to-date symlink: /home/benjaminservey/Two_Wheel_Robot/install/tutorial_interfaces/share/tutorial_interfaces/package.xml
[4.108s] -- Up-to-date: /home/benjaminservey/Two_Wheel_Robot/install/tutorial_interfaces/lib/libtutorial_interfaces__rosidl_generator_c.so
[4.109s] -- Up-to-date: /home/benjaminservey/Two_Wheel_Robot/install/tutorial_interfaces/lib/libtutorial_interfaces__rosidl_typesupport_fastrtps_c.so
[4.111s] -- Up-to-date: /home/benjaminservey/Two_Wheel_Robot/install/tutorial_interfaces/lib/libtutorial_interfaces__rosidl_typesupport_introspection_c.so
[4.112s] -- Up-to-date: /home/benjaminservey/Two_Wheel_Robot/install/tutorial_interfaces/lib/libtutorial_interfaces__rosidl_typesupport_c.so
[4.114s] -- Up-to-date: /home/benjaminservey/Two_Wheel_Robot/install/tutorial_interfaces/lib/libtutorial_interfaces__rosidl_typesupport_fastrtps_cpp.so
[4.116s] -- Up-to-date: /home/benjaminservey/Two_Wheel_Robot/install/tutorial_interfaces/lib/libtutorial_interfaces__rosidl_typesupport_introspection_cpp.so
[4.117s] -- Up-to-date: /home/benjaminservey/Two_Wheel_Robot/install/tutorial_interfaces/lib/libtutorial_interfaces__rosidl_typesupport_cpp.so
[4.370s] Listing '/home/benjaminservey/Two_Wheel_Robot/install/tutorial_interfaces/local/lib/python3.10/dist-packages/tutorial_interfaces'...
[4.371s] Listing '/home/benjaminservey/Two_Wheel_Robot/install/tutorial_interfaces/local/lib/python3.10/dist-packages/tutorial_interfaces/msg'...
[4.421s] -- Up-to-date: /home/benjaminservey/Two_Wheel_Robot/install/tutorial_interfaces/lib/libtutorial_interfaces__rosidl_generator_py.so
[4.423s] -- Up-to-date: /home/benjaminservey/Two_Wheel_Robot/install/tutorial_interfaces/share/tutorial_interfaces/cmake/export_tutorial_interfaces__rosidl_generator_cExport.cmake
[4.425s] -- Up-to-date: /home/benjaminservey/Two_Wheel_Robot/install/tutorial_interfaces/share/tutorial_interfaces/cmake/export_tutorial_interfaces__rosidl_generator_cExport-noconfig.cmake
[4.427s] -- Up-to-date: /home/benjaminservey/Two_Wheel_Robot/install/tutorial_interfaces/share/tutorial_interfaces/cmake/export_tutorial_interfaces__rosidl_typesupport_fastrtps_cExport.cmake
[4.429s] -- Up-to-date: /home/benjaminservey/Two_Wheel_Robot/install/tutorial_interfaces/share/tutorial_interfaces/cmake/export_tutorial_interfaces__rosidl_typesupport_fastrtps_cExport-noconfig.cmake
[4.431s] -- Up-to-date: /home/benjaminservey/Two_Wheel_Robot/install/tutorial_interfaces/share/tutorial_interfaces/cmake/tutorial_interfaces__rosidl_typesupport_introspection_cExport.cmake
[4.433s] -- Up-to-date: /home/benjaminservey/Two_Wheel_Robot/install/tutorial_interfaces/share/tutorial_interfaces/cmake/tutorial_interfaces__rosidl_typesupport_introspection_cExport-noconfig.cmake
[4.435s] -- Up-to-date: /home/benjaminservey/Two_Wheel_Robot/install/tutorial_interfaces/share/tutorial_interfaces/cmake/tutorial_interfaces__rosidl_typesupport_cExport.cmake
[4.437s] -- Up-to-date: /home/benjaminservey/Two_Wheel_Robot/install/tutorial_interfaces/share/tutorial_interfaces/cmake/tutorial_interfaces__rosidl_typesupport_cExport-noconfig.cmake
[4.438s] -- Up-to-date: /home/benjaminservey/Two_Wheel_Robot/install/tutorial_interfaces/share/tutorial_interfaces/cmake/export_tutorial_interfaces__rosidl_generator_cppExport.cmake
[4.439s] -- Up-to-date: /home/benjaminservey/Two_Wheel_Robot/install/tutorial_interfaces/share/tutorial_interfaces/cmake/export_tutorial_interfaces__rosidl_typesupport_fastrtps_cppExport.cmake
[4.440s] -- Up-to-date: /home/benjaminservey/Two_Wheel_Robot/install/tutorial_interfaces/share/tutorial_interfaces/cmake/export_tutorial_interfaces__rosidl_typesupport_fastrtps_cppExport-noconfig.cmake
[4.441s] -- Up-to-date: /home/benjaminservey/Two_Wheel_Robot/install/tutorial_interfaces/share/tutorial_interfaces/cmake/tutorial_interfaces__rosidl_typesupport_introspection_cppExport.cmake
[4.444s] -- Up-to-date: /home/benjaminservey/Two_Wheel_Robot/install/tutorial_interfaces/share/tutorial_interfaces/cmake/tutorial_interfaces__rosidl_typesupport_introspection_cppExport-noconfig.cmake
[4.449s] -- Up-to-date: /home/benjaminservey/Two_Wheel_Robot/install/tutorial_interfaces/share/tutorial_interfaces/cmake/tutorial_interfaces__rosidl_typesupport_cppExport.cmake
[4.459s] -- Up-to-date: /home/benjaminservey/Two_Wheel_Robot/install/tutorial_interfaces/share/tutorial_interfaces/cmake/tutorial_interfaces__rosidl_typesupport_cppExport-noconfig.cmake
[4.465s] -- Up-to-date: /home/benjaminservey/Two_Wheel_Robot/install/tutorial_interfaces/share/tutorial_interfaces/cmake/export_tutorial_interfaces__rosidl_generator_pyExport.cmake
[4.469s] -- Up-to-date: /home/benjaminservey/Two_Wheel_Robot/install/tutorial_interfaces/share/tutorial_interfaces/cmake/export_tutorial_interfaces__rosidl_generator_pyExport-noconfig.cmake
[4.472s] Invoked command in '/home/benjaminservey/Two_Wheel_Robot/build/tutorial_interfaces' returned '0': CMAKE_PREFIX_PATH=${CMAKE_PREFIX_PATH}:/home/benjaminservey/Two_Wheel_Robot/install/Two_Wheel_Robot:/opt/ros/humble /usr/bin/cmake --install /home/benjaminservey/Two_Wheel_Robot/build/tutorial_interfaces
