[1.808s] Invoking command in '/home/benjamin/Two_Wheel_Robot/build/Two_Wheel_Robot': PYTHONPATH=/home/benjamin/Two_Wheel_Robot/build/Two_Wheel_Robot/prefix_override:/home/benjamin/Two_Wheel_Robot/install/Two_Wheel_Robot/lib/python3.10/site-packages:${PYTHONPATH} /usr/bin/python3 setup.py develop --editable --build-directory /home/benjamin/Two_Wheel_Robot/build/Two_Wheel_Robot/build --no-deps install_data
[2.046s] running develop
[2.202s] running egg_info
[2.202s] creating Two_Wheel_Robot.egg-info
[2.202s] writing Two_Wheel_Robot.egg-info/PKG-INFO
[2.202s] writing dependency_links to Two_Wheel_Robot.egg-info/dependency_links.txt
[2.202s] writing entry points to Two_Wheel_Robot.egg-info/entry_points.txt
[2.202s] writing requirements to Two_Wheel_Robot.egg-info/requires.txt
[2.203s] writing top-level names to Two_Wheel_Robot.egg-info/top_level.txt
[2.203s] writing manifest file 'Two_Wheel_Robot.egg-info/SOURCES.txt'
[2.204s] reading manifest file 'Two_Wheel_Robot.egg-info/SOURCES.txt'
[2.204s] writing manifest file 'Two_Wheel_Robot.egg-info/SOURCES.txt'
[2.205s] running build_ext
[2.205s] Creating /home/benjamin/Two_Wheel_Robot/install/Two_Wheel_Robot/lib/python3.10/site-packages/Two-Wheel-Robot.egg-link (link to .)
[2.206s] Installing talker script to /home/benjamin/Two_Wheel_Robot/install/Two_Wheel_Robot/lib/Two_Wheel_Robot
[2.206s] 
[2.206s] Installed /home/benjamin/Two_Wheel_Robot/build/Two_Wheel_Robot
[2.206s] running install_data
[2.206s] creating /home/benjamin/Two_Wheel_Robot/install/Two_Wheel_Robot/share/ament_index
[2.207s] creating /home/benjamin/Two_Wheel_Robot/install/Two_Wheel_Robot/share/ament_index/resource_index
[2.207s] creating /home/benjamin/Two_Wheel_Robot/install/Two_Wheel_Robot/share/ament_index/resource_index/packages
[2.207s] copying resource/Two_Wheel_Robot -> /home/benjamin/Two_Wheel_Robot/install/Two_Wheel_Robot/share/ament_index/resource_index/packages
[2.207s] copying package.xml -> /home/benjamin/Two_Wheel_Robot/install/Two_Wheel_Robot/share/Two_Wheel_Robot
[2.229s] Invoked command in '/home/benjamin/Two_Wheel_Robot/build/Two_Wheel_Robot' returned '0': PYTHONPATH=/home/benjamin/Two_Wheel_Robot/build/Two_Wheel_Robot/prefix_override:/home/benjamin/Two_Wheel_Robot/install/Two_Wheel_Robot/lib/python3.10/site-packages:${PYTHONPATH} /usr/bin/python3 setup.py develop --editable --build-directory /home/benjamin/Two_Wheel_Robot/build/Two_Wheel_Robot/build --no-deps install_data
