[0.327s] DEBUG:colcon:Command line arguments: ['/usr/bin/colcon', 'list', '-p', '--base-paths', '/home/benjamin/Two_Wheel_Robot']
[0.327s] DEBUG:colcon:Parsed command line arguments: Namespace(log_base=None, log_level=None, verb_name='list', build_base='build', ignore_user_meta=False, metas=['./colcon.meta'], base_paths=['/home/benjamin/Two_Wheel_Robot'], packages_ignore=None, packages_ignore_regex=None, paths=None, packages_up_to=None, packages_up_to_regex=None, packages_above=None, packages_above_and_dependencies=None, packages_above_depth=None, packages_select_by_dep=None, packages_skip_by_dep=None, packages_skip_up_to=None, packages_select_build_failed=False, packages_skip_build_finished=False, packages_select_test_failures=False, packages_skip_test_passed=False, packages_select=None, packages_skip=None, packages_select_regex=None, packages_skip_regex=None, packages_start=None, packages_end=None, allow_overriding=[], topological_order=False, names_only=False, paths_only=True, topological_graph=False, topological_graph_dot=False, topological_graph_density=False, topological_graph_legend=False, topological_graph_dot_cluster=False, topological_graph_dot_include_skipped=False, verb_parser=<colcon_defaults.argument_parser.defaults.DefaultArgumentsDecorator object at 0x7f40b6f56830>, verb_extension=<colcon_package_information.verb.list.ListVerb object at 0x7f40b6e90a60>, main=<bound method ListVerb.main of <colcon_package_information.verb.list.ListVerb object at 0x7f40b6e90a60>>)
[0.363s] Level 1:colcon.colcon_core.package_discovery:discover_packages(colcon_meta) check parameters
[0.363s] Level 1:colcon.colcon_core.package_discovery:discover_packages(recursive) check parameters
[0.363s] Level 1:colcon.colcon_core.package_discovery:discover_packages(ignore) check parameters
[0.363s] Level 1:colcon.colcon_core.package_discovery:discover_packages(path) check parameters
[0.363s] Level 1:colcon.colcon_core.package_discovery:discover_packages(recursive) discover
[0.363s] INFO:colcon.colcon_core.package_discovery:Crawling recursively for packages in '/home/benjamin/Two_Wheel_Robot'
[0.363s] Level 1:colcon.colcon_core.package_identification:_identify(/home/benjamin/Two_Wheel_Robot) by extensions ['ignore', 'ignore_ament_install']
[0.363s] Level 1:colcon.colcon_core.package_identification:_identify(/home/benjamin/Two_Wheel_Robot) by extension 'ignore'
[0.364s] Level 1:colcon.colcon_core.package_identification:_identify(/home/benjamin/Two_Wheel_Robot) by extension 'ignore_ament_install'
[0.364s] Level 1:colcon.colcon_core.package_identification:_identify(/home/benjamin/Two_Wheel_Robot) by extensions ['colcon_pkg']
[0.364s] Level 1:colcon.colcon_core.package_identification:_identify(/home/benjamin/Two_Wheel_Robot) by extension 'colcon_pkg'
[0.364s] Level 1:colcon.colcon_core.package_identification:_identify(/home/benjamin/Two_Wheel_Robot) by extensions ['colcon_meta']
[0.364s] Level 1:colcon.colcon_core.package_identification:_identify(/home/benjamin/Two_Wheel_Robot) by extension 'colcon_meta'
[0.364s] Level 1:colcon.colcon_core.package_identification:_identify(/home/benjamin/Two_Wheel_Robot) by extensions ['ros']
[0.364s] Level 1:colcon.colcon_core.package_identification:_identify(/home/benjamin/Two_Wheel_Robot) by extension 'ros'
[0.376s] Level 1:colcon.colcon_core.package_identification:_identify(/home/benjamin/Two_Wheel_Robot) by extensions ['cmake', 'python']
[0.376s] Level 1:colcon.colcon_core.package_identification:_identify(/home/benjamin/Two_Wheel_Robot) by extension 'cmake'
[0.376s] Level 1:colcon.colcon_core.package_identification:_identify(/home/benjamin/Two_Wheel_Robot) by extension 'python'
[0.376s] Level 1:colcon.colcon_core.package_identification:_identify(/home/benjamin/Two_Wheel_Robot) by extensions ['python_setup_py']
[0.376s] Level 1:colcon.colcon_core.package_identification:_identify(/home/benjamin/Two_Wheel_Robot) by extension 'python_setup_py'
[0.376s] Level 1:colcon.colcon_core.package_identification:_identify(/home/benjamin/Two_Wheel_Robot/log) by extensions ['ignore', 'ignore_ament_install']
[0.376s] Level 1:colcon.colcon_core.package_identification:_identify(/home/benjamin/Two_Wheel_Robot/log) by extension 'ignore'
[0.376s] Level 1:colcon.colcon_core.package_identification:_identify(/home/benjamin/Two_Wheel_Robot/log) ignored
[0.377s] Level 1:colcon.colcon_core.package_identification:_identify(/home/benjamin/Two_Wheel_Robot/src) by extensions ['ignore', 'ignore_ament_install']
[0.377s] Level 1:colcon.colcon_core.package_identification:_identify(/home/benjamin/Two_Wheel_Robot/src) by extension 'ignore'
[0.377s] Level 1:colcon.colcon_core.package_identification:_identify(/home/benjamin/Two_Wheel_Robot/src) by extension 'ignore_ament_install'
[0.377s] Level 1:colcon.colcon_core.package_identification:_identify(/home/benjamin/Two_Wheel_Robot/src) by extensions ['colcon_pkg']
[0.377s] Level 1:colcon.colcon_core.package_identification:_identify(/home/benjamin/Two_Wheel_Robot/src) by extension 'colcon_pkg'
[0.377s] Level 1:colcon.colcon_core.package_identification:_identify(/home/benjamin/Two_Wheel_Robot/src) by extensions ['colcon_meta']
[0.377s] Level 1:colcon.colcon_core.package_identification:_identify(/home/benjamin/Two_Wheel_Robot/src) by extension 'colcon_meta'
[0.377s] Level 1:colcon.colcon_core.package_identification:_identify(/home/benjamin/Two_Wheel_Robot/src) by extensions ['ros']
[0.377s] Level 1:colcon.colcon_core.package_identification:_identify(/home/benjamin/Two_Wheel_Robot/src) by extension 'ros'
[0.377s] Level 1:colcon.colcon_core.package_identification:_identify(/home/benjamin/Two_Wheel_Robot/src) by extensions ['cmake', 'python']
[0.377s] Level 1:colcon.colcon_core.package_identification:_identify(/home/benjamin/Two_Wheel_Robot/src) by extension 'cmake'
[0.377s] Level 1:colcon.colcon_core.package_identification:_identify(/home/benjamin/Two_Wheel_Robot/src) by extension 'python'
[0.377s] Level 1:colcon.colcon_core.package_identification:_identify(/home/benjamin/Two_Wheel_Robot/src) by extensions ['python_setup_py']
[0.377s] Level 1:colcon.colcon_core.package_identification:_identify(/home/benjamin/Two_Wheel_Robot/src) by extension 'python_setup_py'
[0.377s] Level 1:colcon.colcon_core.package_identification:_identify(/home/benjamin/Two_Wheel_Robot/src/Two_Wheel_Robot) by extensions ['ignore', 'ignore_ament_install']
[0.377s] Level 1:colcon.colcon_core.package_identification:_identify(/home/benjamin/Two_Wheel_Robot/src/Two_Wheel_Robot) by extension 'ignore'
[0.377s] Level 1:colcon.colcon_core.package_identification:_identify(/home/benjamin/Two_Wheel_Robot/src/Two_Wheel_Robot) by extension 'ignore_ament_install'
[0.377s] Level 1:colcon.colcon_core.package_identification:_identify(/home/benjamin/Two_Wheel_Robot/src/Two_Wheel_Robot) by extensions ['colcon_pkg']
[0.377s] Level 1:colcon.colcon_core.package_identification:_identify(/home/benjamin/Two_Wheel_Robot/src/Two_Wheel_Robot) by extension 'colcon_pkg'
[0.378s] Level 1:colcon.colcon_core.package_identification:_identify(/home/benjamin/Two_Wheel_Robot/src/Two_Wheel_Robot) by extensions ['colcon_meta']
[0.378s] Level 1:colcon.colcon_core.package_identification:_identify(/home/benjamin/Two_Wheel_Robot/src/Two_Wheel_Robot) by extension 'colcon_meta'
[0.378s] Level 1:colcon.colcon_core.package_identification:_identify(/home/benjamin/Two_Wheel_Robot/src/Two_Wheel_Robot) by extensions ['ros']
[0.378s] Level 1:colcon.colcon_core.package_identification:_identify(/home/benjamin/Two_Wheel_Robot/src/Two_Wheel_Robot) by extension 'ros'
[0.380s] DEBUG:colcon.colcon_core.package_identification:Package '/home/benjamin/Two_Wheel_Robot/src/Two_Wheel_Robot' with type 'ros.ament_python' and name 'Two_Wheel_Robot'
[0.380s] Level 1:colcon.colcon_core.package_discovery:discover_packages(recursive) using defaults
