[4.565s] DEBUG:colcon:Command line arguments: ['/usr/bin/colcon', 'build', '--symlink-install']
[4.565s] DEBUG:colcon:Parsed command line arguments: Namespace(log_base=None, log_level=None, verb_name='build', build_base='build', install_base='install', merge_install=False, symlink_install=True, test_result_base=None, continue_on_error=False, executor='parallel', parallel_workers=4, event_handlers=None, ignore_user_meta=False, metas=['./colcon.meta'], base_paths=['.'], packages_ignore=None, packages_ignore_regex=None, paths=None, packages_up_to=None, packages_up_to_regex=None, packages_above=None, packages_above_and_dependencies=None, packages_above_depth=None, packages_select_by_dep=None, packages_skip_by_dep=None, packages_skip_up_to=None, packages_select_build_failed=False, packages_skip_build_finished=False, packages_select_test_failures=False, packages_skip_test_passed=False, packages_select=None, packages_skip=None, packages_select_regex=None, packages_skip_regex=None, packages_start=None, packages_end=None, allow_overriding=[], cmake_args=None, cmake_target=None, cmake_target_skip_unavailable=False, cmake_clean_cache=False, cmake_clean_first=False, cmake_force_configure=False, ament_cmake_args=None, catkin_cmake_args=None, catkin_skip_building_tests=False, verb_parser=<colcon_defaults.argument_parser.defaults.DefaultArgumentsDecorator object at 0xffff993b1720>, verb_extension=<colcon_core.verb.build.BuildVerb object at 0xffff99416380>, main=<bound method BuildVerb.main of <colcon_core.verb.build.BuildVerb object at 0xffff99416380>>)
[4.969s] Level 1:colcon.colcon_core.package_discovery:discover_packages(colcon_meta) check parameters
[4.970s] Level 1:colcon.colcon_core.package_discovery:discover_packages(recursive) check parameters
[4.971s] Level 1:colcon.colcon_core.package_discovery:discover_packages(ignore) check parameters
[4.971s] Level 1:colcon.colcon_core.package_discovery:discover_packages(path) check parameters
[4.972s] Level 1:colcon.colcon_core.package_discovery:discover_packages(colcon_meta) discover
[4.972s] Level 1:colcon.colcon_core.package_discovery:discover_packages(recursive) discover
[4.973s] INFO:colcon.colcon_core.package_discovery:Crawling recursively for packages in '/home/benjaminservey/Two_Wheel_Robot'
[4.974s] Level 1:colcon.colcon_core.package_identification:_identify(.) by extensions ['ignore', 'ignore_ament_install']
[4.975s] Level 1:colcon.colcon_core.package_identification:_identify(.) by extension 'ignore'
[4.976s] Level 1:colcon.colcon_core.package_identification:_identify(.) by extension 'ignore_ament_install'
[4.977s] Level 1:colcon.colcon_core.package_identification:_identify(.) by extensions ['colcon_pkg']
[4.978s] Level 1:colcon.colcon_core.package_identification:_identify(.) by extension 'colcon_pkg'
[4.978s] Level 1:colcon.colcon_core.package_identification:_identify(.) by extensions ['colcon_meta']
[4.979s] Level 1:colcon.colcon_core.package_identification:_identify(.) by extension 'colcon_meta'
[4.979s] Level 1:colcon.colcon_core.package_identification:_identify(.) by extensions ['ros']
[4.980s] Level 1:colcon.colcon_core.package_identification:_identify(.) by extension 'ros'
[5.097s] Level 1:colcon.colcon_core.package_identification:_identify(.) by extensions ['cmake', 'python']
[5.097s] Level 1:colcon.colcon_core.package_identification:_identify(.) by extension 'cmake'
[5.098s] Level 1:colcon.colcon_core.package_identification:_identify(.) by extension 'python'
[5.099s] Level 1:colcon.colcon_core.package_identification:_identify(.) by extensions ['python_setup_py']
[5.099s] Level 1:colcon.colcon_core.package_identification:_identify(.) by extension 'python_setup_py'
[5.100s] Level 1:colcon.colcon_core.package_identification:_identify(build) by extensions ['ignore', 'ignore_ament_install']
[5.101s] Level 1:colcon.colcon_core.package_identification:_identify(build) by extension 'ignore'
[5.102s] Level 1:colcon.colcon_core.package_identification:_identify(build) ignored
[5.103s] Level 1:colcon.colcon_core.package_identification:_identify(install) by extensions ['ignore', 'ignore_ament_install']
[5.104s] Level 1:colcon.colcon_core.package_identification:_identify(install) by extension 'ignore'
[5.105s] Level 1:colcon.colcon_core.package_identification:_identify(install) ignored
[5.106s] Level 1:colcon.colcon_core.package_identification:_identify(log) by extensions ['ignore', 'ignore_ament_install']
[5.107s] Level 1:colcon.colcon_core.package_identification:_identify(log) by extension 'ignore'
[5.108s] Level 1:colcon.colcon_core.package_identification:_identify(log) ignored
[5.109s] Level 1:colcon.colcon_core.package_identification:_identify(src) by extensions ['ignore', 'ignore_ament_install']
[5.110s] Level 1:colcon.colcon_core.package_identification:_identify(src) by extension 'ignore'
[5.110s] Level 1:colcon.colcon_core.package_identification:_identify(src) by extension 'ignore_ament_install'
[5.111s] Level 1:colcon.colcon_core.package_identification:_identify(src) by extensions ['colcon_pkg']
[5.112s] Level 1:colcon.colcon_core.package_identification:_identify(src) by extension 'colcon_pkg'
[5.113s] Level 1:colcon.colcon_core.package_identification:_identify(src) by extensions ['colcon_meta']
[5.113s] Level 1:colcon.colcon_core.package_identification:_identify(src) by extension 'colcon_meta'
[5.114s] Level 1:colcon.colcon_core.package_identification:_identify(src) by extensions ['ros']
[5.114s] Level 1:colcon.colcon_core.package_identification:_identify(src) by extension 'ros'
[5.115s] Level 1:colcon.colcon_core.package_identification:_identify(src) by extensions ['cmake', 'python']
[5.116s] Level 1:colcon.colcon_core.package_identification:_identify(src) by extension 'cmake'
[5.116s] Level 1:colcon.colcon_core.package_identification:_identify(src) by extension 'python'
[5.117s] Level 1:colcon.colcon_core.package_identification:_identify(src) by extensions ['python_setup_py']
[5.118s] Level 1:colcon.colcon_core.package_identification:_identify(src) by extension 'python_setup_py'
[5.119s] Level 1:colcon.colcon_core.package_identification:_identify(src/Two_Wheel_Robot) by extensions ['ignore', 'ignore_ament_install']
[5.120s] Level 1:colcon.colcon_core.package_identification:_identify(src/Two_Wheel_Robot) by extension 'ignore'
[5.121s] Level 1:colcon.colcon_core.package_identification:_identify(src/Two_Wheel_Robot) by extension 'ignore_ament_install'
[5.121s] Level 1:colcon.colcon_core.package_identification:_identify(src/Two_Wheel_Robot) by extensions ['colcon_pkg']
[5.122s] Level 1:colcon.colcon_core.package_identification:_identify(src/Two_Wheel_Robot) by extension 'colcon_pkg'
[5.123s] Level 1:colcon.colcon_core.package_identification:_identify(src/Two_Wheel_Robot) by extensions ['colcon_meta']
[5.123s] Level 1:colcon.colcon_core.package_identification:_identify(src/Two_Wheel_Robot) by extension 'colcon_meta'
[5.124s] Level 1:colcon.colcon_core.package_identification:_identify(src/Two_Wheel_Robot) by extensions ['ros']
[5.124s] Level 1:colcon.colcon_core.package_identification:_identify(src/Two_Wheel_Robot) by extension 'ros'
[5.145s] DEBUG:colcon.colcon_core.package_identification:Package 'src/Two_Wheel_Robot' with type 'ros.ament_python' and name 'Two_Wheel_Robot'
[5.146s] Level 1:colcon.colcon_core.package_discovery:discover_packages(recursive) using defaults
[5.147s] Level 1:colcon.colcon_core.package_discovery:discover_packages(ignore) discover
[5.147s] Level 1:colcon.colcon_core.package_discovery:discover_packages(ignore) using defaults
[5.147s] Level 1:colcon.colcon_core.package_discovery:discover_packages(path) discover
[5.148s] Level 1:colcon.colcon_core.package_discovery:discover_packages(path) using defaults
[5.392s] Level 1:colcon.colcon_core.package_discovery:discover_packages(prefix_path) check parameters
[5.393s] Level 1:colcon.colcon_core.package_discovery:discover_packages(prefix_path) discover
[5.425s] DEBUG:colcon.colcon_installed_package_information.package_discovery:Found 306 installed packages in /opt/ros/humble
[5.440s] Level 1:colcon.colcon_core.package_discovery:discover_packages(prefix_path) using defaults
[6.175s] Level 5:colcon.colcon_core.verb:set package 'Two_Wheel_Robot' build argument 'cmake_args' from command line to 'None'
[6.176s] Level 5:colcon.colcon_core.verb:set package 'Two_Wheel_Robot' build argument 'cmake_target' from command line to 'None'
[6.176s] Level 5:colcon.colcon_core.verb:set package 'Two_Wheel_Robot' build argument 'cmake_target_skip_unavailable' from command line to 'False'
[6.176s] Level 5:colcon.colcon_core.verb:set package 'Two_Wheel_Robot' build argument 'cmake_clean_cache' from command line to 'False'
[6.177s] Level 5:colcon.colcon_core.verb:set package 'Two_Wheel_Robot' build argument 'cmake_clean_first' from command line to 'False'
[6.177s] Level 5:colcon.colcon_core.verb:set package 'Two_Wheel_Robot' build argument 'cmake_force_configure' from command line to 'False'
[6.177s] Level 5:colcon.colcon_core.verb:set package 'Two_Wheel_Robot' build argument 'ament_cmake_args' from command line to 'None'
[6.178s] Level 5:colcon.colcon_core.verb:set package 'Two_Wheel_Robot' build argument 'catkin_cmake_args' from command line to 'None'
[6.178s] Level 5:colcon.colcon_core.verb:set package 'Two_Wheel_Robot' build argument 'catkin_skip_building_tests' from command line to 'False'
[6.179s] DEBUG:colcon.colcon_core.verb:Building package 'Two_Wheel_Robot' with the following arguments: {'ament_cmake_args': None, 'build_base': '/home/benjaminservey/Two_Wheel_Robot/build/Two_Wheel_Robot', 'catkin_cmake_args': None, 'catkin_skip_building_tests': False, 'cmake_args': None, 'cmake_clean_cache': False, 'cmake_clean_first': False, 'cmake_force_configure': False, 'cmake_target': None, 'cmake_target_skip_unavailable': False, 'install_base': '/home/benjaminservey/Two_Wheel_Robot/install/Two_Wheel_Robot', 'merge_install': False, 'path': '/home/benjaminservey/Two_Wheel_Robot/src/Two_Wheel_Robot', 'symlink_install': True, 'test_result_base': None}
[6.185s] INFO:colcon.colcon_core.executor:Executing jobs using 'parallel' executor
[6.215s] DEBUG:colcon.colcon_parallel_executor.executor.parallel:run_until_complete
[6.218s] INFO:colcon.colcon_ros.task.ament_python.build:Building ROS package in '/home/benjaminservey/Two_Wheel_Robot/src/Two_Wheel_Robot' with build type 'ament_python'
[6.219s] Level 1:colcon.colcon_core.shell:create_environment_hook('Two_Wheel_Robot', 'ament_prefix_path')
[6.264s] INFO:colcon.colcon_core.plugin_system:Skipping extension 'colcon_core.shell.bat': Not used on non-Windows systems
[6.266s] INFO:colcon.colcon_core.shell:Creating environment hook '/home/benjaminservey/Two_Wheel_Robot/install/Two_Wheel_Robot/share/Two_Wheel_Robot/hook/ament_prefix_path.ps1'
[6.271s] INFO:colcon.colcon_core.shell:Creating environment descriptor '/home/benjaminservey/Two_Wheel_Robot/install/Two_Wheel_Robot/share/Two_Wheel_Robot/hook/ament_prefix_path.dsv'
[6.275s] INFO:colcon.colcon_core.shell:Creating environment hook '/home/benjaminservey/Two_Wheel_Robot/install/Two_Wheel_Robot/share/Two_Wheel_Robot/hook/ament_prefix_path.sh'
[6.291s] INFO:colcon.colcon_core.shell:Skip shell extension 'powershell' for command environment: Not usable outside of PowerShell
[6.292s] DEBUG:colcon.colcon_core.shell:Skip shell extension 'dsv' for command environment
[9.033s] INFO:colcon.colcon_core.task.python.build:Building Python package in '/home/benjaminservey/Two_Wheel_Robot/src/Two_Wheel_Robot'
[9.045s] INFO:colcon.colcon_core.shell:Skip shell extension 'powershell' for command environment: Not usable outside of PowerShell
[9.046s] DEBUG:colcon.colcon_core.shell:Skip shell extension 'dsv' for command environment
[12.726s] DEBUG:colcon.colcon_core.event_handler.log_command:Invoking command in '/home/benjaminservey/Two_Wheel_Robot/build/Two_Wheel_Robot': PYTHONPATH=/home/benjaminservey/Two_Wheel_Robot/build/Two_Wheel_Robot/prefix_override:/home/benjaminservey/Two_Wheel_Robot/install/Two_Wheel_Robot/lib/python3.10/site-packages:${PYTHONPATH} /usr/bin/python3 setup.py develop --editable --build-directory /home/benjaminservey/Two_Wheel_Robot/build/Two_Wheel_Robot/build --no-deps install_data
[17.757s] Level 1:colcon.colcon_core.shell:create_environment_hook('Two_Wheel_Robot', 'pythonpath_develop')
[17.788s] DEBUG:colcon.colcon_core.event_handler.log_command:Invoked command in '/home/benjaminservey/Two_Wheel_Robot/build/Two_Wheel_Robot' returned '0': PYTHONPATH=/home/benjaminservey/Two_Wheel_Robot/build/Two_Wheel_Robot/prefix_override:/home/benjaminservey/Two_Wheel_Robot/install/Two_Wheel_Robot/lib/python3.10/site-packages:${PYTHONPATH} /usr/bin/python3 setup.py develop --editable --build-directory /home/benjaminservey/Two_Wheel_Robot/build/Two_Wheel_Robot/build --no-deps install_data
[17.822s] INFO:colcon.colcon_core.shell:Creating environment hook '/home/benjaminservey/Two_Wheel_Robot/build/Two_Wheel_Robot/share/Two_Wheel_Robot/hook/pythonpath_develop.ps1'
[17.829s] INFO:colcon.colcon_core.shell:Creating environment descriptor '/home/benjaminservey/Two_Wheel_Robot/build/Two_Wheel_Robot/share/Two_Wheel_Robot/hook/pythonpath_develop.dsv'
[17.838s] INFO:colcon.colcon_core.shell:Creating environment hook '/home/benjaminservey/Two_Wheel_Robot/build/Two_Wheel_Robot/share/Two_Wheel_Robot/hook/pythonpath_develop.sh'
[17.919s] Level 1:colcon.colcon_core.environment:checking '/home/benjaminservey/Two_Wheel_Robot/install/Two_Wheel_Robot' for CMake module files
[17.923s] Level 1:colcon.colcon_core.environment:checking '/home/benjaminservey/Two_Wheel_Robot/install/Two_Wheel_Robot' for CMake config files
[17.927s] Level 1:colcon.colcon_core.environment:checking '/home/benjaminservey/Two_Wheel_Robot/install/Two_Wheel_Robot/lib'
[17.929s] Level 1:colcon.colcon_core.environment:checking '/home/benjaminservey/Two_Wheel_Robot/install/Two_Wheel_Robot/bin'
[17.930s] Level 1:colcon.colcon_core.environment:checking '/home/benjaminservey/Two_Wheel_Robot/install/Two_Wheel_Robot/lib/pkgconfig/Two_Wheel_Robot.pc'
[17.932s] Level 1:colcon.colcon_core.environment:checking '/home/benjaminservey/Two_Wheel_Robot/install/Two_Wheel_Robot/lib/python3.10/site-packages'
[17.933s] Level 1:colcon.colcon_core.shell:create_environment_hook('Two_Wheel_Robot', 'pythonpath')
[17.945s] INFO:colcon.colcon_core.shell:Creating environment hook '/home/benjaminservey/Two_Wheel_Robot/install/Two_Wheel_Robot/share/Two_Wheel_Robot/hook/pythonpath.ps1'
[17.950s] INFO:colcon.colcon_core.shell:Creating environment descriptor '/home/benjaminservey/Two_Wheel_Robot/install/Two_Wheel_Robot/share/Two_Wheel_Robot/hook/pythonpath.dsv'
[17.954s] INFO:colcon.colcon_core.shell:Creating environment hook '/home/benjaminservey/Two_Wheel_Robot/install/Two_Wheel_Robot/share/Two_Wheel_Robot/hook/pythonpath.sh'
[17.960s] Level 1:colcon.colcon_core.environment:checking '/home/benjaminservey/Two_Wheel_Robot/install/Two_Wheel_Robot/bin'
[17.961s] Level 1:colcon.colcon_core.environment:create_environment_scripts_only(Two_Wheel_Robot)
[17.976s] INFO:colcon.colcon_core.shell:Creating package script '/home/benjaminservey/Two_Wheel_Robot/install/Two_Wheel_Robot/share/Two_Wheel_Robot/package.ps1'
[17.985s] INFO:colcon.colcon_core.shell:Creating package descriptor '/home/benjaminservey/Two_Wheel_Robot/install/Two_Wheel_Robot/share/Two_Wheel_Robot/package.dsv'
[17.990s] INFO:colcon.colcon_core.shell:Creating package script '/home/benjaminservey/Two_Wheel_Robot/install/Two_Wheel_Robot/share/Two_Wheel_Robot/package.sh'
[17.997s] INFO:colcon.colcon_core.shell:Creating package script '/home/benjaminservey/Two_Wheel_Robot/install/Two_Wheel_Robot/share/Two_Wheel_Robot/package.bash'
[18.004s] INFO:colcon.colcon_core.shell:Creating package script '/home/benjaminservey/Two_Wheel_Robot/install/Two_Wheel_Robot/share/Two_Wheel_Robot/package.zsh'
[18.010s] Level 1:colcon.colcon_core.environment:create_file_with_runtime_dependencies(/home/benjaminservey/Two_Wheel_Robot/install/Two_Wheel_Robot/share/colcon-core/packages/Two_Wheel_Robot)
[18.012s] DEBUG:colcon.colcon_parallel_executor.executor.parallel:closing loop
[18.014s] DEBUG:colcon.colcon_parallel_executor.executor.parallel:loop closed
[18.015s] DEBUG:colcon.colcon_parallel_executor.executor.parallel:run_until_complete finished with '0'
[18.016s] DEBUG:colcon.colcon_core.event_reactor:joining thread
[18.094s] INFO:colcon.colcon_core.plugin_system:Skipping extension 'colcon_notification.desktop_notification.terminal_notifier': Not used on non-Darwin systems
[18.095s] INFO:colcon.colcon_core.plugin_system:Skipping extension 'colcon_notification.desktop_notification.win32': Not used on non-Windows systems
[18.095s] INFO:colcon.colcon_notification.desktop_notification:Sending desktop notification using 'notify2'
[18.268s] DEBUG:colcon.colcon_core.event_reactor:joined thread
[18.285s] INFO:colcon.colcon_core.shell:Creating prefix script '/home/benjaminservey/Two_Wheel_Robot/install/local_setup.ps1'
[18.293s] INFO:colcon.colcon_core.shell:Creating prefix util module '/home/benjaminservey/Two_Wheel_Robot/install/_local_setup_util_ps1.py'
[18.308s] INFO:colcon.colcon_core.shell:Creating prefix chain script '/home/benjaminservey/Two_Wheel_Robot/install/setup.ps1'
[18.319s] INFO:colcon.colcon_core.shell:Creating prefix script '/home/benjaminservey/Two_Wheel_Robot/install/local_setup.sh'
[18.326s] INFO:colcon.colcon_core.shell:Creating prefix util module '/home/benjaminservey/Two_Wheel_Robot/install/_local_setup_util_sh.py'
[18.331s] INFO:colcon.colcon_core.shell:Creating prefix chain script '/home/benjaminservey/Two_Wheel_Robot/install/setup.sh'
[18.347s] INFO:colcon.colcon_core.shell:Creating prefix script '/home/benjaminservey/Two_Wheel_Robot/install/local_setup.bash'
[18.351s] INFO:colcon.colcon_core.shell:Creating prefix chain script '/home/benjaminservey/Two_Wheel_Robot/install/setup.bash'
[18.362s] INFO:colcon.colcon_core.shell:Creating prefix script '/home/benjaminservey/Two_Wheel_Robot/install/local_setup.zsh'
[18.366s] INFO:colcon.colcon_core.shell:Creating prefix chain script '/home/benjaminservey/Two_Wheel_Robot/install/setup.zsh'
