[3.391s] DEBUG:colcon:Command line arguments: ['/usr/bin/colcon', 'build', '--symlink-install']
[3.392s] DEBUG:colcon:Parsed command line arguments: Namespace(log_base=None, log_level=None, verb_name='build', build_base='build', install_base='install', merge_install=False, symlink_install=True, test_result_base=None, continue_on_error=False, executor='parallel', parallel_workers=4, event_handlers=None, ignore_user_meta=False, metas=['./colcon.meta'], base_paths=['.'], packages_ignore=None, packages_ignore_regex=None, paths=None, packages_up_to=None, packages_up_to_regex=None, packages_above=None, packages_above_and_dependencies=None, packages_above_depth=None, packages_select_by_dep=None, packages_skip_by_dep=None, packages_skip_up_to=None, packages_select_build_failed=False, packages_skip_build_finished=False, packages_select_test_failures=False, packages_skip_test_passed=False, packages_select=None, packages_skip=None, packages_select_regex=None, packages_skip_regex=None, packages_start=None, packages_end=None, allow_overriding=[], cmake_args=None, cmake_target=None, cmake_target_skip_unavailable=False, cmake_clean_cache=False, cmake_clean_first=False, cmake_force_configure=False, ament_cmake_args=None, catkin_cmake_args=None, catkin_skip_building_tests=False, verb_parser=<colcon_defaults.argument_parser.defaults.DefaultArgumentsDecorator object at 0xffffa56ede70>, verb_extension=<colcon_core.verb.build.BuildVerb object at 0xffffa5752cb0>, main=<bound method BuildVerb.main of <colcon_core.verb.build.BuildVerb object at 0xffffa5752cb0>>)
[3.685s] Level 1:colcon.colcon_core.package_discovery:discover_packages(colcon_meta) check parameters
[3.686s] Level 1:colcon.colcon_core.package_discovery:discover_packages(recursive) check parameters
[3.687s] Level 1:colcon.colcon_core.package_discovery:discover_packages(ignore) check parameters
[3.687s] Level 1:colcon.colcon_core.package_discovery:discover_packages(path) check parameters
[3.688s] Level 1:colcon.colcon_core.package_discovery:discover_packages(colcon_meta) discover
[3.688s] Level 1:colcon.colcon_core.package_discovery:discover_packages(recursive) discover
[3.689s] INFO:colcon.colcon_core.package_discovery:Crawling recursively for packages in '/home/benjaminservey/Two_Wheel_Robot'
[3.690s] Level 1:colcon.colcon_core.package_identification:_identify(.) by extensions ['ignore', 'ignore_ament_install']
[3.691s] Level 1:colcon.colcon_core.package_identification:_identify(.) by extension 'ignore'
[3.692s] Level 1:colcon.colcon_core.package_identification:_identify(.) by extension 'ignore_ament_install'
[3.693s] Level 1:colcon.colcon_core.package_identification:_identify(.) by extensions ['colcon_pkg']
[3.693s] Level 1:colcon.colcon_core.package_identification:_identify(.) by extension 'colcon_pkg'
[3.694s] Level 1:colcon.colcon_core.package_identification:_identify(.) by extensions ['colcon_meta']
[3.695s] Level 1:colcon.colcon_core.package_identification:_identify(.) by extension 'colcon_meta'
[3.695s] Level 1:colcon.colcon_core.package_identification:_identify(.) by extensions ['ros']
[3.696s] Level 1:colcon.colcon_core.package_identification:_identify(.) by extension 'ros'
[3.796s] Level 1:colcon.colcon_core.package_identification:_identify(.) by extensions ['cmake', 'python']
[3.797s] Level 1:colcon.colcon_core.package_identification:_identify(.) by extension 'cmake'
[3.797s] Level 1:colcon.colcon_core.package_identification:_identify(.) by extension 'python'
[3.798s] Level 1:colcon.colcon_core.package_identification:_identify(.) by extensions ['python_setup_py']
[3.799s] Level 1:colcon.colcon_core.package_identification:_identify(.) by extension 'python_setup_py'
[3.800s] Level 1:colcon.colcon_core.package_identification:_identify(build) by extensions ['ignore', 'ignore_ament_install']
[3.801s] Level 1:colcon.colcon_core.package_identification:_identify(build) by extension 'ignore'
[3.801s] Level 1:colcon.colcon_core.package_identification:_identify(build) ignored
[3.803s] Level 1:colcon.colcon_core.package_identification:_identify(install) by extensions ['ignore', 'ignore_ament_install']
[3.804s] Level 1:colcon.colcon_core.package_identification:_identify(install) by extension 'ignore'
[3.805s] Level 1:colcon.colcon_core.package_identification:_identify(install) ignored
[3.806s] Level 1:colcon.colcon_core.package_identification:_identify(log) by extensions ['ignore', 'ignore_ament_install']
[3.807s] Level 1:colcon.colcon_core.package_identification:_identify(log) by extension 'ignore'
[3.808s] Level 1:colcon.colcon_core.package_identification:_identify(log) ignored
[3.809s] Level 1:colcon.colcon_core.package_identification:_identify(src) by extensions ['ignore', 'ignore_ament_install']
[3.810s] Level 1:colcon.colcon_core.package_identification:_identify(src) by extension 'ignore'
[3.810s] Level 1:colcon.colcon_core.package_identification:_identify(src) by extension 'ignore_ament_install'
[3.811s] Level 1:colcon.colcon_core.package_identification:_identify(src) by extensions ['colcon_pkg']
[3.812s] Level 1:colcon.colcon_core.package_identification:_identify(src) by extension 'colcon_pkg'
[3.812s] Level 1:colcon.colcon_core.package_identification:_identify(src) by extensions ['colcon_meta']
[3.813s] Level 1:colcon.colcon_core.package_identification:_identify(src) by extension 'colcon_meta'
[3.813s] Level 1:colcon.colcon_core.package_identification:_identify(src) by extensions ['ros']
[3.814s] Level 1:colcon.colcon_core.package_identification:_identify(src) by extension 'ros'
[3.815s] Level 1:colcon.colcon_core.package_identification:_identify(src) by extensions ['cmake', 'python']
[3.815s] Level 1:colcon.colcon_core.package_identification:_identify(src) by extension 'cmake'
[3.816s] Level 1:colcon.colcon_core.package_identification:_identify(src) by extension 'python'
[3.817s] Level 1:colcon.colcon_core.package_identification:_identify(src) by extensions ['python_setup_py']
[3.817s] Level 1:colcon.colcon_core.package_identification:_identify(src) by extension 'python_setup_py'
[3.818s] Level 1:colcon.colcon_core.package_identification:_identify(src/Two_Wheel_Robot) by extensions ['ignore', 'ignore_ament_install']
[3.819s] Level 1:colcon.colcon_core.package_identification:_identify(src/Two_Wheel_Robot) by extension 'ignore'
[3.820s] Level 1:colcon.colcon_core.package_identification:_identify(src/Two_Wheel_Robot) by extension 'ignore_ament_install'
[3.821s] Level 1:colcon.colcon_core.package_identification:_identify(src/Two_Wheel_Robot) by extensions ['colcon_pkg']
[3.821s] Level 1:colcon.colcon_core.package_identification:_identify(src/Two_Wheel_Robot) by extension 'colcon_pkg'
[3.822s] Level 1:colcon.colcon_core.package_identification:_identify(src/Two_Wheel_Robot) by extensions ['colcon_meta']
[3.822s] Level 1:colcon.colcon_core.package_identification:_identify(src/Two_Wheel_Robot) by extension 'colcon_meta'
[3.823s] Level 1:colcon.colcon_core.package_identification:_identify(src/Two_Wheel_Robot) by extensions ['ros']
[3.824s] Level 1:colcon.colcon_core.package_identification:_identify(src/Two_Wheel_Robot) by extension 'ros'
[3.842s] DEBUG:colcon.colcon_core.package_identification:Package 'src/Two_Wheel_Robot' with type 'ros.ament_python' and name 'Two_Wheel_Robot'
[3.843s] Level 1:colcon.colcon_core.package_identification:_identify(src/tutorial_interfaces) by extensions ['ignore', 'ignore_ament_install']
[3.844s] Level 1:colcon.colcon_core.package_identification:_identify(src/tutorial_interfaces) by extension 'ignore'
[3.845s] Level 1:colcon.colcon_core.package_identification:_identify(src/tutorial_interfaces) by extension 'ignore_ament_install'
[3.846s] Level 1:colcon.colcon_core.package_identification:_identify(src/tutorial_interfaces) by extensions ['colcon_pkg']
[3.846s] Level 1:colcon.colcon_core.package_identification:_identify(src/tutorial_interfaces) by extension 'colcon_pkg'
[3.847s] Level 1:colcon.colcon_core.package_identification:_identify(src/tutorial_interfaces) by extensions ['colcon_meta']
[3.847s] Level 1:colcon.colcon_core.package_identification:_identify(src/tutorial_interfaces) by extension 'colcon_meta'
[3.848s] Level 1:colcon.colcon_core.package_identification:_identify(src/tutorial_interfaces) by extensions ['ros']
[3.849s] Level 1:colcon.colcon_core.package_identification:_identify(src/tutorial_interfaces) by extension 'ros'
[3.854s] DEBUG:colcon.colcon_core.package_identification:Package 'src/tutorial_interfaces' with type 'ros.ament_cmake' and name 'tutorial_interfaces'
[3.855s] Level 1:colcon.colcon_core.package_discovery:discover_packages(recursive) using defaults
[3.855s] Level 1:colcon.colcon_core.package_discovery:discover_packages(ignore) discover
[3.856s] Level 1:colcon.colcon_core.package_discovery:discover_packages(ignore) using defaults
[3.856s] Level 1:colcon.colcon_core.package_discovery:discover_packages(path) discover
[3.856s] Level 1:colcon.colcon_core.package_discovery:discover_packages(path) using defaults
[4.059s] Level 1:colcon.colcon_core.package_discovery:discover_packages(prefix_path) check parameters
[4.059s] Level 1:colcon.colcon_core.package_discovery:discover_packages(prefix_path) discover
[4.083s] DEBUG:colcon.colcon_installed_package_information.package_discovery:Found 2 installed packages in /home/benjaminservey/Two_Wheel_Robot/install
[4.098s] DEBUG:colcon.colcon_installed_package_information.package_discovery:Found 306 installed packages in /opt/ros/humble
[4.113s] Level 1:colcon.colcon_core.package_discovery:discover_packages(prefix_path) using defaults
[4.798s] Level 5:colcon.colcon_core.verb:set package 'tutorial_interfaces' build argument 'cmake_args' from command line to 'None'
[4.798s] Level 5:colcon.colcon_core.verb:set package 'tutorial_interfaces' build argument 'cmake_target' from command line to 'None'
[4.799s] Level 5:colcon.colcon_core.verb:set package 'tutorial_interfaces' build argument 'cmake_target_skip_unavailable' from command line to 'False'
[4.799s] Level 5:colcon.colcon_core.verb:set package 'tutorial_interfaces' build argument 'cmake_clean_cache' from command line to 'False'
[4.799s] Level 5:colcon.colcon_core.verb:set package 'tutorial_interfaces' build argument 'cmake_clean_first' from command line to 'False'
[4.800s] Level 5:colcon.colcon_core.verb:set package 'tutorial_interfaces' build argument 'cmake_force_configure' from command line to 'False'
[4.800s] Level 5:colcon.colcon_core.verb:set package 'tutorial_interfaces' build argument 'ament_cmake_args' from command line to 'None'
[4.800s] Level 5:colcon.colcon_core.verb:set package 'tutorial_interfaces' build argument 'catkin_cmake_args' from command line to 'None'
[4.801s] Level 5:colcon.colcon_core.verb:set package 'tutorial_interfaces' build argument 'catkin_skip_building_tests' from command line to 'False'
[4.801s] DEBUG:colcon.colcon_core.verb:Building package 'tutorial_interfaces' with the following arguments: {'ament_cmake_args': None, 'build_base': '/home/benjaminservey/Two_Wheel_Robot/build/tutorial_interfaces', 'catkin_cmake_args': None, 'catkin_skip_building_tests': False, 'cmake_args': None, 'cmake_clean_cache': False, 'cmake_clean_first': False, 'cmake_force_configure': False, 'cmake_target': None, 'cmake_target_skip_unavailable': False, 'install_base': '/home/benjaminservey/Two_Wheel_Robot/install/tutorial_interfaces', 'merge_install': False, 'path': '/home/benjaminservey/Two_Wheel_Robot/src/tutorial_interfaces', 'symlink_install': True, 'test_result_base': None}
[4.811s] Level 5:colcon.colcon_core.verb:set package 'Two_Wheel_Robot' build argument 'cmake_args' from command line to 'None'
[4.812s] Level 5:colcon.colcon_core.verb:set package 'Two_Wheel_Robot' build argument 'cmake_target' from command line to 'None'
[4.812s] Level 5:colcon.colcon_core.verb:set package 'Two_Wheel_Robot' build argument 'cmake_target_skip_unavailable' from command line to 'False'
[4.812s] Level 5:colcon.colcon_core.verb:set package 'Two_Wheel_Robot' build argument 'cmake_clean_cache' from command line to 'False'
[4.813s] Level 5:colcon.colcon_core.verb:set package 'Two_Wheel_Robot' build argument 'cmake_clean_first' from command line to 'False'
[4.813s] Level 5:colcon.colcon_core.verb:set package 'Two_Wheel_Robot' build argument 'cmake_force_configure' from command line to 'False'
[4.813s] Level 5:colcon.colcon_core.verb:set package 'Two_Wheel_Robot' build argument 'ament_cmake_args' from command line to 'None'
[4.814s] Level 5:colcon.colcon_core.verb:set package 'Two_Wheel_Robot' build argument 'catkin_cmake_args' from command line to 'None'
[4.814s] Level 5:colcon.colcon_core.verb:set package 'Two_Wheel_Robot' build argument 'catkin_skip_building_tests' from command line to 'False'
[4.815s] DEBUG:colcon.colcon_core.verb:Building package 'Two_Wheel_Robot' with the following arguments: {'ament_cmake_args': None, 'build_base': '/home/benjaminservey/Two_Wheel_Robot/build/Two_Wheel_Robot', 'catkin_cmake_args': None, 'catkin_skip_building_tests': False, 'cmake_args': None, 'cmake_clean_cache': False, 'cmake_clean_first': False, 'cmake_force_configure': False, 'cmake_target': None, 'cmake_target_skip_unavailable': False, 'install_base': '/home/benjaminservey/Two_Wheel_Robot/install/Two_Wheel_Robot', 'merge_install': False, 'path': '/home/benjaminservey/Two_Wheel_Robot/src/Two_Wheel_Robot', 'symlink_install': True, 'test_result_base': None}
[4.822s] INFO:colcon.colcon_core.executor:Executing jobs using 'parallel' executor
[4.852s] DEBUG:colcon.colcon_parallel_executor.executor.parallel:run_until_complete
[4.855s] INFO:colcon.colcon_ros.task.ament_cmake.build:Building ROS package in '/home/benjaminservey/Two_Wheel_Robot/src/tutorial_interfaces' with build type 'ament_cmake'
[4.856s] INFO:colcon.colcon_cmake.task.cmake.build:Building CMake package in '/home/benjaminservey/Two_Wheel_Robot/src/tutorial_interfaces'
[4.894s] INFO:colcon.colcon_core.plugin_system:Skipping extension 'colcon_core.shell.bat': Not used on non-Windows systems
[4.896s] INFO:colcon.colcon_core.shell:Skip shell extension 'powershell' for command environment: Not usable outside of PowerShell
[4.896s] DEBUG:colcon.colcon_core.shell:Skip shell extension 'dsv' for command environment
[4.955s] DEBUG:colcon.colcon_core.event_handler.log_command:Invoking command in '/home/benjaminservey/Two_Wheel_Robot/build/tutorial_interfaces': CMAKE_PREFIX_PATH=${CMAKE_PREFIX_PATH}:/home/benjaminservey/Two_Wheel_Robot/install/Two_Wheel_Robot:/opt/ros/humble /usr/bin/cmake /home/benjaminservey/Two_Wheel_Robot/src/tutorial_interfaces -DAMENT_CMAKE_SYMLINK_INSTALL=1 -DCMAKE_INSTALL_PREFIX=/home/benjaminservey/Two_Wheel_Robot/install/tutorial_interfaces
[17.013s] DEBUG:colcon.colcon_core.event_handler.log_command:Invoked command in '/home/benjaminservey/Two_Wheel_Robot/build/tutorial_interfaces' returned '0': CMAKE_PREFIX_PATH=${CMAKE_PREFIX_PATH}:/home/benjaminservey/Two_Wheel_Robot/install/Two_Wheel_Robot:/opt/ros/humble /usr/bin/cmake /home/benjaminservey/Two_Wheel_Robot/src/tutorial_interfaces -DAMENT_CMAKE_SYMLINK_INSTALL=1 -DCMAKE_INSTALL_PREFIX=/home/benjaminservey/Two_Wheel_Robot/install/tutorial_interfaces
[17.030s] DEBUG:colcon.colcon_core.event_handler.log_command:Invoking command in '/home/benjaminservey/Two_Wheel_Robot/build/tutorial_interfaces': CMAKE_PREFIX_PATH=${CMAKE_PREFIX_PATH}:/home/benjaminservey/Two_Wheel_Robot/install/Two_Wheel_Robot:/opt/ros/humble /usr/bin/cmake --build /home/benjaminservey/Two_Wheel_Robot/build/tutorial_interfaces -- -j4 -l4
[38.945s] DEBUG:colcon.colcon_core.event_handler.log_command:Invoked command in '/home/benjaminservey/Two_Wheel_Robot/build/tutorial_interfaces' returned '0': CMAKE_PREFIX_PATH=${CMAKE_PREFIX_PATH}:/home/benjaminservey/Two_Wheel_Robot/install/Two_Wheel_Robot:/opt/ros/humble /usr/bin/cmake --build /home/benjaminservey/Two_Wheel_Robot/build/tutorial_interfaces -- -j4 -l4
[39.337s] DEBUG:colcon.colcon_core.event_handler.log_command:Invoking command in '/home/benjaminservey/Two_Wheel_Robot/build/tutorial_interfaces': CMAKE_PREFIX_PATH=${CMAKE_PREFIX_PATH}:/home/benjaminservey/Two_Wheel_Robot/install/Two_Wheel_Robot:/opt/ros/humble /usr/bin/cmake --install /home/benjaminservey/Two_Wheel_Robot/build/tutorial_interfaces
[44.479s] Level 1:colcon.colcon_core.environment:create_environment_scripts_only(tutorial_interfaces)
[44.490s] DEBUG:colcon.colcon_core.event_handler.log_command:Invoked command in '/home/benjaminservey/Two_Wheel_Robot/build/tutorial_interfaces' returned '0': CMAKE_PREFIX_PATH=${CMAKE_PREFIX_PATH}:/home/benjaminservey/Two_Wheel_Robot/install/Two_Wheel_Robot:/opt/ros/humble /usr/bin/cmake --install /home/benjaminservey/Two_Wheel_Robot/build/tutorial_interfaces
[44.561s] Level 1:colcon.colcon_core.environment:checking '/home/benjaminservey/Two_Wheel_Robot/install/tutorial_interfaces' for CMake module files
[44.568s] Level 1:colcon.colcon_core.environment:checking '/home/benjaminservey/Two_Wheel_Robot/install/tutorial_interfaces' for CMake config files
[44.576s] Level 1:colcon.colcon_core.shell:create_environment_hook('tutorial_interfaces', 'cmake_prefix_path')
[44.588s] INFO:colcon.colcon_core.shell:Creating environment hook '/home/benjaminservey/Two_Wheel_Robot/install/tutorial_interfaces/share/tutorial_interfaces/hook/cmake_prefix_path.ps1'
[44.593s] INFO:colcon.colcon_core.shell:Creating environment descriptor '/home/benjaminservey/Two_Wheel_Robot/install/tutorial_interfaces/share/tutorial_interfaces/hook/cmake_prefix_path.dsv'
[44.596s] INFO:colcon.colcon_core.shell:Creating environment hook '/home/benjaminservey/Two_Wheel_Robot/install/tutorial_interfaces/share/tutorial_interfaces/hook/cmake_prefix_path.sh'
[44.606s] Level 1:colcon.colcon_core.environment:checking '/home/benjaminservey/Two_Wheel_Robot/install/tutorial_interfaces/lib'
[44.608s] Level 1:colcon.colcon_core.shell:create_environment_hook('tutorial_interfaces', 'ld_library_path_lib')
[44.623s] INFO:colcon.colcon_core.shell:Creating environment hook '/home/benjaminservey/Two_Wheel_Robot/install/tutorial_interfaces/share/tutorial_interfaces/hook/ld_library_path_lib.ps1'
[44.627s] INFO:colcon.colcon_core.shell:Creating environment descriptor '/home/benjaminservey/Two_Wheel_Robot/install/tutorial_interfaces/share/tutorial_interfaces/hook/ld_library_path_lib.dsv'
[44.630s] INFO:colcon.colcon_core.shell:Creating environment hook '/home/benjaminservey/Two_Wheel_Robot/install/tutorial_interfaces/share/tutorial_interfaces/hook/ld_library_path_lib.sh'
[44.633s] Level 1:colcon.colcon_core.environment:checking '/home/benjaminservey/Two_Wheel_Robot/install/tutorial_interfaces/bin'
[44.634s] Level 1:colcon.colcon_core.environment:checking '/home/benjaminservey/Two_Wheel_Robot/install/tutorial_interfaces/lib/pkgconfig/tutorial_interfaces.pc'
[44.637s] Level 1:colcon.colcon_core.environment:checking '/home/benjaminservey/Two_Wheel_Robot/install/tutorial_interfaces/lib/python3.10/site-packages'
[44.639s] Level 1:colcon.colcon_core.environment:checking '/home/benjaminservey/Two_Wheel_Robot/install/tutorial_interfaces/bin'
[44.653s] INFO:colcon.colcon_core.shell:Creating package script '/home/benjaminservey/Two_Wheel_Robot/install/tutorial_interfaces/share/tutorial_interfaces/package.ps1'
[44.659s] INFO:colcon.colcon_core.shell:Creating package descriptor '/home/benjaminservey/Two_Wheel_Robot/install/tutorial_interfaces/share/tutorial_interfaces/package.dsv'
[44.664s] INFO:colcon.colcon_core.shell:Creating package script '/home/benjaminservey/Two_Wheel_Robot/install/tutorial_interfaces/share/tutorial_interfaces/package.sh'
[44.671s] INFO:colcon.colcon_core.shell:Creating package script '/home/benjaminservey/Two_Wheel_Robot/install/tutorial_interfaces/share/tutorial_interfaces/package.bash'
[44.677s] INFO:colcon.colcon_core.shell:Creating package script '/home/benjaminservey/Two_Wheel_Robot/install/tutorial_interfaces/share/tutorial_interfaces/package.zsh'
[44.682s] Level 1:colcon.colcon_core.environment:create_file_with_runtime_dependencies(/home/benjaminservey/Two_Wheel_Robot/install/tutorial_interfaces/share/colcon-core/packages/tutorial_interfaces)
[45.017s] Level 1:colcon.colcon_core.environment:create_environment_scripts_only(tutorial_interfaces)
[45.052s] Level 1:colcon.colcon_core.environment:checking '/home/benjaminservey/Two_Wheel_Robot/install/tutorial_interfaces' for CMake module files
[45.059s] Level 1:colcon.colcon_core.environment:checking '/home/benjaminservey/Two_Wheel_Robot/install/tutorial_interfaces' for CMake config files
[45.068s] Level 1:colcon.colcon_core.shell:create_environment_hook('tutorial_interfaces', 'cmake_prefix_path')
[45.082s] INFO:colcon.colcon_core.shell:Creating environment hook '/home/benjaminservey/Two_Wheel_Robot/install/tutorial_interfaces/share/tutorial_interfaces/hook/cmake_prefix_path.ps1'
[45.086s] INFO:colcon.colcon_core.shell:Creating environment descriptor '/home/benjaminservey/Two_Wheel_Robot/install/tutorial_interfaces/share/tutorial_interfaces/hook/cmake_prefix_path.dsv'
[45.088s] INFO:colcon.colcon_core.shell:Creating environment hook '/home/benjaminservey/Two_Wheel_Robot/install/tutorial_interfaces/share/tutorial_interfaces/hook/cmake_prefix_path.sh'
[45.093s] Level 1:colcon.colcon_core.environment:checking '/home/benjaminservey/Two_Wheel_Robot/install/tutorial_interfaces/lib'
[45.094s] Level 1:colcon.colcon_core.shell:create_environment_hook('tutorial_interfaces', 'ld_library_path_lib')
[45.106s] INFO:colcon.colcon_core.shell:Creating environment hook '/home/benjaminservey/Two_Wheel_Robot/install/tutorial_interfaces/share/tutorial_interfaces/hook/ld_library_path_lib.ps1'
[45.109s] INFO:colcon.colcon_core.shell:Creating environment descriptor '/home/benjaminservey/Two_Wheel_Robot/install/tutorial_interfaces/share/tutorial_interfaces/hook/ld_library_path_lib.dsv'
[45.112s] INFO:colcon.colcon_core.shell:Creating environment hook '/home/benjaminservey/Two_Wheel_Robot/install/tutorial_interfaces/share/tutorial_interfaces/hook/ld_library_path_lib.sh'
[45.115s] Level 1:colcon.colcon_core.environment:checking '/home/benjaminservey/Two_Wheel_Robot/install/tutorial_interfaces/bin'
[45.116s] Level 1:colcon.colcon_core.environment:checking '/home/benjaminservey/Two_Wheel_Robot/install/tutorial_interfaces/lib/pkgconfig/tutorial_interfaces.pc'
[45.118s] Level 1:colcon.colcon_core.environment:checking '/home/benjaminservey/Two_Wheel_Robot/install/tutorial_interfaces/lib/python3.10/site-packages'
[45.120s] Level 1:colcon.colcon_core.environment:checking '/home/benjaminservey/Two_Wheel_Robot/install/tutorial_interfaces/bin'
[45.139s] INFO:colcon.colcon_core.shell:Creating package script '/home/benjaminservey/Two_Wheel_Robot/install/tutorial_interfaces/share/tutorial_interfaces/package.ps1'
[45.143s] INFO:colcon.colcon_core.shell:Creating package descriptor '/home/benjaminservey/Two_Wheel_Robot/install/tutorial_interfaces/share/tutorial_interfaces/package.dsv'
[45.147s] INFO:colcon.colcon_core.shell:Creating package script '/home/benjaminservey/Two_Wheel_Robot/install/tutorial_interfaces/share/tutorial_interfaces/package.sh'
[45.151s] INFO:colcon.colcon_core.shell:Creating package script '/home/benjaminservey/Two_Wheel_Robot/install/tutorial_interfaces/share/tutorial_interfaces/package.bash'
[45.155s] INFO:colcon.colcon_core.shell:Creating package script '/home/benjaminservey/Two_Wheel_Robot/install/tutorial_interfaces/share/tutorial_interfaces/package.zsh'
[45.158s] Level 1:colcon.colcon_core.environment:create_file_with_runtime_dependencies(/home/benjaminservey/Two_Wheel_Robot/install/tutorial_interfaces/share/colcon-core/packages/tutorial_interfaces)
[45.161s] INFO:colcon.colcon_ros.task.ament_python.build:Building ROS package in '/home/benjaminservey/Two_Wheel_Robot/src/Two_Wheel_Robot' with build type 'ament_python'
[45.162s] Level 1:colcon.colcon_core.shell:create_environment_hook('Two_Wheel_Robot', 'ament_prefix_path')
[45.176s] INFO:colcon.colcon_core.shell:Creating environment hook '/home/benjaminservey/Two_Wheel_Robot/install/Two_Wheel_Robot/share/Two_Wheel_Robot/hook/ament_prefix_path.ps1'
[45.181s] INFO:colcon.colcon_core.shell:Creating environment descriptor '/home/benjaminservey/Two_Wheel_Robot/install/Two_Wheel_Robot/share/Two_Wheel_Robot/hook/ament_prefix_path.dsv'
[45.184s] INFO:colcon.colcon_core.shell:Creating environment hook '/home/benjaminservey/Two_Wheel_Robot/install/Two_Wheel_Robot/share/Two_Wheel_Robot/hook/ament_prefix_path.sh'
[45.200s] INFO:colcon.colcon_core.shell:Skip shell extension 'powershell' for command environment: Not usable outside of PowerShell
[45.201s] DEBUG:colcon.colcon_core.shell:Skip shell extension 'dsv' for command environment
[47.948s] INFO:colcon.colcon_core.task.python.build:Building Python package in '/home/benjaminservey/Two_Wheel_Robot/src/Two_Wheel_Robot'
[47.971s] INFO:colcon.colcon_core.shell:Skip shell extension 'powershell' for command environment: Not usable outside of PowerShell
[47.972s] DEBUG:colcon.colcon_core.shell:Skip shell extension 'dsv' for command environment
[51.810s] DEBUG:colcon.colcon_core.event_handler.log_command:Invoking command in '/home/benjaminservey/Two_Wheel_Robot/build/Two_Wheel_Robot': PYTHONPATH=/home/benjaminservey/Two_Wheel_Robot/build/Two_Wheel_Robot/prefix_override:/home/benjaminservey/Two_Wheel_Robot/install/Two_Wheel_Robot/lib/python3.10/site-packages:${PYTHONPATH} /usr/bin/python3 setup.py develop --editable --build-directory /home/benjaminservey/Two_Wheel_Robot/build/Two_Wheel_Robot/build --no-deps install_data
[56.900s] Level 1:colcon.colcon_core.shell:create_environment_hook('Two_Wheel_Robot', 'pythonpath_develop')
[56.933s] DEBUG:colcon.colcon_core.event_handler.log_command:Invoked command in '/home/benjaminservey/Two_Wheel_Robot/build/Two_Wheel_Robot' returned '0': PYTHONPATH=/home/benjaminservey/Two_Wheel_Robot/build/Two_Wheel_Robot/prefix_override:/home/benjaminservey/Two_Wheel_Robot/install/Two_Wheel_Robot/lib/python3.10/site-packages:${PYTHONPATH} /usr/bin/python3 setup.py develop --editable --build-directory /home/benjaminservey/Two_Wheel_Robot/build/Two_Wheel_Robot/build --no-deps install_data
[56.972s] INFO:colcon.colcon_core.shell:Creating environment hook '/home/benjaminservey/Two_Wheel_Robot/build/Two_Wheel_Robot/share/Two_Wheel_Robot/hook/pythonpath_develop.ps1'
[56.979s] INFO:colcon.colcon_core.shell:Creating environment descriptor '/home/benjaminservey/Two_Wheel_Robot/build/Two_Wheel_Robot/share/Two_Wheel_Robot/hook/pythonpath_develop.dsv'
[56.985s] INFO:colcon.colcon_core.shell:Creating environment hook '/home/benjaminservey/Two_Wheel_Robot/build/Two_Wheel_Robot/share/Two_Wheel_Robot/hook/pythonpath_develop.sh'
[57.025s] Level 1:colcon.colcon_core.environment:checking '/home/benjaminservey/Two_Wheel_Robot/install/Two_Wheel_Robot' for CMake module files
[57.030s] Level 1:colcon.colcon_core.environment:checking '/home/benjaminservey/Two_Wheel_Robot/install/Two_Wheel_Robot' for CMake config files
[57.035s] Level 1:colcon.colcon_core.environment:checking '/home/benjaminservey/Two_Wheel_Robot/install/Two_Wheel_Robot/lib'
[57.036s] Level 1:colcon.colcon_core.environment:checking '/home/benjaminservey/Two_Wheel_Robot/install/Two_Wheel_Robot/bin'
[57.037s] Level 1:colcon.colcon_core.environment:checking '/home/benjaminservey/Two_Wheel_Robot/install/Two_Wheel_Robot/lib/pkgconfig/Two_Wheel_Robot.pc'
[57.040s] Level 1:colcon.colcon_core.environment:checking '/home/benjaminservey/Two_Wheel_Robot/install/Two_Wheel_Robot/lib/python3.10/site-packages'
[57.041s] Level 1:colcon.colcon_core.shell:create_environment_hook('Two_Wheel_Robot', 'pythonpath')
[57.055s] INFO:colcon.colcon_core.shell:Creating environment hook '/home/benjaminservey/Two_Wheel_Robot/install/Two_Wheel_Robot/share/Two_Wheel_Robot/hook/pythonpath.ps1'
[57.059s] INFO:colcon.colcon_core.shell:Creating environment descriptor '/home/benjaminservey/Two_Wheel_Robot/install/Two_Wheel_Robot/share/Two_Wheel_Robot/hook/pythonpath.dsv'
[57.061s] INFO:colcon.colcon_core.shell:Creating environment hook '/home/benjaminservey/Two_Wheel_Robot/install/Two_Wheel_Robot/share/Two_Wheel_Robot/hook/pythonpath.sh'
[57.066s] Level 1:colcon.colcon_core.environment:checking '/home/benjaminservey/Two_Wheel_Robot/install/Two_Wheel_Robot/bin'
[57.067s] Level 1:colcon.colcon_core.environment:create_environment_scripts_only(Two_Wheel_Robot)
[57.080s] INFO:colcon.colcon_core.shell:Creating package script '/home/benjaminservey/Two_Wheel_Robot/install/Two_Wheel_Robot/share/Two_Wheel_Robot/package.ps1'
[57.087s] INFO:colcon.colcon_core.shell:Creating package descriptor '/home/benjaminservey/Two_Wheel_Robot/install/Two_Wheel_Robot/share/Two_Wheel_Robot/package.dsv'
[57.093s] INFO:colcon.colcon_core.shell:Creating package script '/home/benjaminservey/Two_Wheel_Robot/install/Two_Wheel_Robot/share/Two_Wheel_Robot/package.sh'
[57.097s] INFO:colcon.colcon_core.shell:Creating package script '/home/benjaminservey/Two_Wheel_Robot/install/Two_Wheel_Robot/share/Two_Wheel_Robot/package.bash'
[57.101s] INFO:colcon.colcon_core.shell:Creating package script '/home/benjaminservey/Two_Wheel_Robot/install/Two_Wheel_Robot/share/Two_Wheel_Robot/package.zsh'
[57.104s] Level 1:colcon.colcon_core.environment:create_file_with_runtime_dependencies(/home/benjaminservey/Two_Wheel_Robot/install/Two_Wheel_Robot/share/colcon-core/packages/Two_Wheel_Robot)
[57.106s] DEBUG:colcon.colcon_parallel_executor.executor.parallel:closing loop
[57.109s] DEBUG:colcon.colcon_parallel_executor.executor.parallel:loop closed
[57.110s] DEBUG:colcon.colcon_parallel_executor.executor.parallel:run_until_complete finished with '0'
[57.110s] DEBUG:colcon.colcon_core.event_reactor:joining thread
[57.187s] INFO:colcon.colcon_core.plugin_system:Skipping extension 'colcon_notification.desktop_notification.terminal_notifier': Not used on non-Darwin systems
[57.188s] INFO:colcon.colcon_core.plugin_system:Skipping extension 'colcon_notification.desktop_notification.win32': Not used on non-Windows systems
[57.189s] INFO:colcon.colcon_notification.desktop_notification:Sending desktop notification using 'notify2'
[57.312s] DEBUG:colcon.colcon_core.event_reactor:joined thread
[57.330s] INFO:colcon.colcon_core.shell:Creating prefix script '/home/benjaminservey/Two_Wheel_Robot/install/local_setup.ps1'
[57.339s] INFO:colcon.colcon_core.shell:Creating prefix util module '/home/benjaminservey/Two_Wheel_Robot/install/_local_setup_util_ps1.py'
[57.351s] INFO:colcon.colcon_core.shell:Creating prefix chain script '/home/benjaminservey/Two_Wheel_Robot/install/setup.ps1'
[57.363s] INFO:colcon.colcon_core.shell:Creating prefix script '/home/benjaminservey/Two_Wheel_Robot/install/local_setup.sh'
[57.368s] INFO:colcon.colcon_core.shell:Creating prefix util module '/home/benjaminservey/Two_Wheel_Robot/install/_local_setup_util_sh.py'
[57.374s] INFO:colcon.colcon_core.shell:Creating prefix chain script '/home/benjaminservey/Two_Wheel_Robot/install/setup.sh'
[57.386s] INFO:colcon.colcon_core.shell:Creating prefix script '/home/benjaminservey/Two_Wheel_Robot/install/local_setup.bash'
[57.390s] INFO:colcon.colcon_core.shell:Creating prefix chain script '/home/benjaminservey/Two_Wheel_Robot/install/setup.bash'
[57.401s] INFO:colcon.colcon_core.shell:Creating prefix script '/home/benjaminservey/Two_Wheel_Robot/install/local_setup.zsh'
[57.405s] INFO:colcon.colcon_core.shell:Creating prefix chain script '/home/benjaminservey/Two_Wheel_Robot/install/setup.zsh'
