[0.701s] Invoking command in '/home/benjamin/Two_Wheel_Robot/build/Two_Wheel_Robot': PYTHONPATH=/home/benjamin/Two_Wheel_Robot/build/Two_Wheel_Robot/prefix_override:/home/benjamin/Two_Wheel_Robot/install/Two_Wheel_Robot/lib/python3.10/site-packages:${PYTHONPATH} /usr/bin/python3 setup.py develop --uninstall --editable --build-directory /home/benjamin/Two_Wheel_Robot/build/Two_Wheel_Robot/build
[0.975s] running develop
[1.187s] Removing /home/benjamin/Two_Wheel_Robot/install/Two_Wheel_Robot/lib/python3.10/site-packages/Two-Wheel-Robot.egg-link (link to .)
[1.226s] Invoked command in '/home/benjamin/Two_Wheel_Robot/build/Two_Wheel_Robot' returned '0': PYTHONPATH=/home/benjamin/Two_Wheel_Robot/build/Two_Wheel_Robot/prefix_override:/home/benjamin/Two_Wheel_Robot/install/Two_Wheel_Robot/lib/python3.10/site-packages:${PYTHONPATH} /usr/bin/python3 setup.py develop --uninstall --editable --build-directory /home/benjamin/Two_Wheel_Robot/build/Two_Wheel_Robot/build
[1.230s] Invoking command in '/home/benjamin/Two_Wheel_Robot/src/Two_Wheel_Robot': PYTHONPATH=/home/benjamin/Two_Wheel_Robot/build/Two_Wheel_Robot/prefix_override:/home/benjamin/Two_Wheel_Robot/install/Two_Wheel_Robot/lib/python3.10/site-packages:${PYTHONPATH} /usr/bin/python3 setup.py egg_info --egg-base ../../build/Two_Wheel_Robot build --build-base /home/benjamin/Two_Wheel_Robot/build/Two_Wheel_Robot/build install --record /home/benjamin/Two_Wheel_Robot/build/Two_Wheel_Robot/install.log --single-version-externally-managed
[1.499s] running egg_info
[1.499s] writing ../../build/Two_Wheel_Robot/Two_Wheel_Robot.egg-info/PKG-INFO
[1.500s] writing dependency_links to ../../build/Two_Wheel_Robot/Two_Wheel_Robot.egg-info/dependency_links.txt
[1.500s] writing entry points to ../../build/Two_Wheel_Robot/Two_Wheel_Robot.egg-info/entry_points.txt
[1.500s] writing requirements to ../../build/Two_Wheel_Robot/Two_Wheel_Robot.egg-info/requires.txt
[1.500s] writing top-level names to ../../build/Two_Wheel_Robot/Two_Wheel_Robot.egg-info/top_level.txt
[1.501s] reading manifest file '../../build/Two_Wheel_Robot/Two_Wheel_Robot.egg-info/SOURCES.txt'
[1.502s] writing manifest file '../../build/Two_Wheel_Robot/Two_Wheel_Robot.egg-info/SOURCES.txt'
[1.502s] running build
[1.502s] running build_py
[1.502s] creating /home/benjamin/Two_Wheel_Robot/build/Two_Wheel_Robot/build
[1.502s] creating /home/benjamin/Two_Wheel_Robot/build/Two_Wheel_Robot/build/lib
[1.502s] creating /home/benjamin/Two_Wheel_Robot/build/Two_Wheel_Robot/build/lib/Two_Wheel_Robot
[1.503s] copying Two_Wheel_Robot/publisher_member_function.py -> /home/benjamin/Two_Wheel_Robot/build/Two_Wheel_Robot/build/lib/Two_Wheel_Robot
[1.503s] copying Two_Wheel_Robot/Encoder_Counter.py -> /home/benjamin/Two_Wheel_Robot/build/Two_Wheel_Robot/build/lib/Two_Wheel_Robot
[1.503s] copying Two_Wheel_Robot/subscriber_member_function.py -> /home/benjamin/Two_Wheel_Robot/build/Two_Wheel_Robot/build/lib/Two_Wheel_Robot
[1.503s] copying Two_Wheel_Robot/__init__.py -> /home/benjamin/Two_Wheel_Robot/build/Two_Wheel_Robot/build/lib/Two_Wheel_Robot
[1.503s] copying Two_Wheel_Robot/Encoder_Reader.py -> /home/benjamin/Two_Wheel_Robot/build/Two_Wheel_Robot/build/lib/Two_Wheel_Robot
[1.503s] running install
[1.503s] running install_lib
[1.504s] copying /home/benjamin/Two_Wheel_Robot/build/Two_Wheel_Robot/build/lib/Two_Wheel_Robot/publisher_member_function.py -> /home/benjamin/Two_Wheel_Robot/install/Two_Wheel_Robot/lib/python3.10/site-packages/Two_Wheel_Robot
[1.504s] byte-compiling /home/benjamin/Two_Wheel_Robot/install/Two_Wheel_Robot/lib/python3.10/site-packages/Two_Wheel_Robot/publisher_member_function.py to publisher_member_function.cpython-310.pyc
[1.505s] running install_data
[1.505s] running install_egg_info
[1.506s] removing '/home/benjamin/Two_Wheel_Robot/install/Two_Wheel_Robot/lib/python3.10/site-packages/Two_Wheel_Robot-0.0.0-py3.10.egg-info' (and everything under it)
[1.507s] Copying ../../build/Two_Wheel_Robot/Two_Wheel_Robot.egg-info to /home/benjamin/Two_Wheel_Robot/install/Two_Wheel_Robot/lib/python3.10/site-packages/Two_Wheel_Robot-0.0.0-py3.10.egg-info
[1.507s] running install_scripts
[1.527s] Installing encoder_counter script to /home/benjamin/Two_Wheel_Robot/install/Two_Wheel_Robot/lib/Two_Wheel_Robot
[1.527s] Installing encoder_reader script to /home/benjamin/Two_Wheel_Robot/install/Two_Wheel_Robot/lib/Two_Wheel_Robot
[1.527s] Installing listener script to /home/benjamin/Two_Wheel_Robot/install/Two_Wheel_Robot/lib/Two_Wheel_Robot
[1.527s] Installing talker script to /home/benjamin/Two_Wheel_Robot/install/Two_Wheel_Robot/lib/Two_Wheel_Robot
[1.527s] writing list of installed files to '/home/benjamin/Two_Wheel_Robot/build/Two_Wheel_Robot/install.log'
[1.554s] Invoked command in '/home/benjamin/Two_Wheel_Robot/src/Two_Wheel_Robot' returned '0': PYTHONPATH=/home/benjamin/Two_Wheel_Robot/build/Two_Wheel_Robot/prefix_override:/home/benjamin/Two_Wheel_Robot/install/Two_Wheel_Robot/lib/python3.10/site-packages:${PYTHONPATH} /usr/bin/python3 setup.py egg_info --egg-base ../../build/Two_Wheel_Robot build --build-base /home/benjamin/Two_Wheel_Robot/build/Two_Wheel_Robot/build install --record /home/benjamin/Two_Wheel_Robot/build/Two_Wheel_Robot/install.log --single-version-externally-managed
