[0.014s] Invoking command in '/home/benjamin/Two_Wheel_Robot/build/tutorial_interfaces': CMAKE_PREFIX_PATH=${CMAKE_PREFIX_PATH}:/home/benjamin/Two_Wheel_Robot/install/Two_Wheel_Robot:/opt/ros/humble /usr/bin/cmake --build /home/benjamin/Two_Wheel_Robot/build/tutorial_interfaces -- -j12 -l12
[0.036s] -- Found ament_cmake: 1.3.3 (/opt/ros/humble/share/ament_cmake/cmake)
[0.184s] -- Found ament_lint_auto: 0.12.5 (/opt/ros/humble/share/ament_lint_auto/cmake)
[0.247s] -- Found rosidl_default_generators: 1.2.0 (/opt/ros/humble/share/rosidl_default_generators/cmake)
[0.249s] -- Using all available rosidl_typesupport_c: rosidl_typesupport_fastrtps_c;rosidl_typesupport_introspection_c
[0.251s] -- Found rosidl_adapter: 3.1.4 (/opt/ros/humble/share/rosidl_adapter/cmake)
[0.284s] -- Using all available rosidl_typesupport_cpp: rosidl_typesupport_fastrtps_cpp;rosidl_typesupport_introspection_cpp
[0.506s] -- Found ament_cmake_ros: 0.10.0 (/opt/ros/humble/share/ament_cmake_ros/cmake)
[0.683s] -- Using all available rosidl_typesupport_c: rosidl_typesupport_fastrtps_c;rosidl_typesupport_introspection_c
[0.915s] -- Using all available rosidl_typesupport_cpp: rosidl_typesupport_fastrtps_cpp;rosidl_typesupport_introspection_cpp
[0.936s] -- Found PythonInterp: /usr/bin/python3 (found suitable version "3.10.6", minimum required is "3.6") 
[0.938s] -- Found python_cmake_module: 0.10.0 (/opt/ros/humble/share/python_cmake_module/cmake)
[0.963s] -- Found PythonLibs: /usr/lib/x86_64-linux-gnu/libpython3.10.so (found suitable version "3.10.6", minimum required is "3.5") 
[0.963s] -- Using PYTHON_EXECUTABLE: /usr/bin/python3
[0.963s] -- Using PYTHON_INCLUDE_DIRS: /usr/include/python3.10
[0.963s] -- Using PYTHON_LIBRARIES: /usr/lib/x86_64-linux-gnu/libpython3.10.so
[0.982s] -- Found PythonExtra: .so  
[1.020s] -- Added test 'lint_cmake' to check CMake code style
[1.022s] -- Added test 'xmllint' to check XML markup files
[1.027s] -- Configuring done
[1.058s] -- Generating done
[1.062s] -- Build files have been written to: /home/benjamin/Two_Wheel_Robot/build/tutorial_interfaces
[1.090s] [  3%] [34m[1mGenerating C code for ROS interfaces[0m
[1.096s] [  6%] [34m[1mGenerating C++ code for ROS interfaces[0m
[1.104s] [  6%] Built target ament_cmake_python_copy_tutorial_interfaces
[1.429s] [  9%] [32mBuilding C object CMakeFiles/tutorial_interfaces__rosidl_generator_c.dir/rosidl_generator_c/tutorial_interfaces/msg/detail/encoder__functions.c.o[0m
[1.447s] running egg_info
[1.448s] creating tutorial_interfaces.egg-info
[1.448s] writing tutorial_interfaces.egg-info/PKG-INFO
[1.448s] writing dependency_links to tutorial_interfaces.egg-info/dependency_links.txt
[1.449s] writing top-level names to tutorial_interfaces.egg-info/top_level.txt
[1.449s] writing manifest file 'tutorial_interfaces.egg-info/SOURCES.txt'
[1.452s] reading manifest file 'tutorial_interfaces.egg-info/SOURCES.txt'
[1.453s] writing manifest file 'tutorial_interfaces.egg-info/SOURCES.txt'
[1.457s] [  9%] Built target tutorial_interfaces__cpp
[1.467s] [ 19%] [34m[1mGenerating C++ type support dispatch for ROS interfaces[0m
[1.467s] [ 19%] [34m[1mGenerating C++ type support for eProsima Fast-RTPS[0m
[1.467s] [ 19%] [34m[1mGenerating C++ introspection for ROS interfaces[0m
[1.485s] [ 19%] Built target ament_cmake_python_build_tutorial_interfaces_egg
[1.650s] [ 22%] [32m[1mLinking C shared library libtutorial_interfaces__rosidl_generator_c.so[0m
[1.720s] [ 25%] [32mBuilding CXX object CMakeFiles/tutorial_interfaces__rosidl_typesupport_fastrtps_cpp.dir/rosidl_typesupport_fastrtps_cpp/tutorial_interfaces/msg/detail/dds_fastrtps/encoder__type_support.cpp.o[0m
[1.734s] [ 29%] [32mBuilding CXX object CMakeFiles/tutorial_interfaces__rosidl_typesupport_cpp.dir/rosidl_typesupport_cpp/tutorial_interfaces/msg/encoder__type_support.cpp.o[0m
[1.740s] [ 29%] Built target tutorial_interfaces__rosidl_generator_c
[1.750s] [ 38%] [34m[1mGenerating C type support dispatch for ROS interfaces[0m
[1.750s] [ 38%] [34m[1mGenerating C introspection for ROS interfaces[0m
[1.751s] [ 38%] [34m[1mGenerating C type support for eProsima Fast-RTPS[0m
[1.775s] [ 41%] [32mBuilding CXX object CMakeFiles/tutorial_interfaces__rosidl_typesupport_introspection_cpp.dir/rosidl_typesupport_introspection_cpp/tutorial_interfaces/msg/detail/encoder__type_support.cpp.o[0m
[2.027s] [ 45%] [32mBuilding C object CMakeFiles/tutorial_interfaces__rosidl_typesupport_introspection_c.dir/rosidl_typesupport_introspection_c/tutorial_interfaces/msg/detail/encoder__type_support.c.o[0m
[2.065s] [ 48%] [32m[1mLinking C shared library libtutorial_interfaces__rosidl_typesupport_introspection_c.so[0m
[2.100s] [ 48%] Built target tutorial_interfaces__rosidl_typesupport_introspection_c
[2.109s] [ 51%] [32mBuilding CXX object CMakeFiles/tutorial_interfaces__rosidl_typesupport_c.dir/rosidl_typesupport_c/tutorial_interfaces/msg/encoder__type_support.cpp.o[0m
[2.142s] [ 54%] [32mBuilding CXX object CMakeFiles/tutorial_interfaces__rosidl_typesupport_fastrtps_c.dir/rosidl_typesupport_fastrtps_c/tutorial_interfaces/msg/detail/encoder__type_support_c.cpp.o[0m
[2.150s] [ 58%] [32m[1mLinking CXX shared library libtutorial_interfaces__rosidl_typesupport_c.so[0m
[2.153s] [ 61%] [32m[1mLinking CXX shared library libtutorial_interfaces__rosidl_typesupport_cpp.so[0m
[2.196s] [ 61%] Built target tutorial_interfaces__rosidl_typesupport_c
[2.200s] [ 61%] Built target tutorial_interfaces__rosidl_typesupport_cpp
[2.232s] [ 64%] [32m[1mLinking CXX shared library libtutorial_interfaces__rosidl_typesupport_introspection_cpp.so[0m
[2.257s] [ 67%] [32m[1mLinking CXX shared library libtutorial_interfaces__rosidl_typesupport_fastrtps_cpp.so[0m
[2.276s] [ 67%] Built target tutorial_interfaces__rosidl_typesupport_introspection_cpp
[2.343s] [ 67%] Built target tutorial_interfaces__rosidl_typesupport_fastrtps_cpp
[2.457s] [ 70%] [32m[1mLinking CXX shared library libtutorial_interfaces__rosidl_typesupport_fastrtps_c.so[0m
[2.546s] [ 70%] Built target tutorial_interfaces__rosidl_typesupport_fastrtps_c
[2.565s] [ 70%] Built target tutorial_interfaces
[2.582s] [ 74%] [34m[1mGenerating Python code for ROS interfaces[0m
[2.926s] [ 74%] Built target tutorial_interfaces__py
[2.946s] [ 77%] [32mBuilding C object CMakeFiles/tutorial_interfaces__rosidl_generator_py.dir/rosidl_generator_py/tutorial_interfaces/msg/_encoder_s.c.o[0m
[3.034s] [ 80%] [32m[1mLinking C shared library rosidl_generator_py/tutorial_interfaces/libtutorial_interfaces__rosidl_generator_py.so[0m
[3.080s] [ 80%] Built target tutorial_interfaces__rosidl_generator_py
[3.099s] [ 83%] [32mBuilding C object CMakeFiles/tutorial_interfaces__rosidl_typesupport_fastrtps_c__pyext.dir/rosidl_generator_py/tutorial_interfaces/_tutorial_interfaces_s.ep.rosidl_typesupport_fastrtps_c.c.o[0m
[3.099s] [ 87%] [32mBuilding C object CMakeFiles/tutorial_interfaces__rosidl_typesupport_introspection_c__pyext.dir/rosidl_generator_py/tutorial_interfaces/_tutorial_interfaces_s.ep.rosidl_typesupport_introspection_c.c.o[0m
[3.100s] [ 90%] [32mBuilding C object CMakeFiles/tutorial_interfaces__rosidl_typesupport_c__pyext.dir/rosidl_generator_py/tutorial_interfaces/_tutorial_interfaces_s.ep.rosidl_typesupport_c.c.o[0m
[3.185s] [ 96%] [32m[1mLinking C shared library rosidl_generator_py/tutorial_interfaces/tutorial_interfaces_s__rosidl_typesupport_introspection_c.cpython-310-x86_64-linux-gnu.so[0m
[3.185s] [ 96%] [32m[1mLinking C shared library rosidl_generator_py/tutorial_interfaces/tutorial_interfaces_s__rosidl_typesupport_c.cpython-310-x86_64-linux-gnu.so[0m
[3.195s] [100%] [32m[1mLinking C shared library rosidl_generator_py/tutorial_interfaces/tutorial_interfaces_s__rosidl_typesupport_fastrtps_c.cpython-310-x86_64-linux-gnu.so[0m
[3.218s] [100%] Built target tutorial_interfaces__rosidl_typesupport_c__pyext
[3.218s] [100%] Built target tutorial_interfaces__rosidl_typesupport_introspection_c__pyext
[3.230s] [100%] Built target tutorial_interfaces__rosidl_typesupport_fastrtps_c__pyext
[3.241s] Invoked command in '/home/benjamin/Two_Wheel_Robot/build/tutorial_interfaces' returned '0': CMAKE_PREFIX_PATH=${CMAKE_PREFIX_PATH}:/home/benjamin/Two_Wheel_Robot/install/Two_Wheel_Robot:/opt/ros/humble /usr/bin/cmake --build /home/benjamin/Two_Wheel_Robot/build/tutorial_interfaces -- -j12 -l12
[3.306s] Invoking command in '/home/benjamin/Two_Wheel_Robot/build/tutorial_interfaces': CMAKE_PREFIX_PATH=${CMAKE_PREFIX_PATH}:/home/benjamin/Two_Wheel_Robot/install/Two_Wheel_Robot:/opt/ros/humble /usr/bin/cmake --install /home/benjamin/Two_Wheel_Robot/build/tutorial_interfaces
[3.313s] -- Install configuration: ""
[3.313s] -- Installing: /home/benjamin/Two_Wheel_Robot/install/tutorial_interfaces/share/ament_index/resource_index/rosidl_interfaces/tutorial_interfaces
[3.313s] -- Installing: /home/benjamin/Two_Wheel_Robot/install/tutorial_interfaces/include/tutorial_interfaces/tutorial_interfaces
[3.313s] -- Installing: /home/benjamin/Two_Wheel_Robot/install/tutorial_interfaces/include/tutorial_interfaces/tutorial_interfaces/msg
[3.313s] -- Installing: /home/benjamin/Two_Wheel_Robot/install/tutorial_interfaces/include/tutorial_interfaces/tutorial_interfaces/msg/detail
[3.314s] -- Installing: /home/benjamin/Two_Wheel_Robot/install/tutorial_interfaces/include/tutorial_interfaces/tutorial_interfaces/msg/detail/encoder__type_support.h
[3.314s] -- Installing: /home/benjamin/Two_Wheel_Robot/install/tutorial_interfaces/include/tutorial_interfaces/tutorial_interfaces/msg/detail/encoder__functions.c
[3.314s] -- Installing: /home/benjamin/Two_Wheel_Robot/install/tutorial_interfaces/include/tutorial_interfaces/tutorial_interfaces/msg/detail/encoder__functions.h
[3.314s] -- Installing: /home/benjamin/Two_Wheel_Robot/install/tutorial_interfaces/include/tutorial_interfaces/tutorial_interfaces/msg/detail/encoder__struct.h
[3.314s] -- Installing: /home/benjamin/Two_Wheel_Robot/install/tutorial_interfaces/include/tutorial_interfaces/tutorial_interfaces/msg/rosidl_generator_c__visibility_control.h
[3.314s] -- Installing: /home/benjamin/Two_Wheel_Robot/install/tutorial_interfaces/include/tutorial_interfaces/tutorial_interfaces/msg/encoder.h
[3.314s] -- Installing: /home/benjamin/Two_Wheel_Robot/install/tutorial_interfaces/share/tutorial_interfaces/environment/library_path.sh
[3.314s] -- Installing: /home/benjamin/Two_Wheel_Robot/install/tutorial_interfaces/share/tutorial_interfaces/environment/library_path.dsv
[3.314s] -- Installing: /home/benjamin/Two_Wheel_Robot/install/tutorial_interfaces/lib/libtutorial_interfaces__rosidl_generator_c.so
[3.315s] -- Set runtime path of "/home/benjamin/Two_Wheel_Robot/install/tutorial_interfaces/lib/libtutorial_interfaces__rosidl_generator_c.so" to ""
[3.315s] -- Up-to-date: /home/benjamin/Two_Wheel_Robot/install/tutorial_interfaces/include/tutorial_interfaces/tutorial_interfaces
[3.315s] -- Up-to-date: /home/benjamin/Two_Wheel_Robot/install/tutorial_interfaces/include/tutorial_interfaces/tutorial_interfaces/msg
[3.315s] -- Up-to-date: /home/benjamin/Two_Wheel_Robot/install/tutorial_interfaces/include/tutorial_interfaces/tutorial_interfaces/msg/detail
[3.315s] -- Installing: /home/benjamin/Two_Wheel_Robot/install/tutorial_interfaces/include/tutorial_interfaces/tutorial_interfaces/msg/detail/encoder__rosidl_typesupport_fastrtps_c.h
[3.315s] -- Installing: /home/benjamin/Two_Wheel_Robot/install/tutorial_interfaces/include/tutorial_interfaces/tutorial_interfaces/msg/rosidl_typesupport_fastrtps_c__visibility_control.h
[3.315s] -- Installing: /home/benjamin/Two_Wheel_Robot/install/tutorial_interfaces/lib/libtutorial_interfaces__rosidl_typesupport_fastrtps_c.so
[3.315s] -- Set runtime path of "/home/benjamin/Two_Wheel_Robot/install/tutorial_interfaces/lib/libtutorial_interfaces__rosidl_typesupport_fastrtps_c.so" to ""
[3.316s] -- Up-to-date: /home/benjamin/Two_Wheel_Robot/install/tutorial_interfaces/include/tutorial_interfaces/tutorial_interfaces
[3.316s] -- Up-to-date: /home/benjamin/Two_Wheel_Robot/install/tutorial_interfaces/include/tutorial_interfaces/tutorial_interfaces/msg
[3.316s] -- Installing: /home/benjamin/Two_Wheel_Robot/install/tutorial_interfaces/include/tutorial_interfaces/tutorial_interfaces/msg/rosidl_typesupport_introspection_c__visibility_control.h
[3.316s] -- Up-to-date: /home/benjamin/Two_Wheel_Robot/install/tutorial_interfaces/include/tutorial_interfaces/tutorial_interfaces/msg/detail
[3.316s] -- Installing: /home/benjamin/Two_Wheel_Robot/install/tutorial_interfaces/include/tutorial_interfaces/tutorial_interfaces/msg/detail/encoder__type_support.c
[3.316s] -- Installing: /home/benjamin/Two_Wheel_Robot/install/tutorial_interfaces/include/tutorial_interfaces/tutorial_interfaces/msg/detail/encoder__rosidl_typesupport_introspection_c.h
[3.316s] -- Installing: /home/benjamin/Two_Wheel_Robot/install/tutorial_interfaces/lib/libtutorial_interfaces__rosidl_typesupport_introspection_c.so
[3.316s] -- Set runtime path of "/home/benjamin/Two_Wheel_Robot/install/tutorial_interfaces/lib/libtutorial_interfaces__rosidl_typesupport_introspection_c.so" to ""
[3.316s] -- Installing: /home/benjamin/Two_Wheel_Robot/install/tutorial_interfaces/lib/libtutorial_interfaces__rosidl_typesupport_c.so
[3.317s] -- Set runtime path of "/home/benjamin/Two_Wheel_Robot/install/tutorial_interfaces/lib/libtutorial_interfaces__rosidl_typesupport_c.so" to ""
[3.317s] -- Up-to-date: /home/benjamin/Two_Wheel_Robot/install/tutorial_interfaces/include/tutorial_interfaces/tutorial_interfaces
[3.317s] -- Up-to-date: /home/benjamin/Two_Wheel_Robot/install/tutorial_interfaces/include/tutorial_interfaces/tutorial_interfaces/msg
[3.317s] -- Installing: /home/benjamin/Two_Wheel_Robot/install/tutorial_interfaces/include/tutorial_interfaces/tutorial_interfaces/msg/encoder.hpp
[3.318s] -- Up-to-date: /home/benjamin/Two_Wheel_Robot/install/tutorial_interfaces/include/tutorial_interfaces/tutorial_interfaces/msg/detail
[3.318s] -- Installing: /home/benjamin/Two_Wheel_Robot/install/tutorial_interfaces/include/tutorial_interfaces/tutorial_interfaces/msg/detail/encoder__builder.hpp
[3.318s] -- Installing: /home/benjamin/Two_Wheel_Robot/install/tutorial_interfaces/include/tutorial_interfaces/tutorial_interfaces/msg/detail/encoder__traits.hpp
[3.318s] -- Installing: /home/benjamin/Two_Wheel_Robot/install/tutorial_interfaces/include/tutorial_interfaces/tutorial_interfaces/msg/detail/encoder__struct.hpp
[3.318s] -- Up-to-date: /home/benjamin/Two_Wheel_Robot/install/tutorial_interfaces/include/tutorial_interfaces/tutorial_interfaces
[3.318s] -- Up-to-date: /home/benjamin/Two_Wheel_Robot/install/tutorial_interfaces/include/tutorial_interfaces/tutorial_interfaces/msg
[3.318s] -- Installing: /home/benjamin/Two_Wheel_Robot/install/tutorial_interfaces/include/tutorial_interfaces/tutorial_interfaces/msg/rosidl_typesupport_fastrtps_cpp__visibility_control.h
[3.318s] -- Up-to-date: /home/benjamin/Two_Wheel_Robot/install/tutorial_interfaces/include/tutorial_interfaces/tutorial_interfaces/msg/detail
[3.319s] -- Installing: /home/benjamin/Two_Wheel_Robot/install/tutorial_interfaces/include/tutorial_interfaces/tutorial_interfaces/msg/detail/encoder__rosidl_typesupport_fastrtps_cpp.hpp
[3.319s] -- Installing: /home/benjamin/Two_Wheel_Robot/install/tutorial_interfaces/include/tutorial_interfaces/tutorial_interfaces/msg/detail/dds_fastrtps
[3.319s] -- Installing: /home/benjamin/Two_Wheel_Robot/install/tutorial_interfaces/lib/libtutorial_interfaces__rosidl_typesupport_fastrtps_cpp.so
[3.319s] -- Set runtime path of "/home/benjamin/Two_Wheel_Robot/install/tutorial_interfaces/lib/libtutorial_interfaces__rosidl_typesupport_fastrtps_cpp.so" to ""
[3.319s] -- Up-to-date: /home/benjamin/Two_Wheel_Robot/install/tutorial_interfaces/include/tutorial_interfaces/tutorial_interfaces
[3.319s] -- Up-to-date: /home/benjamin/Two_Wheel_Robot/install/tutorial_interfaces/include/tutorial_interfaces/tutorial_interfaces/msg
[3.320s] -- Up-to-date: /home/benjamin/Two_Wheel_Robot/install/tutorial_interfaces/include/tutorial_interfaces/tutorial_interfaces/msg/detail
[3.320s] -- Installing: /home/benjamin/Two_Wheel_Robot/install/tutorial_interfaces/include/tutorial_interfaces/tutorial_interfaces/msg/detail/encoder__type_support.cpp
[3.320s] -- Installing: /home/benjamin/Two_Wheel_Robot/install/tutorial_interfaces/include/tutorial_interfaces/tutorial_interfaces/msg/detail/encoder__rosidl_typesupport_introspection_cpp.hpp
[3.320s] -- Installing: /home/benjamin/Two_Wheel_Robot/install/tutorial_interfaces/lib/libtutorial_interfaces__rosidl_typesupport_introspection_cpp.so
[3.320s] -- Set runtime path of "/home/benjamin/Two_Wheel_Robot/install/tutorial_interfaces/lib/libtutorial_interfaces__rosidl_typesupport_introspection_cpp.so" to ""
[3.320s] -- Installing: /home/benjamin/Two_Wheel_Robot/install/tutorial_interfaces/lib/libtutorial_interfaces__rosidl_typesupport_cpp.so
[3.320s] -- Set runtime path of "/home/benjamin/Two_Wheel_Robot/install/tutorial_interfaces/lib/libtutorial_interfaces__rosidl_typesupport_cpp.so" to ""
[3.320s] -- Installing: /home/benjamin/Two_Wheel_Robot/install/tutorial_interfaces/share/tutorial_interfaces/environment/pythonpath.sh
[3.320s] -- Installing: /home/benjamin/Two_Wheel_Robot/install/tutorial_interfaces/share/tutorial_interfaces/environment/pythonpath.dsv
[3.321s] -- Installing: /home/benjamin/Two_Wheel_Robot/install/tutorial_interfaces/local/lib/python3.10/dist-packages/tutorial_interfaces-0.0.0-py3.10.egg-info
[3.321s] -- Installing: /home/benjamin/Two_Wheel_Robot/install/tutorial_interfaces/local/lib/python3.10/dist-packages/tutorial_interfaces-0.0.0-py3.10.egg-info/dependency_links.txt
[3.321s] -- Installing: /home/benjamin/Two_Wheel_Robot/install/tutorial_interfaces/local/lib/python3.10/dist-packages/tutorial_interfaces-0.0.0-py3.10.egg-info/SOURCES.txt
[3.321s] -- Installing: /home/benjamin/Two_Wheel_Robot/install/tutorial_interfaces/local/lib/python3.10/dist-packages/tutorial_interfaces-0.0.0-py3.10.egg-info/PKG-INFO
[3.321s] -- Installing: /home/benjamin/Two_Wheel_Robot/install/tutorial_interfaces/local/lib/python3.10/dist-packages/tutorial_interfaces-0.0.0-py3.10.egg-info/top_level.txt
[3.321s] -- Installing: /home/benjamin/Two_Wheel_Robot/install/tutorial_interfaces/local/lib/python3.10/dist-packages/tutorial_interfaces
[3.321s] -- Installing: /home/benjamin/Two_Wheel_Robot/install/tutorial_interfaces/local/lib/python3.10/dist-packages/tutorial_interfaces/msg
[3.322s] -- Installing: /home/benjamin/Two_Wheel_Robot/install/tutorial_interfaces/local/lib/python3.10/dist-packages/tutorial_interfaces/msg/_encoder_s.c
[3.322s] -- Installing: /home/benjamin/Two_Wheel_Robot/install/tutorial_interfaces/local/lib/python3.10/dist-packages/tutorial_interfaces/msg/_encoder.py
[3.322s] -- Installing: /home/benjamin/Two_Wheel_Robot/install/tutorial_interfaces/local/lib/python3.10/dist-packages/tutorial_interfaces/msg/__init__.py
[3.322s] -- Installing: /home/benjamin/Two_Wheel_Robot/install/tutorial_interfaces/local/lib/python3.10/dist-packages/tutorial_interfaces/libtutorial_interfaces__rosidl_generator_py.so
[3.322s] -- Installing: /home/benjamin/Two_Wheel_Robot/install/tutorial_interfaces/local/lib/python3.10/dist-packages/tutorial_interfaces/_tutorial_interfaces_s.ep.rosidl_typesupport_fastrtps_c.c
[3.322s] -- Installing: /home/benjamin/Two_Wheel_Robot/install/tutorial_interfaces/local/lib/python3.10/dist-packages/tutorial_interfaces/tutorial_interfaces_s__rosidl_typesupport_introspection_c.cpython-310-x86_64-linux-gnu.so
[3.322s] -- Installing: /home/benjamin/Two_Wheel_Robot/install/tutorial_interfaces/local/lib/python3.10/dist-packages/tutorial_interfaces/_tutorial_interfaces_s.ep.rosidl_typesupport_c.c
[3.322s] -- Installing: /home/benjamin/Two_Wheel_Robot/install/tutorial_interfaces/local/lib/python3.10/dist-packages/tutorial_interfaces/_tutorial_interfaces_s.ep.rosidl_typesupport_introspection_c.c
[3.322s] -- Installing: /home/benjamin/Two_Wheel_Robot/install/tutorial_interfaces/local/lib/python3.10/dist-packages/tutorial_interfaces/tutorial_interfaces_s__rosidl_typesupport_c.cpython-310-x86_64-linux-gnu.so
[3.322s] -- Installing: /home/benjamin/Two_Wheel_Robot/install/tutorial_interfaces/local/lib/python3.10/dist-packages/tutorial_interfaces/__init__.py
[3.322s] -- Installing: /home/benjamin/Two_Wheel_Robot/install/tutorial_interfaces/local/lib/python3.10/dist-packages/tutorial_interfaces/tutorial_interfaces_s__rosidl_typesupport_fastrtps_c.cpython-310-x86_64-linux-gnu.so
[3.355s] Listing '/home/benjamin/Two_Wheel_Robot/install/tutorial_interfaces/local/lib/python3.10/dist-packages/tutorial_interfaces'...
[3.355s] Compiling '/home/benjamin/Two_Wheel_Robot/install/tutorial_interfaces/local/lib/python3.10/dist-packages/tutorial_interfaces/__init__.py'...
[3.355s] Listing '/home/benjamin/Two_Wheel_Robot/install/tutorial_interfaces/local/lib/python3.10/dist-packages/tutorial_interfaces/msg'...
[3.355s] Compiling '/home/benjamin/Two_Wheel_Robot/install/tutorial_interfaces/local/lib/python3.10/dist-packages/tutorial_interfaces/msg/__init__.py'...
[3.355s] Compiling '/home/benjamin/Two_Wheel_Robot/install/tutorial_interfaces/local/lib/python3.10/dist-packages/tutorial_interfaces/msg/_encoder.py'...
[3.359s] -- Installing: /home/benjamin/Two_Wheel_Robot/install/tutorial_interfaces/local/lib/python3.10/dist-packages/tutorial_interfaces/tutorial_interfaces_s__rosidl_typesupport_fastrtps_c.cpython-310-x86_64-linux-gnu.so
[3.359s] -- Set runtime path of "/home/benjamin/Two_Wheel_Robot/install/tutorial_interfaces/local/lib/python3.10/dist-packages/tutorial_interfaces/tutorial_interfaces_s__rosidl_typesupport_fastrtps_c.cpython-310-x86_64-linux-gnu.so" to ""
[3.360s] -- Installing: /home/benjamin/Two_Wheel_Robot/install/tutorial_interfaces/local/lib/python3.10/dist-packages/tutorial_interfaces/tutorial_interfaces_s__rosidl_typesupport_introspection_c.cpython-310-x86_64-linux-gnu.so
[3.360s] -- Set runtime path of "/home/benjamin/Two_Wheel_Robot/install/tutorial_interfaces/local/lib/python3.10/dist-packages/tutorial_interfaces/tutorial_interfaces_s__rosidl_typesupport_introspection_c.cpython-310-x86_64-linux-gnu.so" to ""
[3.360s] -- Installing: /home/benjamin/Two_Wheel_Robot/install/tutorial_interfaces/local/lib/python3.10/dist-packages/tutorial_interfaces/tutorial_interfaces_s__rosidl_typesupport_c.cpython-310-x86_64-linux-gnu.so
[3.361s] -- Set runtime path of "/home/benjamin/Two_Wheel_Robot/install/tutorial_interfaces/local/lib/python3.10/dist-packages/tutorial_interfaces/tutorial_interfaces_s__rosidl_typesupport_c.cpython-310-x86_64-linux-gnu.so" to ""
[3.361s] -- Installing: /home/benjamin/Two_Wheel_Robot/install/tutorial_interfaces/lib/libtutorial_interfaces__rosidl_generator_py.so
[3.361s] -- Set runtime path of "/home/benjamin/Two_Wheel_Robot/install/tutorial_interfaces/lib/libtutorial_interfaces__rosidl_generator_py.so" to ""
[3.361s] -- Installing: /home/benjamin/Two_Wheel_Robot/install/tutorial_interfaces/share/tutorial_interfaces/msg/Encoder.idl
[3.361s] -- Installing: /home/benjamin/Two_Wheel_Robot/install/tutorial_interfaces/share/tutorial_interfaces/msg/Encoder.msg
[3.361s] -- Installing: /home/benjamin/Two_Wheel_Robot/install/tutorial_interfaces/share/ament_index/resource_index/package_run_dependencies/tutorial_interfaces
[3.361s] -- Up-to-date: /home/benjamin/Two_Wheel_Robot/install/tutorial_interfaces/share/ament_index/resource_index/parent_prefix_path/tutorial_interfaces
[3.362s] -- Up-to-date: /home/benjamin/Two_Wheel_Robot/install/tutorial_interfaces/share/tutorial_interfaces/environment/ament_prefix_path.sh
[3.362s] -- Installing: /home/benjamin/Two_Wheel_Robot/install/tutorial_interfaces/share/tutorial_interfaces/environment/ament_prefix_path.dsv
[3.362s] -- Up-to-date: /home/benjamin/Two_Wheel_Robot/install/tutorial_interfaces/share/tutorial_interfaces/environment/path.sh
[3.362s] -- Installing: /home/benjamin/Two_Wheel_Robot/install/tutorial_interfaces/share/tutorial_interfaces/environment/path.dsv
[3.362s] -- Up-to-date: /home/benjamin/Two_Wheel_Robot/install/tutorial_interfaces/share/tutorial_interfaces/local_setup.bash
[3.362s] -- Installing: /home/benjamin/Two_Wheel_Robot/install/tutorial_interfaces/share/tutorial_interfaces/local_setup.sh
[3.362s] -- Up-to-date: /home/benjamin/Two_Wheel_Robot/install/tutorial_interfaces/share/tutorial_interfaces/local_setup.zsh
[3.362s] -- Installing: /home/benjamin/Two_Wheel_Robot/install/tutorial_interfaces/share/tutorial_interfaces/local_setup.dsv
[3.362s] -- Installing: /home/benjamin/Two_Wheel_Robot/install/tutorial_interfaces/share/tutorial_interfaces/package.dsv
[3.362s] -- Up-to-date: /home/benjamin/Two_Wheel_Robot/install/tutorial_interfaces/share/ament_index/resource_index/packages/tutorial_interfaces
[3.362s] -- Installing: /home/benjamin/Two_Wheel_Robot/install/tutorial_interfaces/share/tutorial_interfaces/cmake/export_tutorial_interfaces__rosidl_generator_cExport.cmake
[3.362s] -- Installing: /home/benjamin/Two_Wheel_Robot/install/tutorial_interfaces/share/tutorial_interfaces/cmake/export_tutorial_interfaces__rosidl_generator_cExport-noconfig.cmake
[3.362s] -- Installing: /home/benjamin/Two_Wheel_Robot/install/tutorial_interfaces/share/tutorial_interfaces/cmake/export_tutorial_interfaces__rosidl_typesupport_fastrtps_cExport.cmake
[3.363s] -- Installing: /home/benjamin/Two_Wheel_Robot/install/tutorial_interfaces/share/tutorial_interfaces/cmake/export_tutorial_interfaces__rosidl_typesupport_fastrtps_cExport-noconfig.cmake
[3.363s] -- Installing: /home/benjamin/Two_Wheel_Robot/install/tutorial_interfaces/share/tutorial_interfaces/cmake/tutorial_interfaces__rosidl_typesupport_introspection_cExport.cmake
[3.363s] -- Installing: /home/benjamin/Two_Wheel_Robot/install/tutorial_interfaces/share/tutorial_interfaces/cmake/tutorial_interfaces__rosidl_typesupport_introspection_cExport-noconfig.cmake
[3.363s] -- Installing: /home/benjamin/Two_Wheel_Robot/install/tutorial_interfaces/share/tutorial_interfaces/cmake/tutorial_interfaces__rosidl_typesupport_cExport.cmake
[3.363s] -- Installing: /home/benjamin/Two_Wheel_Robot/install/tutorial_interfaces/share/tutorial_interfaces/cmake/tutorial_interfaces__rosidl_typesupport_cExport-noconfig.cmake
[3.364s] -- Installing: /home/benjamin/Two_Wheel_Robot/install/tutorial_interfaces/share/tutorial_interfaces/cmake/export_tutorial_interfaces__rosidl_generator_cppExport.cmake
[3.364s] -- Installing: /home/benjamin/Two_Wheel_Robot/install/tutorial_interfaces/share/tutorial_interfaces/cmake/export_tutorial_interfaces__rosidl_typesupport_fastrtps_cppExport.cmake
[3.364s] -- Installing: /home/benjamin/Two_Wheel_Robot/install/tutorial_interfaces/share/tutorial_interfaces/cmake/export_tutorial_interfaces__rosidl_typesupport_fastrtps_cppExport-noconfig.cmake
[3.364s] -- Installing: /home/benjamin/Two_Wheel_Robot/install/tutorial_interfaces/share/tutorial_interfaces/cmake/tutorial_interfaces__rosidl_typesupport_introspection_cppExport.cmake
[3.364s] -- Installing: /home/benjamin/Two_Wheel_Robot/install/tutorial_interfaces/share/tutorial_interfaces/cmake/tutorial_interfaces__rosidl_typesupport_introspection_cppExport-noconfig.cmake
[3.364s] -- Installing: /home/benjamin/Two_Wheel_Robot/install/tutorial_interfaces/share/tutorial_interfaces/cmake/tutorial_interfaces__rosidl_typesupport_cppExport.cmake
[3.365s] -- Installing: /home/benjamin/Two_Wheel_Robot/install/tutorial_interfaces/share/tutorial_interfaces/cmake/tutorial_interfaces__rosidl_typesupport_cppExport-noconfig.cmake
[3.365s] -- Installing: /home/benjamin/Two_Wheel_Robot/install/tutorial_interfaces/share/tutorial_interfaces/cmake/export_tutorial_interfaces__rosidl_generator_pyExport.cmake
[3.365s] -- Installing: /home/benjamin/Two_Wheel_Robot/install/tutorial_interfaces/share/tutorial_interfaces/cmake/export_tutorial_interfaces__rosidl_generator_pyExport-noconfig.cmake
[3.365s] -- Installing: /home/benjamin/Two_Wheel_Robot/install/tutorial_interfaces/share/tutorial_interfaces/cmake/rosidl_cmake-extras.cmake
[3.365s] -- Installing: /home/benjamin/Two_Wheel_Robot/install/tutorial_interfaces/share/tutorial_interfaces/cmake/ament_cmake_export_include_directories-extras.cmake
[3.365s] -- Installing: /home/benjamin/Two_Wheel_Robot/install/tutorial_interfaces/share/tutorial_interfaces/cmake/ament_cmake_export_libraries-extras.cmake
[3.365s] -- Installing: /home/benjamin/Two_Wheel_Robot/install/tutorial_interfaces/share/tutorial_interfaces/cmake/ament_cmake_export_targets-extras.cmake
[3.366s] -- Installing: /home/benjamin/Two_Wheel_Robot/install/tutorial_interfaces/share/tutorial_interfaces/cmake/rosidl_cmake_export_typesupport_targets-extras.cmake
[3.366s] -- Installing: /home/benjamin/Two_Wheel_Robot/install/tutorial_interfaces/share/tutorial_interfaces/cmake/ament_cmake_export_dependencies-extras.cmake
[3.366s] -- Installing: /home/benjamin/Two_Wheel_Robot/install/tutorial_interfaces/share/tutorial_interfaces/cmake/rosidl_cmake_export_typesupport_libraries-extras.cmake
[3.366s] -- Installing: /home/benjamin/Two_Wheel_Robot/install/tutorial_interfaces/share/tutorial_interfaces/cmake/tutorial_interfacesConfig.cmake
[3.366s] -- Up-to-date: /home/benjamin/Two_Wheel_Robot/install/tutorial_interfaces/share/tutorial_interfaces/cmake/tutorial_interfacesConfig-version.cmake
[3.366s] -- Installing: /home/benjamin/Two_Wheel_Robot/install/tutorial_interfaces/share/tutorial_interfaces/package.xml
[3.369s] Invoked command in '/home/benjamin/Two_Wheel_Robot/build/tutorial_interfaces' returned '0': CMAKE_PREFIX_PATH=${CMAKE_PREFIX_PATH}:/home/benjamin/Two_Wheel_Robot/install/Two_Wheel_Robot:/opt/ros/humble /usr/bin/cmake --install /home/benjamin/Two_Wheel_Robot/build/tutorial_interfaces
