[3.350s] DEBUG:colcon:Command line arguments: ['/usr/bin/colcon', 'build', '--symlink-install']
[3.351s] DEBUG:colcon:Parsed command line arguments: Namespace(log_base=None, log_level=None, verb_name='build', build_base='build', install_base='install', merge_install=False, symlink_install=True, test_result_base=None, continue_on_error=False, executor='parallel', parallel_workers=4, event_handlers=None, ignore_user_meta=False, metas=['./colcon.meta'], base_paths=['.'], packages_ignore=None, packages_ignore_regex=None, paths=None, packages_up_to=None, packages_up_to_regex=None, packages_above=None, packages_above_and_dependencies=None, packages_above_depth=None, packages_select_by_dep=None, packages_skip_by_dep=None, packages_skip_up_to=None, packages_select_build_failed=False, packages_skip_build_finished=False, packages_select_test_failures=False, packages_skip_test_passed=False, packages_select=None, packages_skip=None, packages_select_regex=None, packages_skip_regex=None, packages_start=None, packages_end=None, allow_overriding=[], cmake_args=None, cmake_target=None, cmake_target_skip_unavailable=False, cmake_clean_cache=False, cmake_clean_first=False, cmake_force_configure=False, ament_cmake_args=None, catkin_cmake_args=None, catkin_skip_building_tests=False, verb_parser=<colcon_defaults.argument_parser.defaults.DefaultArgumentsDecorator object at 0xffff88ee5f60>, verb_extension=<colcon_core.verb.build.BuildVerb object at 0xffff896f0790>, main=<bound method BuildVerb.main of <colcon_core.verb.build.BuildVerb object at 0xffff896f0790>>)
[3.643s] Level 1:colcon.colcon_core.package_discovery:discover_packages(colcon_meta) check parameters
[3.644s] Level 1:colcon.colcon_core.package_discovery:discover_packages(recursive) check parameters
[3.645s] Level 1:colcon.colcon_core.package_discovery:discover_packages(ignore) check parameters
[3.645s] Level 1:colcon.colcon_core.package_discovery:discover_packages(path) check parameters
[3.645s] Level 1:colcon.colcon_core.package_discovery:discover_packages(colcon_meta) discover
[3.646s] Level 1:colcon.colcon_core.package_discovery:discover_packages(recursive) discover
[3.647s] INFO:colcon.colcon_core.package_discovery:Crawling recursively for packages in '/home/benjaminservey/Two_Wheel_Robot'
[3.648s] Level 1:colcon.colcon_core.package_identification:_identify(.) by extensions ['ignore', 'ignore_ament_install']
[3.649s] Level 1:colcon.colcon_core.package_identification:_identify(.) by extension 'ignore'
[3.650s] Level 1:colcon.colcon_core.package_identification:_identify(.) by extension 'ignore_ament_install'
[3.651s] Level 1:colcon.colcon_core.package_identification:_identify(.) by extensions ['colcon_pkg']
[3.651s] Level 1:colcon.colcon_core.package_identification:_identify(.) by extension 'colcon_pkg'
[3.652s] Level 1:colcon.colcon_core.package_identification:_identify(.) by extensions ['colcon_meta']
[3.652s] Level 1:colcon.colcon_core.package_identification:_identify(.) by extension 'colcon_meta'
[3.653s] Level 1:colcon.colcon_core.package_identification:_identify(.) by extensions ['ros']
[3.653s] Level 1:colcon.colcon_core.package_identification:_identify(.) by extension 'ros'
[3.754s] Level 1:colcon.colcon_core.package_identification:_identify(.) by extensions ['cmake', 'python']
[3.755s] Level 1:colcon.colcon_core.package_identification:_identify(.) by extension 'cmake'
[3.755s] Level 1:colcon.colcon_core.package_identification:_identify(.) by extension 'python'
[3.756s] Level 1:colcon.colcon_core.package_identification:_identify(.) by extensions ['python_setup_py']
[3.756s] Level 1:colcon.colcon_core.package_identification:_identify(.) by extension 'python_setup_py'
[3.758s] Level 1:colcon.colcon_core.package_identification:_identify(build) by extensions ['ignore', 'ignore_ament_install']
[3.759s] Level 1:colcon.colcon_core.package_identification:_identify(build) by extension 'ignore'
[3.759s] Level 1:colcon.colcon_core.package_identification:_identify(build) ignored
[3.760s] Level 1:colcon.colcon_core.package_identification:_identify(install) by extensions ['ignore', 'ignore_ament_install']
[3.761s] Level 1:colcon.colcon_core.package_identification:_identify(install) by extension 'ignore'
[3.762s] Level 1:colcon.colcon_core.package_identification:_identify(install) ignored
[3.763s] Level 1:colcon.colcon_core.package_identification:_identify(log) by extensions ['ignore', 'ignore_ament_install']
[3.764s] Level 1:colcon.colcon_core.package_identification:_identify(log) by extension 'ignore'
[3.765s] Level 1:colcon.colcon_core.package_identification:_identify(log) ignored
[3.766s] Level 1:colcon.colcon_core.package_identification:_identify(src) by extensions ['ignore', 'ignore_ament_install']
[3.767s] Level 1:colcon.colcon_core.package_identification:_identify(src) by extension 'ignore'
[3.768s] Level 1:colcon.colcon_core.package_identification:_identify(src) by extension 'ignore_ament_install'
[3.768s] Level 1:colcon.colcon_core.package_identification:_identify(src) by extensions ['colcon_pkg']
[3.769s] Level 1:colcon.colcon_core.package_identification:_identify(src) by extension 'colcon_pkg'
[3.770s] Level 1:colcon.colcon_core.package_identification:_identify(src) by extensions ['colcon_meta']
[3.770s] Level 1:colcon.colcon_core.package_identification:_identify(src) by extension 'colcon_meta'
[3.771s] Level 1:colcon.colcon_core.package_identification:_identify(src) by extensions ['ros']
[3.771s] Level 1:colcon.colcon_core.package_identification:_identify(src) by extension 'ros'
[3.772s] Level 1:colcon.colcon_core.package_identification:_identify(src) by extensions ['cmake', 'python']
[3.773s] Level 1:colcon.colcon_core.package_identification:_identify(src) by extension 'cmake'
[3.773s] Level 1:colcon.colcon_core.package_identification:_identify(src) by extension 'python'
[3.774s] Level 1:colcon.colcon_core.package_identification:_identify(src) by extensions ['python_setup_py']
[3.775s] Level 1:colcon.colcon_core.package_identification:_identify(src) by extension 'python_setup_py'
[3.776s] Level 1:colcon.colcon_core.package_identification:_identify(src/Two_Wheel_Robot) by extensions ['ignore', 'ignore_ament_install']
[3.777s] Level 1:colcon.colcon_core.package_identification:_identify(src/Two_Wheel_Robot) by extension 'ignore'
[3.777s] Level 1:colcon.colcon_core.package_identification:_identify(src/Two_Wheel_Robot) by extension 'ignore_ament_install'
[3.778s] Level 1:colcon.colcon_core.package_identification:_identify(src/Two_Wheel_Robot) by extensions ['colcon_pkg']
[3.779s] Level 1:colcon.colcon_core.package_identification:_identify(src/Two_Wheel_Robot) by extension 'colcon_pkg'
[3.779s] Level 1:colcon.colcon_core.package_identification:_identify(src/Two_Wheel_Robot) by extensions ['colcon_meta']
[3.780s] Level 1:colcon.colcon_core.package_identification:_identify(src/Two_Wheel_Robot) by extension 'colcon_meta'
[3.781s] Level 1:colcon.colcon_core.package_identification:_identify(src/Two_Wheel_Robot) by extensions ['ros']
[3.781s] Level 1:colcon.colcon_core.package_identification:_identify(src/Two_Wheel_Robot) by extension 'ros'
[3.799s] DEBUG:colcon.colcon_core.package_identification:Package 'src/Two_Wheel_Robot' with type 'ros.ament_python' and name 'Two_Wheel_Robot'
[3.800s] Level 1:colcon.colcon_core.package_discovery:discover_packages(recursive) using defaults
[3.800s] Level 1:colcon.colcon_core.package_discovery:discover_packages(ignore) discover
[3.801s] Level 1:colcon.colcon_core.package_discovery:discover_packages(ignore) using defaults
[3.801s] Level 1:colcon.colcon_core.package_discovery:discover_packages(path) discover
[3.801s] Level 1:colcon.colcon_core.package_discovery:discover_packages(path) using defaults
[4.003s] Level 1:colcon.colcon_core.package_discovery:discover_packages(prefix_path) check parameters
[4.003s] Level 1:colcon.colcon_core.package_discovery:discover_packages(prefix_path) discover
[4.027s] DEBUG:colcon.colcon_installed_package_information.package_discovery:Found 1 installed packages in /home/benjaminservey/Two_Wheel_Robot/install
[4.041s] DEBUG:colcon.colcon_installed_package_information.package_discovery:Found 306 installed packages in /opt/ros/humble
[4.056s] Level 1:colcon.colcon_core.package_discovery:discover_packages(prefix_path) using defaults
[4.731s] Level 5:colcon.colcon_core.verb:set package 'Two_Wheel_Robot' build argument 'cmake_args' from command line to 'None'
[4.732s] Level 5:colcon.colcon_core.verb:set package 'Two_Wheel_Robot' build argument 'cmake_target' from command line to 'None'
[4.732s] Level 5:colcon.colcon_core.verb:set package 'Two_Wheel_Robot' build argument 'cmake_target_skip_unavailable' from command line to 'False'
[4.733s] Level 5:colcon.colcon_core.verb:set package 'Two_Wheel_Robot' build argument 'cmake_clean_cache' from command line to 'False'
[4.733s] Level 5:colcon.colcon_core.verb:set package 'Two_Wheel_Robot' build argument 'cmake_clean_first' from command line to 'False'
[4.733s] Level 5:colcon.colcon_core.verb:set package 'Two_Wheel_Robot' build argument 'cmake_force_configure' from command line to 'False'
[4.734s] Level 5:colcon.colcon_core.verb:set package 'Two_Wheel_Robot' build argument 'ament_cmake_args' from command line to 'None'
[4.734s] Level 5:colcon.colcon_core.verb:set package 'Two_Wheel_Robot' build argument 'catkin_cmake_args' from command line to 'None'
[4.735s] Level 5:colcon.colcon_core.verb:set package 'Two_Wheel_Robot' build argument 'catkin_skip_building_tests' from command line to 'False'
[4.735s] DEBUG:colcon.colcon_core.verb:Building package 'Two_Wheel_Robot' with the following arguments: {'ament_cmake_args': None, 'build_base': '/home/benjaminservey/Two_Wheel_Robot/build/Two_Wheel_Robot', 'catkin_cmake_args': None, 'catkin_skip_building_tests': False, 'cmake_args': None, 'cmake_clean_cache': False, 'cmake_clean_first': False, 'cmake_force_configure': False, 'cmake_target': None, 'cmake_target_skip_unavailable': False, 'install_base': '/home/benjaminservey/Two_Wheel_Robot/install/Two_Wheel_Robot', 'merge_install': False, 'path': '/home/benjaminservey/Two_Wheel_Robot/src/Two_Wheel_Robot', 'symlink_install': True, 'test_result_base': None}
[4.741s] INFO:colcon.colcon_core.executor:Executing jobs using 'parallel' executor
[4.772s] DEBUG:colcon.colcon_parallel_executor.executor.parallel:run_until_complete
[4.774s] INFO:colcon.colcon_ros.task.ament_python.build:Building ROS package in '/home/benjaminservey/Two_Wheel_Robot/src/Two_Wheel_Robot' with build type 'ament_python'
[4.775s] Level 1:colcon.colcon_core.shell:create_environment_hook('Two_Wheel_Robot', 'ament_prefix_path')
[4.812s] INFO:colcon.colcon_core.plugin_system:Skipping extension 'colcon_core.shell.bat': Not used on non-Windows systems
[4.815s] INFO:colcon.colcon_core.shell:Creating environment hook '/home/benjaminservey/Two_Wheel_Robot/install/Two_Wheel_Robot/share/Two_Wheel_Robot/hook/ament_prefix_path.ps1'
[4.819s] INFO:colcon.colcon_core.shell:Creating environment descriptor '/home/benjaminservey/Two_Wheel_Robot/install/Two_Wheel_Robot/share/Two_Wheel_Robot/hook/ament_prefix_path.dsv'
[4.823s] INFO:colcon.colcon_core.shell:Creating environment hook '/home/benjaminservey/Two_Wheel_Robot/install/Two_Wheel_Robot/share/Two_Wheel_Robot/hook/ament_prefix_path.sh'
[4.839s] INFO:colcon.colcon_core.shell:Skip shell extension 'powershell' for command environment: Not usable outside of PowerShell
[4.840s] DEBUG:colcon.colcon_core.shell:Skip shell extension 'dsv' for command environment
[7.559s] INFO:colcon.colcon_core.task.python.build:Building Python package in '/home/benjaminservey/Two_Wheel_Robot/src/Two_Wheel_Robot'
[7.571s] INFO:colcon.colcon_core.shell:Skip shell extension 'powershell' for command environment: Not usable outside of PowerShell
[7.572s] DEBUG:colcon.colcon_core.shell:Skip shell extension 'dsv' for command environment
[11.013s] DEBUG:colcon.colcon_core.event_handler.log_command:Invoking command in '/home/benjaminservey/Two_Wheel_Robot/build/Two_Wheel_Robot': PYTHONPATH=/home/benjaminservey/Two_Wheel_Robot/build/Two_Wheel_Robot/prefix_override:/home/benjaminservey/Two_Wheel_Robot/install/Two_Wheel_Robot/lib/python3.10/site-packages:${PYTHONPATH} /usr/bin/python3 setup.py develop --editable --build-directory /home/benjaminservey/Two_Wheel_Robot/build/Two_Wheel_Robot/build --no-deps install_data
[16.109s] Level 1:colcon.colcon_core.shell:create_environment_hook('Two_Wheel_Robot', 'pythonpath_develop')
[16.151s] DEBUG:colcon.colcon_core.event_handler.log_command:Invoked command in '/home/benjaminservey/Two_Wheel_Robot/build/Two_Wheel_Robot' returned '0': PYTHONPATH=/home/benjaminservey/Two_Wheel_Robot/build/Two_Wheel_Robot/prefix_override:/home/benjaminservey/Two_Wheel_Robot/install/Two_Wheel_Robot/lib/python3.10/site-packages:${PYTHONPATH} /usr/bin/python3 setup.py develop --editable --build-directory /home/benjaminservey/Two_Wheel_Robot/build/Two_Wheel_Robot/build --no-deps install_data
[16.188s] INFO:colcon.colcon_core.shell:Creating environment hook '/home/benjaminservey/Two_Wheel_Robot/build/Two_Wheel_Robot/share/Two_Wheel_Robot/hook/pythonpath_develop.ps1'
[16.196s] INFO:colcon.colcon_core.shell:Creating environment descriptor '/home/benjaminservey/Two_Wheel_Robot/build/Two_Wheel_Robot/share/Two_Wheel_Robot/hook/pythonpath_develop.dsv'
[16.202s] INFO:colcon.colcon_core.shell:Creating environment hook '/home/benjaminservey/Two_Wheel_Robot/build/Two_Wheel_Robot/share/Two_Wheel_Robot/hook/pythonpath_develop.sh'
[16.272s] Level 1:colcon.colcon_core.environment:checking '/home/benjaminservey/Two_Wheel_Robot/install/Two_Wheel_Robot' for CMake module files
[16.276s] Level 1:colcon.colcon_core.environment:checking '/home/benjaminservey/Two_Wheel_Robot/install/Two_Wheel_Robot' for CMake config files
[16.280s] Level 1:colcon.colcon_core.environment:checking '/home/benjaminservey/Two_Wheel_Robot/install/Two_Wheel_Robot/lib'
[16.282s] Level 1:colcon.colcon_core.environment:checking '/home/benjaminservey/Two_Wheel_Robot/install/Two_Wheel_Robot/bin'
[16.283s] Level 1:colcon.colcon_core.environment:checking '/home/benjaminservey/Two_Wheel_Robot/install/Two_Wheel_Robot/lib/pkgconfig/Two_Wheel_Robot.pc'
[16.285s] Level 1:colcon.colcon_core.environment:checking '/home/benjaminservey/Two_Wheel_Robot/install/Two_Wheel_Robot/lib/python3.10/site-packages'
[16.286s] Level 1:colcon.colcon_core.shell:create_environment_hook('Two_Wheel_Robot', 'pythonpath')
[16.299s] INFO:colcon.colcon_core.shell:Creating environment hook '/home/benjaminservey/Two_Wheel_Robot/install/Two_Wheel_Robot/share/Two_Wheel_Robot/hook/pythonpath.ps1'
[16.304s] INFO:colcon.colcon_core.shell:Creating environment descriptor '/home/benjaminservey/Two_Wheel_Robot/install/Two_Wheel_Robot/share/Two_Wheel_Robot/hook/pythonpath.dsv'
[16.307s] INFO:colcon.colcon_core.shell:Creating environment hook '/home/benjaminservey/Two_Wheel_Robot/install/Two_Wheel_Robot/share/Two_Wheel_Robot/hook/pythonpath.sh'
[16.313s] Level 1:colcon.colcon_core.environment:checking '/home/benjaminservey/Two_Wheel_Robot/install/Two_Wheel_Robot/bin'
[16.314s] Level 1:colcon.colcon_core.environment:create_environment_scripts_only(Two_Wheel_Robot)
[16.331s] INFO:colcon.colcon_core.shell:Creating package script '/home/benjaminservey/Two_Wheel_Robot/install/Two_Wheel_Robot/share/Two_Wheel_Robot/package.ps1'
[16.340s] INFO:colcon.colcon_core.shell:Creating package descriptor '/home/benjaminservey/Two_Wheel_Robot/install/Two_Wheel_Robot/share/Two_Wheel_Robot/package.dsv'
[16.346s] INFO:colcon.colcon_core.shell:Creating package script '/home/benjaminservey/Two_Wheel_Robot/install/Two_Wheel_Robot/share/Two_Wheel_Robot/package.sh'
[16.353s] INFO:colcon.colcon_core.shell:Creating package script '/home/benjaminservey/Two_Wheel_Robot/install/Two_Wheel_Robot/share/Two_Wheel_Robot/package.bash'
[16.359s] INFO:colcon.colcon_core.shell:Creating package script '/home/benjaminservey/Two_Wheel_Robot/install/Two_Wheel_Robot/share/Two_Wheel_Robot/package.zsh'
[16.364s] Level 1:colcon.colcon_core.environment:create_file_with_runtime_dependencies(/home/benjaminservey/Two_Wheel_Robot/install/Two_Wheel_Robot/share/colcon-core/packages/Two_Wheel_Robot)
[16.367s] DEBUG:colcon.colcon_parallel_executor.executor.parallel:closing loop
[16.369s] DEBUG:colcon.colcon_parallel_executor.executor.parallel:loop closed
[16.370s] DEBUG:colcon.colcon_parallel_executor.executor.parallel:run_until_complete finished with '0'
[16.371s] DEBUG:colcon.colcon_core.event_reactor:joining thread
[16.422s] INFO:colcon.colcon_core.plugin_system:Skipping extension 'colcon_notification.desktop_notification.terminal_notifier': Not used on non-Darwin systems
[16.423s] INFO:colcon.colcon_core.plugin_system:Skipping extension 'colcon_notification.desktop_notification.win32': Not used on non-Windows systems
[16.424s] INFO:colcon.colcon_notification.desktop_notification:Sending desktop notification using 'notify2'
[16.529s] DEBUG:colcon.colcon_core.event_reactor:joined thread
[16.542s] INFO:colcon.colcon_core.shell:Creating prefix script '/home/benjaminservey/Two_Wheel_Robot/install/local_setup.ps1'
[16.549s] INFO:colcon.colcon_core.shell:Creating prefix util module '/home/benjaminservey/Two_Wheel_Robot/install/_local_setup_util_ps1.py'
[16.561s] INFO:colcon.colcon_core.shell:Creating prefix chain script '/home/benjaminservey/Two_Wheel_Robot/install/setup.ps1'
[16.575s] INFO:colcon.colcon_core.shell:Creating prefix script '/home/benjaminservey/Two_Wheel_Robot/install/local_setup.sh'
[16.581s] INFO:colcon.colcon_core.shell:Creating prefix util module '/home/benjaminservey/Two_Wheel_Robot/install/_local_setup_util_sh.py'
[16.586s] INFO:colcon.colcon_core.shell:Creating prefix chain script '/home/benjaminservey/Two_Wheel_Robot/install/setup.sh'
[16.603s] INFO:colcon.colcon_core.shell:Creating prefix script '/home/benjaminservey/Two_Wheel_Robot/install/local_setup.bash'
[16.608s] INFO:colcon.colcon_core.shell:Creating prefix chain script '/home/benjaminservey/Two_Wheel_Robot/install/setup.bash'
[16.618s] INFO:colcon.colcon_core.shell:Creating prefix script '/home/benjaminservey/Two_Wheel_Robot/install/local_setup.zsh'
[16.622s] INFO:colcon.colcon_core.shell:Creating prefix chain script '/home/benjaminservey/Two_Wheel_Robot/install/setup.zsh'
