[0.332s] DEBUG:colcon:Command line arguments: ['/usr/bin/colcon', 'build', '--symlink-install']
[0.332s] DEBUG:colcon:Parsed command line arguments: Namespace(log_base=None, log_level=None, verb_name='build', build_base='build', install_base='install', merge_install=False, symlink_install=True, test_result_base=None, continue_on_error=False, executor='parallel', parallel_workers=12, event_handlers=None, ignore_user_meta=False, metas=['./colcon.meta'], base_paths=['.'], packages_ignore=None, packages_ignore_regex=None, paths=None, packages_up_to=None, packages_up_to_regex=None, packages_above=None, packages_above_and_dependencies=None, packages_above_depth=None, packages_select_by_dep=None, packages_skip_by_dep=None, packages_skip_up_to=None, packages_select_build_failed=False, packages_skip_build_finished=False, packages_select_test_failures=False, packages_skip_test_passed=False, packages_select=None, packages_skip=None, packages_select_regex=None, packages_skip_regex=None, packages_start=None, packages_end=None, allow_overriding=[], cmake_args=None, cmake_target=None, cmake_target_skip_unavailable=False, cmake_clean_cache=False, cmake_clean_first=False, cmake_force_configure=False, ament_cmake_args=None, catkin_cmake_args=None, catkin_skip_building_tests=False, verb_parser=<colcon_defaults.argument_parser.defaults.DefaultArgumentsDecorator object at 0x7fada7dc27d0>, verb_extension=<colcon_core.verb.build.BuildVerb object at 0x7fada7dc2260>, main=<bound method BuildVerb.main of <colcon_core.verb.build.BuildVerb object at 0x7fada7dc2260>>)
[0.354s] Level 1:colcon.colcon_core.package_discovery:discover_packages(colcon_meta) check parameters
[0.354s] Level 1:colcon.colcon_core.package_discovery:discover_packages(recursive) check parameters
[0.354s] Level 1:colcon.colcon_core.package_discovery:discover_packages(ignore) check parameters
[0.354s] Level 1:colcon.colcon_core.package_discovery:discover_packages(path) check parameters
[0.354s] Level 1:colcon.colcon_core.package_discovery:discover_packages(colcon_meta) discover
[0.354s] Level 1:colcon.colcon_core.package_discovery:discover_packages(recursive) discover
[0.354s] INFO:colcon.colcon_core.package_discovery:Crawling recursively for packages in '/home/benjamin/Two_Wheel_Robot'
[0.354s] Level 1:colcon.colcon_core.package_identification:_identify(.) by extensions ['ignore', 'ignore_ament_install']
[0.354s] Level 1:colcon.colcon_core.package_identification:_identify(.) by extension 'ignore'
[0.354s] Level 1:colcon.colcon_core.package_identification:_identify(.) by extension 'ignore_ament_install'
[0.354s] Level 1:colcon.colcon_core.package_identification:_identify(.) by extensions ['colcon_pkg']
[0.354s] Level 1:colcon.colcon_core.package_identification:_identify(.) by extension 'colcon_pkg'
[0.354s] Level 1:colcon.colcon_core.package_identification:_identify(.) by extensions ['colcon_meta']
[0.354s] Level 1:colcon.colcon_core.package_identification:_identify(.) by extension 'colcon_meta'
[0.354s] Level 1:colcon.colcon_core.package_identification:_identify(.) by extensions ['ros']
[0.354s] Level 1:colcon.colcon_core.package_identification:_identify(.) by extension 'ros'
[0.364s] Level 1:colcon.colcon_core.package_identification:_identify(.) by extensions ['cmake', 'python']
[0.364s] Level 1:colcon.colcon_core.package_identification:_identify(.) by extension 'cmake'
[0.364s] Level 1:colcon.colcon_core.package_identification:_identify(.) by extension 'python'
[0.364s] Level 1:colcon.colcon_core.package_identification:_identify(.) by extensions ['python_setup_py']
[0.364s] Level 1:colcon.colcon_core.package_identification:_identify(.) by extension 'python_setup_py'
[0.364s] Level 1:colcon.colcon_core.package_identification:_identify(build) by extensions ['ignore', 'ignore_ament_install']
[0.364s] Level 1:colcon.colcon_core.package_identification:_identify(build) by extension 'ignore'
[0.364s] Level 1:colcon.colcon_core.package_identification:_identify(build) ignored
[0.365s] Level 1:colcon.colcon_core.package_identification:_identify(install) by extensions ['ignore', 'ignore_ament_install']
[0.365s] Level 1:colcon.colcon_core.package_identification:_identify(install) by extension 'ignore'
[0.365s] Level 1:colcon.colcon_core.package_identification:_identify(install) ignored
[0.365s] Level 1:colcon.colcon_core.package_identification:_identify(log) by extensions ['ignore', 'ignore_ament_install']
[0.365s] Level 1:colcon.colcon_core.package_identification:_identify(log) by extension 'ignore'
[0.365s] Level 1:colcon.colcon_core.package_identification:_identify(log) ignored
[0.365s] Level 1:colcon.colcon_core.package_identification:_identify(src) by extensions ['ignore', 'ignore_ament_install']
[0.365s] Level 1:colcon.colcon_core.package_identification:_identify(src) by extension 'ignore'
[0.365s] Level 1:colcon.colcon_core.package_identification:_identify(src) by extension 'ignore_ament_install'
[0.365s] Level 1:colcon.colcon_core.package_identification:_identify(src) by extensions ['colcon_pkg']
[0.365s] Level 1:colcon.colcon_core.package_identification:_identify(src) by extension 'colcon_pkg'
[0.365s] Level 1:colcon.colcon_core.package_identification:_identify(src) by extensions ['colcon_meta']
[0.365s] Level 1:colcon.colcon_core.package_identification:_identify(src) by extension 'colcon_meta'
[0.365s] Level 1:colcon.colcon_core.package_identification:_identify(src) by extensions ['ros']
[0.365s] Level 1:colcon.colcon_core.package_identification:_identify(src) by extension 'ros'
[0.365s] Level 1:colcon.colcon_core.package_identification:_identify(src) by extensions ['cmake', 'python']
[0.365s] Level 1:colcon.colcon_core.package_identification:_identify(src) by extension 'cmake'
[0.365s] Level 1:colcon.colcon_core.package_identification:_identify(src) by extension 'python'
[0.366s] Level 1:colcon.colcon_core.package_identification:_identify(src) by extensions ['python_setup_py']
[0.366s] Level 1:colcon.colcon_core.package_identification:_identify(src) by extension 'python_setup_py'
[0.366s] Level 1:colcon.colcon_core.package_identification:_identify(src/Two_Wheel_Robot) by extensions ['ignore', 'ignore_ament_install']
[0.366s] Level 1:colcon.colcon_core.package_identification:_identify(src/Two_Wheel_Robot) by extension 'ignore'
[0.366s] Level 1:colcon.colcon_core.package_identification:_identify(src/Two_Wheel_Robot) by extension 'ignore_ament_install'
[0.366s] Level 1:colcon.colcon_core.package_identification:_identify(src/Two_Wheel_Robot) by extensions ['colcon_pkg']
[0.366s] Level 1:colcon.colcon_core.package_identification:_identify(src/Two_Wheel_Robot) by extension 'colcon_pkg'
[0.366s] Level 1:colcon.colcon_core.package_identification:_identify(src/Two_Wheel_Robot) by extensions ['colcon_meta']
[0.366s] Level 1:colcon.colcon_core.package_identification:_identify(src/Two_Wheel_Robot) by extension 'colcon_meta'
[0.366s] Level 1:colcon.colcon_core.package_identification:_identify(src/Two_Wheel_Robot) by extensions ['ros']
[0.366s] Level 1:colcon.colcon_core.package_identification:_identify(src/Two_Wheel_Robot) by extension 'ros'
[0.368s] DEBUG:colcon.colcon_core.package_identification:Package 'src/Two_Wheel_Robot' with type 'ros.ament_python' and name 'Two_Wheel_Robot'
[0.368s] Level 1:colcon.colcon_core.package_identification:_identify(src/tutorial_interfaces) by extensions ['ignore', 'ignore_ament_install']
[0.368s] Level 1:colcon.colcon_core.package_identification:_identify(src/tutorial_interfaces) by extension 'ignore'
[0.368s] Level 1:colcon.colcon_core.package_identification:_identify(src/tutorial_interfaces) by extension 'ignore_ament_install'
[0.368s] Level 1:colcon.colcon_core.package_identification:_identify(src/tutorial_interfaces) by extensions ['colcon_pkg']
[0.368s] Level 1:colcon.colcon_core.package_identification:_identify(src/tutorial_interfaces) by extension 'colcon_pkg'
[0.368s] Level 1:colcon.colcon_core.package_identification:_identify(src/tutorial_interfaces) by extensions ['colcon_meta']
[0.368s] Level 1:colcon.colcon_core.package_identification:_identify(src/tutorial_interfaces) by extension 'colcon_meta'
[0.368s] Level 1:colcon.colcon_core.package_identification:_identify(src/tutorial_interfaces) by extensions ['ros']
[0.368s] Level 1:colcon.colcon_core.package_identification:_identify(src/tutorial_interfaces) by extension 'ros'
[0.369s] DEBUG:colcon.colcon_core.package_identification:Package 'src/tutorial_interfaces' with type 'ros.ament_cmake' and name 'tutorial_interfaces'
[0.369s] Level 1:colcon.colcon_core.package_discovery:discover_packages(recursive) using defaults
[0.369s] Level 1:colcon.colcon_core.package_discovery:discover_packages(ignore) discover
[0.369s] Level 1:colcon.colcon_core.package_discovery:discover_packages(ignore) using defaults
[0.369s] Level 1:colcon.colcon_core.package_discovery:discover_packages(path) discover
[0.369s] Level 1:colcon.colcon_core.package_discovery:discover_packages(path) using defaults
[0.392s] Level 1:colcon.colcon_core.package_discovery:discover_packages(prefix_path) check parameters
[0.392s] Level 1:colcon.colcon_core.package_discovery:discover_packages(prefix_path) discover
[0.393s] WARNING:colcon.colcon_ros.prefix_path.ament:The path '/home/benjamin/Two_Wheel_Robot/install/more_interfaces' in the environment variable AMENT_PREFIX_PATH doesn't exist
[0.393s] WARNING:colcon.colcon_ros.prefix_path.catkin:The path '/home/benjamin/Two_Wheel_Robot/install/more_interfaces' in the environment variable CMAKE_PREFIX_PATH doesn't exist
[0.394s] DEBUG:colcon.colcon_installed_package_information.package_discovery:Found 2 installed packages in /home/benjamin/Two_Wheel_Robot/install
[0.396s] DEBUG:colcon.colcon_installed_package_information.package_discovery:Found 331 installed packages in /opt/ros/humble
[0.398s] Level 1:colcon.colcon_core.package_discovery:discover_packages(prefix_path) using defaults
[0.463s] Level 5:colcon.colcon_core.verb:set package 'tutorial_interfaces' build argument 'cmake_args' from command line to 'None'
[0.463s] Level 5:colcon.colcon_core.verb:set package 'tutorial_interfaces' build argument 'cmake_target' from command line to 'None'
[0.463s] Level 5:colcon.colcon_core.verb:set package 'tutorial_interfaces' build argument 'cmake_target_skip_unavailable' from command line to 'False'
[0.464s] Level 5:colcon.colcon_core.verb:set package 'tutorial_interfaces' build argument 'cmake_clean_cache' from command line to 'False'
[0.464s] Level 5:colcon.colcon_core.verb:set package 'tutorial_interfaces' build argument 'cmake_clean_first' from command line to 'False'
[0.464s] Level 5:colcon.colcon_core.verb:set package 'tutorial_interfaces' build argument 'cmake_force_configure' from command line to 'False'
[0.464s] Level 5:colcon.colcon_core.verb:set package 'tutorial_interfaces' build argument 'ament_cmake_args' from command line to 'None'
[0.464s] Level 5:colcon.colcon_core.verb:set package 'tutorial_interfaces' build argument 'catkin_cmake_args' from command line to 'None'
[0.464s] Level 5:colcon.colcon_core.verb:set package 'tutorial_interfaces' build argument 'catkin_skip_building_tests' from command line to 'False'
[0.464s] DEBUG:colcon.colcon_core.verb:Building package 'tutorial_interfaces' with the following arguments: {'ament_cmake_args': None, 'build_base': '/home/benjamin/Two_Wheel_Robot/build/tutorial_interfaces', 'catkin_cmake_args': None, 'catkin_skip_building_tests': False, 'cmake_args': None, 'cmake_clean_cache': False, 'cmake_clean_first': False, 'cmake_force_configure': False, 'cmake_target': None, 'cmake_target_skip_unavailable': False, 'install_base': '/home/benjamin/Two_Wheel_Robot/install/tutorial_interfaces', 'merge_install': False, 'path': '/home/benjamin/Two_Wheel_Robot/src/tutorial_interfaces', 'symlink_install': True, 'test_result_base': None}
[0.465s] Level 5:colcon.colcon_core.verb:set package 'Two_Wheel_Robot' build argument 'cmake_args' from command line to 'None'
[0.465s] Level 5:colcon.colcon_core.verb:set package 'Two_Wheel_Robot' build argument 'cmake_target' from command line to 'None'
[0.465s] Level 5:colcon.colcon_core.verb:set package 'Two_Wheel_Robot' build argument 'cmake_target_skip_unavailable' from command line to 'False'
[0.465s] Level 5:colcon.colcon_core.verb:set package 'Two_Wheel_Robot' build argument 'cmake_clean_cache' from command line to 'False'
[0.465s] Level 5:colcon.colcon_core.verb:set package 'Two_Wheel_Robot' build argument 'cmake_clean_first' from command line to 'False'
[0.465s] Level 5:colcon.colcon_core.verb:set package 'Two_Wheel_Robot' build argument 'cmake_force_configure' from command line to 'False'
[0.465s] Level 5:colcon.colcon_core.verb:set package 'Two_Wheel_Robot' build argument 'ament_cmake_args' from command line to 'None'
[0.465s] Level 5:colcon.colcon_core.verb:set package 'Two_Wheel_Robot' build argument 'catkin_cmake_args' from command line to 'None'
[0.465s] Level 5:colcon.colcon_core.verb:set package 'Two_Wheel_Robot' build argument 'catkin_skip_building_tests' from command line to 'False'
[0.465s] DEBUG:colcon.colcon_core.verb:Building package 'Two_Wheel_Robot' with the following arguments: {'ament_cmake_args': None, 'build_base': '/home/benjamin/Two_Wheel_Robot/build/Two_Wheel_Robot', 'catkin_cmake_args': None, 'catkin_skip_building_tests': False, 'cmake_args': None, 'cmake_clean_cache': False, 'cmake_clean_first': False, 'cmake_force_configure': False, 'cmake_target': None, 'cmake_target_skip_unavailable': False, 'install_base': '/home/benjamin/Two_Wheel_Robot/install/Two_Wheel_Robot', 'merge_install': False, 'path': '/home/benjamin/Two_Wheel_Robot/src/Two_Wheel_Robot', 'symlink_install': True, 'test_result_base': None}
[0.465s] INFO:colcon.colcon_core.executor:Executing jobs using 'parallel' executor
[0.468s] DEBUG:colcon.colcon_parallel_executor.executor.parallel:run_until_complete
[0.468s] INFO:colcon.colcon_ros.task.ament_cmake.build:Building ROS package in '/home/benjamin/Two_Wheel_Robot/src/tutorial_interfaces' with build type 'ament_cmake'
[0.468s] INFO:colcon.colcon_cmake.task.cmake.build:Building CMake package in '/home/benjamin/Two_Wheel_Robot/src/tutorial_interfaces'
[0.474s] INFO:colcon.colcon_core.plugin_system:Skipping extension 'colcon_core.shell.bat': Not used on non-Windows systems
[0.474s] INFO:colcon.colcon_core.shell:Skip shell extension 'powershell' for command environment: Not usable outside of PowerShell
[0.474s] DEBUG:colcon.colcon_core.shell:Skip shell extension 'dsv' for command environment
[0.483s] DEBUG:colcon.colcon_core.event_handler.log_command:Invoking command in '/home/benjamin/Two_Wheel_Robot/build/tutorial_interfaces': CMAKE_PREFIX_PATH=${CMAKE_PREFIX_PATH}:/home/benjamin/Two_Wheel_Robot/install/Two_Wheel_Robot:/opt/ros/humble /usr/bin/cmake /home/benjamin/Two_Wheel_Robot/src/tutorial_interfaces -DAMENT_CMAKE_SYMLINK_INSTALL=1 -DCMAKE_INSTALL_PREFIX=/home/benjamin/Two_Wheel_Robot/install/tutorial_interfaces
[1.427s] DEBUG:colcon.colcon_core.event_handler.log_command:Invoked command in '/home/benjamin/Two_Wheel_Robot/build/tutorial_interfaces' returned '0': CMAKE_PREFIX_PATH=${CMAKE_PREFIX_PATH}:/home/benjamin/Two_Wheel_Robot/install/Two_Wheel_Robot:/opt/ros/humble /usr/bin/cmake /home/benjamin/Two_Wheel_Robot/src/tutorial_interfaces -DAMENT_CMAKE_SYMLINK_INSTALL=1 -DCMAKE_INSTALL_PREFIX=/home/benjamin/Two_Wheel_Robot/install/tutorial_interfaces
[1.428s] DEBUG:colcon.colcon_core.event_handler.log_command:Invoking command in '/home/benjamin/Two_Wheel_Robot/build/tutorial_interfaces': CMAKE_PREFIX_PATH=${CMAKE_PREFIX_PATH}:/home/benjamin/Two_Wheel_Robot/install/Two_Wheel_Robot:/opt/ros/humble /usr/bin/cmake --build /home/benjamin/Two_Wheel_Robot/build/tutorial_interfaces -- -j12 -l12
[3.253s] DEBUG:colcon.colcon_core.event_handler.log_command:Invoked command in '/home/benjamin/Two_Wheel_Robot/build/tutorial_interfaces' returned '0': CMAKE_PREFIX_PATH=${CMAKE_PREFIX_PATH}:/home/benjamin/Two_Wheel_Robot/install/Two_Wheel_Robot:/opt/ros/humble /usr/bin/cmake --build /home/benjamin/Two_Wheel_Robot/build/tutorial_interfaces -- -j12 -l12
[3.326s] DEBUG:colcon.colcon_core.event_handler.log_command:Invoking command in '/home/benjamin/Two_Wheel_Robot/build/tutorial_interfaces': CMAKE_PREFIX_PATH=${CMAKE_PREFIX_PATH}:/home/benjamin/Two_Wheel_Robot/install/Two_Wheel_Robot:/opt/ros/humble /usr/bin/cmake --install /home/benjamin/Two_Wheel_Robot/build/tutorial_interfaces
[3.405s] Level 1:colcon.colcon_core.environment:create_environment_scripts_only(tutorial_interfaces)
[3.405s] DEBUG:colcon.colcon_core.event_handler.log_command:Invoked command in '/home/benjamin/Two_Wheel_Robot/build/tutorial_interfaces' returned '0': CMAKE_PREFIX_PATH=${CMAKE_PREFIX_PATH}:/home/benjamin/Two_Wheel_Robot/install/Two_Wheel_Robot:/opt/ros/humble /usr/bin/cmake --install /home/benjamin/Two_Wheel_Robot/build/tutorial_interfaces
[3.410s] Level 1:colcon.colcon_core.environment:checking '/home/benjamin/Two_Wheel_Robot/install/tutorial_interfaces' for CMake module files
[3.410s] Level 1:colcon.colcon_core.environment:checking '/home/benjamin/Two_Wheel_Robot/install/tutorial_interfaces' for CMake config files
[3.411s] Level 1:colcon.colcon_core.shell:create_environment_hook('tutorial_interfaces', 'cmake_prefix_path')
[3.412s] INFO:colcon.colcon_core.shell:Creating environment hook '/home/benjamin/Two_Wheel_Robot/install/tutorial_interfaces/share/tutorial_interfaces/hook/cmake_prefix_path.ps1'
[3.413s] INFO:colcon.colcon_core.shell:Creating environment descriptor '/home/benjamin/Two_Wheel_Robot/install/tutorial_interfaces/share/tutorial_interfaces/hook/cmake_prefix_path.dsv'
[3.413s] INFO:colcon.colcon_core.shell:Creating environment hook '/home/benjamin/Two_Wheel_Robot/install/tutorial_interfaces/share/tutorial_interfaces/hook/cmake_prefix_path.sh'
[3.414s] Level 1:colcon.colcon_core.environment:checking '/home/benjamin/Two_Wheel_Robot/install/tutorial_interfaces/lib'
[3.414s] Level 1:colcon.colcon_core.shell:create_environment_hook('tutorial_interfaces', 'ld_library_path_lib')
[3.415s] INFO:colcon.colcon_core.shell:Creating environment hook '/home/benjamin/Two_Wheel_Robot/install/tutorial_interfaces/share/tutorial_interfaces/hook/ld_library_path_lib.ps1'
[3.416s] INFO:colcon.colcon_core.shell:Creating environment descriptor '/home/benjamin/Two_Wheel_Robot/install/tutorial_interfaces/share/tutorial_interfaces/hook/ld_library_path_lib.dsv'
[3.416s] INFO:colcon.colcon_core.shell:Creating environment hook '/home/benjamin/Two_Wheel_Robot/install/tutorial_interfaces/share/tutorial_interfaces/hook/ld_library_path_lib.sh'
[3.416s] Level 1:colcon.colcon_core.environment:checking '/home/benjamin/Two_Wheel_Robot/install/tutorial_interfaces/bin'
[3.416s] Level 1:colcon.colcon_core.environment:checking '/home/benjamin/Two_Wheel_Robot/install/tutorial_interfaces/lib/pkgconfig/tutorial_interfaces.pc'
[3.417s] Level 1:colcon.colcon_core.environment:checking '/home/benjamin/Two_Wheel_Robot/install/tutorial_interfaces/lib/python3.10/site-packages'
[3.417s] Level 1:colcon.colcon_core.environment:checking '/home/benjamin/Two_Wheel_Robot/install/tutorial_interfaces/bin'
[3.418s] INFO:colcon.colcon_core.shell:Creating package script '/home/benjamin/Two_Wheel_Robot/install/tutorial_interfaces/share/tutorial_interfaces/package.ps1'
[3.419s] INFO:colcon.colcon_core.shell:Creating package descriptor '/home/benjamin/Two_Wheel_Robot/install/tutorial_interfaces/share/tutorial_interfaces/package.dsv'
[3.419s] INFO:colcon.colcon_core.shell:Creating package script '/home/benjamin/Two_Wheel_Robot/install/tutorial_interfaces/share/tutorial_interfaces/package.sh'
[3.420s] INFO:colcon.colcon_core.shell:Creating package script '/home/benjamin/Two_Wheel_Robot/install/tutorial_interfaces/share/tutorial_interfaces/package.bash'
[3.421s] INFO:colcon.colcon_core.shell:Creating package script '/home/benjamin/Two_Wheel_Robot/install/tutorial_interfaces/share/tutorial_interfaces/package.zsh'
[3.421s] Level 1:colcon.colcon_core.environment:create_file_with_runtime_dependencies(/home/benjamin/Two_Wheel_Robot/install/tutorial_interfaces/share/colcon-core/packages/tutorial_interfaces)
[3.483s] Level 1:colcon.colcon_core.environment:create_environment_scripts_only(tutorial_interfaces)
[3.485s] Level 1:colcon.colcon_core.environment:checking '/home/benjamin/Two_Wheel_Robot/install/tutorial_interfaces' for CMake module files
[3.486s] Level 1:colcon.colcon_core.environment:checking '/home/benjamin/Two_Wheel_Robot/install/tutorial_interfaces' for CMake config files
[3.487s] Level 1:colcon.colcon_core.shell:create_environment_hook('tutorial_interfaces', 'cmake_prefix_path')
[3.488s] INFO:colcon.colcon_core.shell:Creating environment hook '/home/benjamin/Two_Wheel_Robot/install/tutorial_interfaces/share/tutorial_interfaces/hook/cmake_prefix_path.ps1'
[3.489s] INFO:colcon.colcon_core.shell:Creating environment descriptor '/home/benjamin/Two_Wheel_Robot/install/tutorial_interfaces/share/tutorial_interfaces/hook/cmake_prefix_path.dsv'
[3.489s] INFO:colcon.colcon_core.shell:Creating environment hook '/home/benjamin/Two_Wheel_Robot/install/tutorial_interfaces/share/tutorial_interfaces/hook/cmake_prefix_path.sh'
[3.489s] Level 1:colcon.colcon_core.environment:checking '/home/benjamin/Two_Wheel_Robot/install/tutorial_interfaces/lib'
[3.490s] Level 1:colcon.colcon_core.shell:create_environment_hook('tutorial_interfaces', 'ld_library_path_lib')
[3.491s] INFO:colcon.colcon_core.shell:Creating environment hook '/home/benjamin/Two_Wheel_Robot/install/tutorial_interfaces/share/tutorial_interfaces/hook/ld_library_path_lib.ps1'
[3.491s] INFO:colcon.colcon_core.shell:Creating environment descriptor '/home/benjamin/Two_Wheel_Robot/install/tutorial_interfaces/share/tutorial_interfaces/hook/ld_library_path_lib.dsv'
[3.492s] INFO:colcon.colcon_core.shell:Creating environment hook '/home/benjamin/Two_Wheel_Robot/install/tutorial_interfaces/share/tutorial_interfaces/hook/ld_library_path_lib.sh'
[3.492s] Level 1:colcon.colcon_core.environment:checking '/home/benjamin/Two_Wheel_Robot/install/tutorial_interfaces/bin'
[3.492s] Level 1:colcon.colcon_core.environment:checking '/home/benjamin/Two_Wheel_Robot/install/tutorial_interfaces/lib/pkgconfig/tutorial_interfaces.pc'
[3.492s] Level 1:colcon.colcon_core.environment:checking '/home/benjamin/Two_Wheel_Robot/install/tutorial_interfaces/lib/python3.10/site-packages'
[3.492s] Level 1:colcon.colcon_core.environment:checking '/home/benjamin/Two_Wheel_Robot/install/tutorial_interfaces/bin'
[3.494s] INFO:colcon.colcon_core.shell:Creating package script '/home/benjamin/Two_Wheel_Robot/install/tutorial_interfaces/share/tutorial_interfaces/package.ps1'
[3.494s] INFO:colcon.colcon_core.shell:Creating package descriptor '/home/benjamin/Two_Wheel_Robot/install/tutorial_interfaces/share/tutorial_interfaces/package.dsv'
[3.494s] INFO:colcon.colcon_core.shell:Creating package script '/home/benjamin/Two_Wheel_Robot/install/tutorial_interfaces/share/tutorial_interfaces/package.sh'
[3.495s] INFO:colcon.colcon_core.shell:Creating package script '/home/benjamin/Two_Wheel_Robot/install/tutorial_interfaces/share/tutorial_interfaces/package.bash'
[3.495s] INFO:colcon.colcon_core.shell:Creating package script '/home/benjamin/Two_Wheel_Robot/install/tutorial_interfaces/share/tutorial_interfaces/package.zsh'
[3.496s] Level 1:colcon.colcon_core.environment:create_file_with_runtime_dependencies(/home/benjamin/Two_Wheel_Robot/install/tutorial_interfaces/share/colcon-core/packages/tutorial_interfaces)
[3.496s] INFO:colcon.colcon_ros.task.ament_python.build:Building ROS package in '/home/benjamin/Two_Wheel_Robot/src/Two_Wheel_Robot' with build type 'ament_python'
[3.496s] Level 1:colcon.colcon_core.shell:create_environment_hook('Two_Wheel_Robot', 'ament_prefix_path')
[3.497s] INFO:colcon.colcon_core.shell:Creating environment hook '/home/benjamin/Two_Wheel_Robot/install/Two_Wheel_Robot/share/Two_Wheel_Robot/hook/ament_prefix_path.ps1'
[3.498s] INFO:colcon.colcon_core.shell:Creating environment descriptor '/home/benjamin/Two_Wheel_Robot/install/Two_Wheel_Robot/share/Two_Wheel_Robot/hook/ament_prefix_path.dsv'
[3.498s] INFO:colcon.colcon_core.shell:Creating environment hook '/home/benjamin/Two_Wheel_Robot/install/Two_Wheel_Robot/share/Two_Wheel_Robot/hook/ament_prefix_path.sh'
[3.501s] INFO:colcon.colcon_core.shell:Skip shell extension 'powershell' for command environment: Not usable outside of PowerShell
[3.501s] DEBUG:colcon.colcon_core.shell:Skip shell extension 'dsv' for command environment
[3.769s] INFO:colcon.colcon_core.task.python.build:Building Python package in '/home/benjamin/Two_Wheel_Robot/src/Two_Wheel_Robot'
[3.770s] INFO:colcon.colcon_core.shell:Skip shell extension 'powershell' for command environment: Not usable outside of PowerShell
[3.770s] DEBUG:colcon.colcon_core.shell:Skip shell extension 'dsv' for command environment
[4.164s] DEBUG:colcon.colcon_core.task.python.build:While undoing a previous installation files outside the Python library path are being ignored: /home/benjamin/Two_Wheel_Robot/install/Two_Wheel_Robot/share/ament_index/resource_index/packages/Two_Wheel_Robot
[4.165s] DEBUG:colcon.colcon_core.task.python.build:While undoing a previous installation files outside the Python library path are being ignored: /home/benjamin/Two_Wheel_Robot/install/Two_Wheel_Robot/share/Two_Wheel_Robot/package.xml
[4.165s] DEBUG:colcon.colcon_core.task.python.build:While undoing a previous installation files outside the Python library path are being ignored: /home/benjamin/Two_Wheel_Robot/install/Two_Wheel_Robot/lib/Two_Wheel_Robot/encoder_counter
[4.165s] DEBUG:colcon.colcon_core.task.python.build:While undoing a previous installation files outside the Python library path are being ignored: /home/benjamin/Two_Wheel_Robot/install/Two_Wheel_Robot/lib/Two_Wheel_Robot/encoder_reader
[4.165s] DEBUG:colcon.colcon_core.task.python.build:While undoing a previous installation files outside the Python library path are being ignored: /home/benjamin/Two_Wheel_Robot/install/Two_Wheel_Robot/lib/Two_Wheel_Robot/listener
[4.165s] DEBUG:colcon.colcon_core.task.python.build:While undoing a previous installation files outside the Python library path are being ignored: /home/benjamin/Two_Wheel_Robot/install/Two_Wheel_Robot/lib/Two_Wheel_Robot/talker
[4.167s] DEBUG:colcon.colcon_core.event_handler.log_command:Invoking command in '/home/benjamin/Two_Wheel_Robot/build/Two_Wheel_Robot': PYTHONPATH=/home/benjamin/Two_Wheel_Robot/build/Two_Wheel_Robot/prefix_override:/home/benjamin/Two_Wheel_Robot/install/Two_Wheel_Robot/lib/python3.10/site-packages:${PYTHONPATH} /usr/bin/python3 setup.py develop --editable --build-directory /home/benjamin/Two_Wheel_Robot/build/Two_Wheel_Robot/build --no-deps install_data
[4.638s] Level 1:colcon.colcon_core.shell:create_environment_hook('Two_Wheel_Robot', 'pythonpath_develop')
[4.640s] INFO:colcon.colcon_core.shell:Creating environment hook '/home/benjamin/Two_Wheel_Robot/build/Two_Wheel_Robot/share/Two_Wheel_Robot/hook/pythonpath_develop.ps1'
[4.640s] DEBUG:colcon.colcon_core.event_handler.log_command:Invoked command in '/home/benjamin/Two_Wheel_Robot/build/Two_Wheel_Robot' returned '0': PYTHONPATH=/home/benjamin/Two_Wheel_Robot/build/Two_Wheel_Robot/prefix_override:/home/benjamin/Two_Wheel_Robot/install/Two_Wheel_Robot/lib/python3.10/site-packages:${PYTHONPATH} /usr/bin/python3 setup.py develop --editable --build-directory /home/benjamin/Two_Wheel_Robot/build/Two_Wheel_Robot/build --no-deps install_data
[4.641s] INFO:colcon.colcon_core.shell:Creating environment descriptor '/home/benjamin/Two_Wheel_Robot/build/Two_Wheel_Robot/share/Two_Wheel_Robot/hook/pythonpath_develop.dsv'
[4.641s] INFO:colcon.colcon_core.shell:Creating environment hook '/home/benjamin/Two_Wheel_Robot/build/Two_Wheel_Robot/share/Two_Wheel_Robot/hook/pythonpath_develop.sh'
[4.643s] Level 1:colcon.colcon_core.environment:checking '/home/benjamin/Two_Wheel_Robot/install/Two_Wheel_Robot' for CMake module files
[4.644s] Level 1:colcon.colcon_core.environment:checking '/home/benjamin/Two_Wheel_Robot/install/Two_Wheel_Robot' for CMake config files
[4.644s] Level 1:colcon.colcon_core.environment:checking '/home/benjamin/Two_Wheel_Robot/install/Two_Wheel_Robot/lib'
[4.644s] Level 1:colcon.colcon_core.environment:checking '/home/benjamin/Two_Wheel_Robot/install/Two_Wheel_Robot/bin'
[4.644s] Level 1:colcon.colcon_core.environment:checking '/home/benjamin/Two_Wheel_Robot/install/Two_Wheel_Robot/lib/pkgconfig/Two_Wheel_Robot.pc'
[4.644s] Level 1:colcon.colcon_core.environment:checking '/home/benjamin/Two_Wheel_Robot/install/Two_Wheel_Robot/lib/python3.10/site-packages'
[4.644s] Level 1:colcon.colcon_core.shell:create_environment_hook('Two_Wheel_Robot', 'pythonpath')
[4.645s] INFO:colcon.colcon_core.shell:Creating environment hook '/home/benjamin/Two_Wheel_Robot/install/Two_Wheel_Robot/share/Two_Wheel_Robot/hook/pythonpath.ps1'
[4.646s] INFO:colcon.colcon_core.shell:Creating environment descriptor '/home/benjamin/Two_Wheel_Robot/install/Two_Wheel_Robot/share/Two_Wheel_Robot/hook/pythonpath.dsv'
[4.646s] INFO:colcon.colcon_core.shell:Creating environment hook '/home/benjamin/Two_Wheel_Robot/install/Two_Wheel_Robot/share/Two_Wheel_Robot/hook/pythonpath.sh'
[4.646s] Level 1:colcon.colcon_core.environment:checking '/home/benjamin/Two_Wheel_Robot/install/Two_Wheel_Robot/bin'
[4.647s] Level 1:colcon.colcon_core.environment:create_environment_scripts_only(Two_Wheel_Robot)
[4.648s] INFO:colcon.colcon_core.shell:Creating package script '/home/benjamin/Two_Wheel_Robot/install/Two_Wheel_Robot/share/Two_Wheel_Robot/package.ps1'
[4.648s] INFO:colcon.colcon_core.shell:Creating package descriptor '/home/benjamin/Two_Wheel_Robot/install/Two_Wheel_Robot/share/Two_Wheel_Robot/package.dsv'
[4.649s] INFO:colcon.colcon_core.shell:Creating package script '/home/benjamin/Two_Wheel_Robot/install/Two_Wheel_Robot/share/Two_Wheel_Robot/package.sh'
[4.649s] INFO:colcon.colcon_core.shell:Creating package script '/home/benjamin/Two_Wheel_Robot/install/Two_Wheel_Robot/share/Two_Wheel_Robot/package.bash'
[4.649s] INFO:colcon.colcon_core.shell:Creating package script '/home/benjamin/Two_Wheel_Robot/install/Two_Wheel_Robot/share/Two_Wheel_Robot/package.zsh'
[4.649s] Level 1:colcon.colcon_core.environment:create_file_with_runtime_dependencies(/home/benjamin/Two_Wheel_Robot/install/Two_Wheel_Robot/share/colcon-core/packages/Two_Wheel_Robot)
[4.650s] DEBUG:colcon.colcon_parallel_executor.executor.parallel:closing loop
[4.650s] DEBUG:colcon.colcon_parallel_executor.executor.parallel:loop closed
[4.650s] DEBUG:colcon.colcon_parallel_executor.executor.parallel:run_until_complete finished with '0'
[4.650s] DEBUG:colcon.colcon_core.event_reactor:joining thread
[4.657s] INFO:colcon.colcon_core.plugin_system:Skipping extension 'colcon_notification.desktop_notification.terminal_notifier': Not used on non-Darwin systems
[4.657s] INFO:colcon.colcon_core.plugin_system:Skipping extension 'colcon_notification.desktop_notification.win32': Not used on non-Windows systems
[4.657s] INFO:colcon.colcon_notification.desktop_notification:Sending desktop notification using 'notify2'
[4.667s] DEBUG:colcon.colcon_core.event_reactor:joined thread
[4.669s] INFO:colcon.colcon_core.shell:Creating prefix script '/home/benjamin/Two_Wheel_Robot/install/local_setup.ps1'
[4.670s] INFO:colcon.colcon_core.shell:Creating prefix util module '/home/benjamin/Two_Wheel_Robot/install/_local_setup_util_ps1.py'
[4.671s] INFO:colcon.colcon_core.shell:Creating prefix chain script '/home/benjamin/Two_Wheel_Robot/install/setup.ps1'
[4.672s] INFO:colcon.colcon_core.shell:Creating prefix script '/home/benjamin/Two_Wheel_Robot/install/local_setup.sh'
[4.673s] INFO:colcon.colcon_core.shell:Creating prefix util module '/home/benjamin/Two_Wheel_Robot/install/_local_setup_util_sh.py'
[4.674s] INFO:colcon.colcon_core.shell:Creating prefix chain script '/home/benjamin/Two_Wheel_Robot/install/setup.sh'
[4.676s] INFO:colcon.colcon_core.shell:Creating prefix script '/home/benjamin/Two_Wheel_Robot/install/local_setup.bash'
[4.677s] INFO:colcon.colcon_core.shell:Creating prefix chain script '/home/benjamin/Two_Wheel_Robot/install/setup.bash'
[4.679s] INFO:colcon.colcon_core.shell:Creating prefix script '/home/benjamin/Two_Wheel_Robot/install/local_setup.zsh'
[4.680s] INFO:colcon.colcon_core.shell:Creating prefix chain script '/home/benjamin/Two_Wheel_Robot/install/setup.zsh'
