[0.353s] DEBUG:colcon:Command line arguments: ['/usr/bin/colcon', 'build', '--symlink-install']
[0.353s] DEBUG:colcon:Parsed command line arguments: Namespace(log_base=None, log_level=None, verb_name='build', build_base='build', install_base='install', merge_install=False, symlink_install=True, test_result_base=None, continue_on_error=False, executor='parallel', parallel_workers=12, event_handlers=None, ignore_user_meta=False, metas=['./colcon.meta'], base_paths=['.'], packages_ignore=None, packages_ignore_regex=None, paths=None, packages_up_to=None, packages_up_to_regex=None, packages_above=None, packages_above_and_dependencies=None, packages_above_depth=None, packages_select_by_dep=None, packages_skip_by_dep=None, packages_skip_up_to=None, packages_select_build_failed=False, packages_skip_build_finished=False, packages_select_test_failures=False, packages_skip_test_passed=False, packages_select=None, packages_skip=None, packages_select_regex=None, packages_skip_regex=None, packages_start=None, packages_end=None, allow_overriding=[], cmake_args=None, cmake_target=None, cmake_target_skip_unavailable=False, cmake_clean_cache=False, cmake_clean_first=False, cmake_force_configure=False, ament_cmake_args=None, catkin_cmake_args=None, catkin_skip_building_tests=False, verb_parser=<colcon_defaults.argument_parser.defaults.DefaultArgumentsDecorator object at 0x7fb29c3ab100>, verb_extension=<colcon_core.verb.build.BuildVerb object at 0x7fb29c3aab90>, main=<bound method BuildVerb.main of <colcon_core.verb.build.BuildVerb object at 0x7fb29c3aab90>>)
[0.376s] Level 1:colcon.colcon_core.package_discovery:discover_packages(colcon_meta) check parameters
[0.376s] Level 1:colcon.colcon_core.package_discovery:discover_packages(recursive) check parameters
[0.376s] Level 1:colcon.colcon_core.package_discovery:discover_packages(ignore) check parameters
[0.376s] Level 1:colcon.colcon_core.package_discovery:discover_packages(path) check parameters
[0.376s] Level 1:colcon.colcon_core.package_discovery:discover_packages(colcon_meta) discover
[0.376s] Level 1:colcon.colcon_core.package_discovery:discover_packages(recursive) discover
[0.376s] INFO:colcon.colcon_core.package_discovery:Crawling recursively for packages in '/home/benjamin/Two_Wheel_Robot'
[0.377s] Level 1:colcon.colcon_core.package_identification:_identify(.) by extensions ['ignore', 'ignore_ament_install']
[0.377s] Level 1:colcon.colcon_core.package_identification:_identify(.) by extension 'ignore'
[0.377s] Level 1:colcon.colcon_core.package_identification:_identify(.) by extension 'ignore_ament_install'
[0.377s] Level 1:colcon.colcon_core.package_identification:_identify(.) by extensions ['colcon_pkg']
[0.377s] Level 1:colcon.colcon_core.package_identification:_identify(.) by extension 'colcon_pkg'
[0.377s] Level 1:colcon.colcon_core.package_identification:_identify(.) by extensions ['colcon_meta']
[0.377s] Level 1:colcon.colcon_core.package_identification:_identify(.) by extension 'colcon_meta'
[0.377s] Level 1:colcon.colcon_core.package_identification:_identify(.) by extensions ['ros']
[0.377s] Level 1:colcon.colcon_core.package_identification:_identify(.) by extension 'ros'
[0.388s] Level 1:colcon.colcon_core.package_identification:_identify(.) by extensions ['cmake', 'python']
[0.388s] Level 1:colcon.colcon_core.package_identification:_identify(.) by extension 'cmake'
[0.388s] Level 1:colcon.colcon_core.package_identification:_identify(.) by extension 'python'
[0.388s] Level 1:colcon.colcon_core.package_identification:_identify(.) by extensions ['python_setup_py']
[0.388s] Level 1:colcon.colcon_core.package_identification:_identify(.) by extension 'python_setup_py'
[0.388s] Level 1:colcon.colcon_core.package_identification:_identify(build) by extensions ['ignore', 'ignore_ament_install']
[0.388s] Level 1:colcon.colcon_core.package_identification:_identify(build) by extension 'ignore'
[0.388s] Level 1:colcon.colcon_core.package_identification:_identify(build) ignored
[0.389s] Level 1:colcon.colcon_core.package_identification:_identify(install) by extensions ['ignore', 'ignore_ament_install']
[0.389s] Level 1:colcon.colcon_core.package_identification:_identify(install) by extension 'ignore'
[0.389s] Level 1:colcon.colcon_core.package_identification:_identify(install) ignored
[0.389s] Level 1:colcon.colcon_core.package_identification:_identify(log) by extensions ['ignore', 'ignore_ament_install']
[0.389s] Level 1:colcon.colcon_core.package_identification:_identify(log) by extension 'ignore'
[0.389s] Level 1:colcon.colcon_core.package_identification:_identify(log) ignored
[0.389s] Level 1:colcon.colcon_core.package_identification:_identify(src) by extensions ['ignore', 'ignore_ament_install']
[0.389s] Level 1:colcon.colcon_core.package_identification:_identify(src) by extension 'ignore'
[0.389s] Level 1:colcon.colcon_core.package_identification:_identify(src) by extension 'ignore_ament_install'
[0.389s] Level 1:colcon.colcon_core.package_identification:_identify(src) by extensions ['colcon_pkg']
[0.389s] Level 1:colcon.colcon_core.package_identification:_identify(src) by extension 'colcon_pkg'
[0.389s] Level 1:colcon.colcon_core.package_identification:_identify(src) by extensions ['colcon_meta']
[0.389s] Level 1:colcon.colcon_core.package_identification:_identify(src) by extension 'colcon_meta'
[0.389s] Level 1:colcon.colcon_core.package_identification:_identify(src) by extensions ['ros']
[0.389s] Level 1:colcon.colcon_core.package_identification:_identify(src) by extension 'ros'
[0.389s] Level 1:colcon.colcon_core.package_identification:_identify(src) by extensions ['cmake', 'python']
[0.389s] Level 1:colcon.colcon_core.package_identification:_identify(src) by extension 'cmake'
[0.390s] Level 1:colcon.colcon_core.package_identification:_identify(src) by extension 'python'
[0.390s] Level 1:colcon.colcon_core.package_identification:_identify(src) by extensions ['python_setup_py']
[0.390s] Level 1:colcon.colcon_core.package_identification:_identify(src) by extension 'python_setup_py'
[0.390s] Level 1:colcon.colcon_core.package_identification:_identify(src/Two_Wheel_Robot) by extensions ['ignore', 'ignore_ament_install']
[0.390s] Level 1:colcon.colcon_core.package_identification:_identify(src/Two_Wheel_Robot) by extension 'ignore'
[0.390s] Level 1:colcon.colcon_core.package_identification:_identify(src/Two_Wheel_Robot) by extension 'ignore_ament_install'
[0.390s] Level 1:colcon.colcon_core.package_identification:_identify(src/Two_Wheel_Robot) by extensions ['colcon_pkg']
[0.390s] Level 1:colcon.colcon_core.package_identification:_identify(src/Two_Wheel_Robot) by extension 'colcon_pkg'
[0.390s] Level 1:colcon.colcon_core.package_identification:_identify(src/Two_Wheel_Robot) by extensions ['colcon_meta']
[0.390s] Level 1:colcon.colcon_core.package_identification:_identify(src/Two_Wheel_Robot) by extension 'colcon_meta'
[0.390s] Level 1:colcon.colcon_core.package_identification:_identify(src/Two_Wheel_Robot) by extensions ['ros']
[0.390s] Level 1:colcon.colcon_core.package_identification:_identify(src/Two_Wheel_Robot) by extension 'ros'
[0.392s] DEBUG:colcon.colcon_core.package_identification:Package 'src/Two_Wheel_Robot' with type 'ros.ament_python' and name 'Two_Wheel_Robot'
[0.392s] Level 1:colcon.colcon_core.package_identification:_identify(src/tutorial_interfaces) by extensions ['ignore', 'ignore_ament_install']
[0.392s] Level 1:colcon.colcon_core.package_identification:_identify(src/tutorial_interfaces) by extension 'ignore'
[0.393s] Level 1:colcon.colcon_core.package_identification:_identify(src/tutorial_interfaces) by extension 'ignore_ament_install'
[0.393s] Level 1:colcon.colcon_core.package_identification:_identify(src/tutorial_interfaces) by extensions ['colcon_pkg']
[0.393s] Level 1:colcon.colcon_core.package_identification:_identify(src/tutorial_interfaces) by extension 'colcon_pkg'
[0.393s] Level 1:colcon.colcon_core.package_identification:_identify(src/tutorial_interfaces) by extensions ['colcon_meta']
[0.393s] Level 1:colcon.colcon_core.package_identification:_identify(src/tutorial_interfaces) by extension 'colcon_meta'
[0.393s] Level 1:colcon.colcon_core.package_identification:_identify(src/tutorial_interfaces) by extensions ['ros']
[0.393s] Level 1:colcon.colcon_core.package_identification:_identify(src/tutorial_interfaces) by extension 'ros'
[0.393s] DEBUG:colcon.colcon_core.package_identification:Package 'src/tutorial_interfaces' with type 'ros.ament_cmake' and name 'tutorial_interfaces'
[0.393s] Level 1:colcon.colcon_core.package_discovery:discover_packages(recursive) using defaults
[0.393s] Level 1:colcon.colcon_core.package_discovery:discover_packages(ignore) discover
[0.393s] Level 1:colcon.colcon_core.package_discovery:discover_packages(ignore) using defaults
[0.393s] Level 1:colcon.colcon_core.package_discovery:discover_packages(path) discover
[0.393s] Level 1:colcon.colcon_core.package_discovery:discover_packages(path) using defaults
[0.416s] Level 1:colcon.colcon_core.package_discovery:discover_packages(prefix_path) check parameters
[0.416s] Level 1:colcon.colcon_core.package_discovery:discover_packages(prefix_path) discover
[0.418s] WARNING:colcon.colcon_ros.prefix_path.ament:The path '/home/benjamin/Two_Wheel_Robot/install/more_interfaces' in the environment variable AMENT_PREFIX_PATH doesn't exist
[0.418s] WARNING:colcon.colcon_ros.prefix_path.catkin:The path '/home/benjamin/Two_Wheel_Robot/install/more_interfaces' in the environment variable CMAKE_PREFIX_PATH doesn't exist
[0.421s] DEBUG:colcon.colcon_installed_package_information.package_discovery:Found 2 installed packages in /home/benjamin/Two_Wheel_Robot/install
[0.422s] DEBUG:colcon.colcon_installed_package_information.package_discovery:Found 331 installed packages in /opt/ros/humble
[0.424s] Level 1:colcon.colcon_core.package_discovery:discover_packages(prefix_path) using defaults
[0.494s] Level 5:colcon.colcon_core.verb:set package 'tutorial_interfaces' build argument 'cmake_args' from command line to 'None'
[0.494s] Level 5:colcon.colcon_core.verb:set package 'tutorial_interfaces' build argument 'cmake_target' from command line to 'None'
[0.494s] Level 5:colcon.colcon_core.verb:set package 'tutorial_interfaces' build argument 'cmake_target_skip_unavailable' from command line to 'False'
[0.494s] Level 5:colcon.colcon_core.verb:set package 'tutorial_interfaces' build argument 'cmake_clean_cache' from command line to 'False'
[0.494s] Level 5:colcon.colcon_core.verb:set package 'tutorial_interfaces' build argument 'cmake_clean_first' from command line to 'False'
[0.494s] Level 5:colcon.colcon_core.verb:set package 'tutorial_interfaces' build argument 'cmake_force_configure' from command line to 'False'
[0.494s] Level 5:colcon.colcon_core.verb:set package 'tutorial_interfaces' build argument 'ament_cmake_args' from command line to 'None'
[0.494s] Level 5:colcon.colcon_core.verb:set package 'tutorial_interfaces' build argument 'catkin_cmake_args' from command line to 'None'
[0.494s] Level 5:colcon.colcon_core.verb:set package 'tutorial_interfaces' build argument 'catkin_skip_building_tests' from command line to 'False'
[0.494s] DEBUG:colcon.colcon_core.verb:Building package 'tutorial_interfaces' with the following arguments: {'ament_cmake_args': None, 'build_base': '/home/benjamin/Two_Wheel_Robot/build/tutorial_interfaces', 'catkin_cmake_args': None, 'catkin_skip_building_tests': False, 'cmake_args': None, 'cmake_clean_cache': False, 'cmake_clean_first': False, 'cmake_force_configure': False, 'cmake_target': None, 'cmake_target_skip_unavailable': False, 'install_base': '/home/benjamin/Two_Wheel_Robot/install/tutorial_interfaces', 'merge_install': False, 'path': '/home/benjamin/Two_Wheel_Robot/src/tutorial_interfaces', 'symlink_install': True, 'test_result_base': None}
[0.495s] Level 5:colcon.colcon_core.verb:set package 'Two_Wheel_Robot' build argument 'cmake_args' from command line to 'None'
[0.495s] Level 5:colcon.colcon_core.verb:set package 'Two_Wheel_Robot' build argument 'cmake_target' from command line to 'None'
[0.495s] Level 5:colcon.colcon_core.verb:set package 'Two_Wheel_Robot' build argument 'cmake_target_skip_unavailable' from command line to 'False'
[0.495s] Level 5:colcon.colcon_core.verb:set package 'Two_Wheel_Robot' build argument 'cmake_clean_cache' from command line to 'False'
[0.495s] Level 5:colcon.colcon_core.verb:set package 'Two_Wheel_Robot' build argument 'cmake_clean_first' from command line to 'False'
[0.495s] Level 5:colcon.colcon_core.verb:set package 'Two_Wheel_Robot' build argument 'cmake_force_configure' from command line to 'False'
[0.495s] Level 5:colcon.colcon_core.verb:set package 'Two_Wheel_Robot' build argument 'ament_cmake_args' from command line to 'None'
[0.495s] Level 5:colcon.colcon_core.verb:set package 'Two_Wheel_Robot' build argument 'catkin_cmake_args' from command line to 'None'
[0.495s] Level 5:colcon.colcon_core.verb:set package 'Two_Wheel_Robot' build argument 'catkin_skip_building_tests' from command line to 'False'
[0.495s] DEBUG:colcon.colcon_core.verb:Building package 'Two_Wheel_Robot' with the following arguments: {'ament_cmake_args': None, 'build_base': '/home/benjamin/Two_Wheel_Robot/build/Two_Wheel_Robot', 'catkin_cmake_args': None, 'catkin_skip_building_tests': False, 'cmake_args': None, 'cmake_clean_cache': False, 'cmake_clean_first': False, 'cmake_force_configure': False, 'cmake_target': None, 'cmake_target_skip_unavailable': False, 'install_base': '/home/benjamin/Two_Wheel_Robot/install/Two_Wheel_Robot', 'merge_install': False, 'path': '/home/benjamin/Two_Wheel_Robot/src/Two_Wheel_Robot', 'symlink_install': True, 'test_result_base': None}
[0.496s] INFO:colcon.colcon_core.executor:Executing jobs using 'parallel' executor
[0.499s] DEBUG:colcon.colcon_parallel_executor.executor.parallel:run_until_complete
[0.500s] INFO:colcon.colcon_ros.task.ament_cmake.build:Building ROS package in '/home/benjamin/Two_Wheel_Robot/src/tutorial_interfaces' with build type 'ament_cmake'
[0.500s] INFO:colcon.colcon_cmake.task.cmake.build:Building CMake package in '/home/benjamin/Two_Wheel_Robot/src/tutorial_interfaces'
[0.504s] INFO:colcon.colcon_core.plugin_system:Skipping extension 'colcon_core.shell.bat': Not used on non-Windows systems
[0.504s] INFO:colcon.colcon_core.shell:Skip shell extension 'powershell' for command environment: Not usable outside of PowerShell
[0.504s] DEBUG:colcon.colcon_core.shell:Skip shell extension 'dsv' for command environment
[0.512s] DEBUG:colcon.colcon_core.event_handler.log_command:Invoking command in '/home/benjamin/Two_Wheel_Robot/build/tutorial_interfaces': CMAKE_PREFIX_PATH=${CMAKE_PREFIX_PATH}:/home/benjamin/Two_Wheel_Robot/install/Two_Wheel_Robot:/opt/ros/humble /usr/bin/cmake /home/benjamin/Two_Wheel_Robot/src/tutorial_interfaces -DAMENT_CMAKE_SYMLINK_INSTALL=1 -DCMAKE_INSTALL_PREFIX=/home/benjamin/Two_Wheel_Robot/install/tutorial_interfaces
[1.939s] DEBUG:colcon.colcon_core.event_handler.log_command:Invoked command in '/home/benjamin/Two_Wheel_Robot/build/tutorial_interfaces' returned '0': CMAKE_PREFIX_PATH=${CMAKE_PREFIX_PATH}:/home/benjamin/Two_Wheel_Robot/install/Two_Wheel_Robot:/opt/ros/humble /usr/bin/cmake /home/benjamin/Two_Wheel_Robot/src/tutorial_interfaces -DAMENT_CMAKE_SYMLINK_INSTALL=1 -DCMAKE_INSTALL_PREFIX=/home/benjamin/Two_Wheel_Robot/install/tutorial_interfaces
[1.941s] DEBUG:colcon.colcon_core.event_handler.log_command:Invoking command in '/home/benjamin/Two_Wheel_Robot/build/tutorial_interfaces': CMAKE_PREFIX_PATH=${CMAKE_PREFIX_PATH}:/home/benjamin/Two_Wheel_Robot/install/Two_Wheel_Robot:/opt/ros/humble /usr/bin/cmake --build /home/benjamin/Two_Wheel_Robot/build/tutorial_interfaces -- -j12 -l12
[3.742s] DEBUG:colcon.colcon_core.event_handler.log_command:Invoked command in '/home/benjamin/Two_Wheel_Robot/build/tutorial_interfaces' returned '0': CMAKE_PREFIX_PATH=${CMAKE_PREFIX_PATH}:/home/benjamin/Two_Wheel_Robot/install/Two_Wheel_Robot:/opt/ros/humble /usr/bin/cmake --build /home/benjamin/Two_Wheel_Robot/build/tutorial_interfaces -- -j12 -l12
[3.809s] DEBUG:colcon.colcon_core.event_handler.log_command:Invoking command in '/home/benjamin/Two_Wheel_Robot/build/tutorial_interfaces': CMAKE_PREFIX_PATH=${CMAKE_PREFIX_PATH}:/home/benjamin/Two_Wheel_Robot/install/Two_Wheel_Robot:/opt/ros/humble /usr/bin/cmake --install /home/benjamin/Two_Wheel_Robot/build/tutorial_interfaces
[4.342s] Level 1:colcon.colcon_core.environment:create_environment_scripts_only(tutorial_interfaces)
[4.343s] DEBUG:colcon.colcon_core.event_handler.log_command:Invoked command in '/home/benjamin/Two_Wheel_Robot/build/tutorial_interfaces' returned '0': CMAKE_PREFIX_PATH=${CMAKE_PREFIX_PATH}:/home/benjamin/Two_Wheel_Robot/install/Two_Wheel_Robot:/opt/ros/humble /usr/bin/cmake --install /home/benjamin/Two_Wheel_Robot/build/tutorial_interfaces
[4.347s] Level 1:colcon.colcon_core.environment:checking '/home/benjamin/Two_Wheel_Robot/install/tutorial_interfaces' for CMake module files
[4.347s] Level 1:colcon.colcon_core.environment:checking '/home/benjamin/Two_Wheel_Robot/install/tutorial_interfaces' for CMake config files
[4.348s] Level 1:colcon.colcon_core.shell:create_environment_hook('tutorial_interfaces', 'cmake_prefix_path')
[4.350s] INFO:colcon.colcon_core.shell:Creating environment hook '/home/benjamin/Two_Wheel_Robot/install/tutorial_interfaces/share/tutorial_interfaces/hook/cmake_prefix_path.ps1'
[4.350s] INFO:colcon.colcon_core.shell:Creating environment descriptor '/home/benjamin/Two_Wheel_Robot/install/tutorial_interfaces/share/tutorial_interfaces/hook/cmake_prefix_path.dsv'
[4.350s] INFO:colcon.colcon_core.shell:Creating environment hook '/home/benjamin/Two_Wheel_Robot/install/tutorial_interfaces/share/tutorial_interfaces/hook/cmake_prefix_path.sh'
[4.351s] Level 1:colcon.colcon_core.environment:checking '/home/benjamin/Two_Wheel_Robot/install/tutorial_interfaces/lib'
[4.351s] Level 1:colcon.colcon_core.shell:create_environment_hook('tutorial_interfaces', 'ld_library_path_lib')
[4.352s] INFO:colcon.colcon_core.shell:Creating environment hook '/home/benjamin/Two_Wheel_Robot/install/tutorial_interfaces/share/tutorial_interfaces/hook/ld_library_path_lib.ps1'
[4.353s] INFO:colcon.colcon_core.shell:Creating environment descriptor '/home/benjamin/Two_Wheel_Robot/install/tutorial_interfaces/share/tutorial_interfaces/hook/ld_library_path_lib.dsv'
[4.353s] INFO:colcon.colcon_core.shell:Creating environment hook '/home/benjamin/Two_Wheel_Robot/install/tutorial_interfaces/share/tutorial_interfaces/hook/ld_library_path_lib.sh'
[4.353s] Level 1:colcon.colcon_core.environment:checking '/home/benjamin/Two_Wheel_Robot/install/tutorial_interfaces/bin'
[4.353s] Level 1:colcon.colcon_core.environment:checking '/home/benjamin/Two_Wheel_Robot/install/tutorial_interfaces/lib/pkgconfig/tutorial_interfaces.pc'
[4.354s] Level 1:colcon.colcon_core.environment:checking '/home/benjamin/Two_Wheel_Robot/install/tutorial_interfaces/lib/python3.10/site-packages'
[4.354s] Level 1:colcon.colcon_core.environment:checking '/home/benjamin/Two_Wheel_Robot/install/tutorial_interfaces/bin'
[4.356s] INFO:colcon.colcon_core.shell:Creating package script '/home/benjamin/Two_Wheel_Robot/install/tutorial_interfaces/share/tutorial_interfaces/package.ps1'
[4.357s] INFO:colcon.colcon_core.shell:Creating package descriptor '/home/benjamin/Two_Wheel_Robot/install/tutorial_interfaces/share/tutorial_interfaces/package.dsv'
[4.358s] INFO:colcon.colcon_core.shell:Creating package script '/home/benjamin/Two_Wheel_Robot/install/tutorial_interfaces/share/tutorial_interfaces/package.sh'
[4.359s] INFO:colcon.colcon_core.shell:Creating package script '/home/benjamin/Two_Wheel_Robot/install/tutorial_interfaces/share/tutorial_interfaces/package.bash'
[4.360s] INFO:colcon.colcon_core.shell:Creating package script '/home/benjamin/Two_Wheel_Robot/install/tutorial_interfaces/share/tutorial_interfaces/package.zsh'
[4.361s] Level 1:colcon.colcon_core.environment:create_file_with_runtime_dependencies(/home/benjamin/Two_Wheel_Robot/install/tutorial_interfaces/share/colcon-core/packages/tutorial_interfaces)
[4.420s] Level 1:colcon.colcon_core.environment:create_environment_scripts_only(tutorial_interfaces)
[4.422s] Level 1:colcon.colcon_core.environment:checking '/home/benjamin/Two_Wheel_Robot/install/tutorial_interfaces' for CMake module files
[4.423s] Level 1:colcon.colcon_core.environment:checking '/home/benjamin/Two_Wheel_Robot/install/tutorial_interfaces' for CMake config files
[4.423s] Level 1:colcon.colcon_core.shell:create_environment_hook('tutorial_interfaces', 'cmake_prefix_path')
[4.424s] INFO:colcon.colcon_core.shell:Creating environment hook '/home/benjamin/Two_Wheel_Robot/install/tutorial_interfaces/share/tutorial_interfaces/hook/cmake_prefix_path.ps1'
[4.425s] INFO:colcon.colcon_core.shell:Creating environment descriptor '/home/benjamin/Two_Wheel_Robot/install/tutorial_interfaces/share/tutorial_interfaces/hook/cmake_prefix_path.dsv'
[4.425s] INFO:colcon.colcon_core.shell:Creating environment hook '/home/benjamin/Two_Wheel_Robot/install/tutorial_interfaces/share/tutorial_interfaces/hook/cmake_prefix_path.sh'
[4.426s] Level 1:colcon.colcon_core.environment:checking '/home/benjamin/Two_Wheel_Robot/install/tutorial_interfaces/lib'
[4.426s] Level 1:colcon.colcon_core.shell:create_environment_hook('tutorial_interfaces', 'ld_library_path_lib')
[4.427s] INFO:colcon.colcon_core.shell:Creating environment hook '/home/benjamin/Two_Wheel_Robot/install/tutorial_interfaces/share/tutorial_interfaces/hook/ld_library_path_lib.ps1'
[4.427s] INFO:colcon.colcon_core.shell:Creating environment descriptor '/home/benjamin/Two_Wheel_Robot/install/tutorial_interfaces/share/tutorial_interfaces/hook/ld_library_path_lib.dsv'
[4.427s] INFO:colcon.colcon_core.shell:Creating environment hook '/home/benjamin/Two_Wheel_Robot/install/tutorial_interfaces/share/tutorial_interfaces/hook/ld_library_path_lib.sh'
[4.428s] Level 1:colcon.colcon_core.environment:checking '/home/benjamin/Two_Wheel_Robot/install/tutorial_interfaces/bin'
[4.428s] Level 1:colcon.colcon_core.environment:checking '/home/benjamin/Two_Wheel_Robot/install/tutorial_interfaces/lib/pkgconfig/tutorial_interfaces.pc'
[4.428s] Level 1:colcon.colcon_core.environment:checking '/home/benjamin/Two_Wheel_Robot/install/tutorial_interfaces/lib/python3.10/site-packages'
[4.428s] Level 1:colcon.colcon_core.environment:checking '/home/benjamin/Two_Wheel_Robot/install/tutorial_interfaces/bin'
[4.429s] INFO:colcon.colcon_core.shell:Creating package script '/home/benjamin/Two_Wheel_Robot/install/tutorial_interfaces/share/tutorial_interfaces/package.ps1'
[4.430s] INFO:colcon.colcon_core.shell:Creating package descriptor '/home/benjamin/Two_Wheel_Robot/install/tutorial_interfaces/share/tutorial_interfaces/package.dsv'
[4.430s] INFO:colcon.colcon_core.shell:Creating package script '/home/benjamin/Two_Wheel_Robot/install/tutorial_interfaces/share/tutorial_interfaces/package.sh'
[4.431s] INFO:colcon.colcon_core.shell:Creating package script '/home/benjamin/Two_Wheel_Robot/install/tutorial_interfaces/share/tutorial_interfaces/package.bash'
[4.431s] INFO:colcon.colcon_core.shell:Creating package script '/home/benjamin/Two_Wheel_Robot/install/tutorial_interfaces/share/tutorial_interfaces/package.zsh'
[4.432s] Level 1:colcon.colcon_core.environment:create_file_with_runtime_dependencies(/home/benjamin/Two_Wheel_Robot/install/tutorial_interfaces/share/colcon-core/packages/tutorial_interfaces)
[4.432s] INFO:colcon.colcon_ros.task.ament_python.build:Building ROS package in '/home/benjamin/Two_Wheel_Robot/src/Two_Wheel_Robot' with build type 'ament_python'
[4.432s] Level 1:colcon.colcon_core.shell:create_environment_hook('Two_Wheel_Robot', 'ament_prefix_path')
[4.433s] INFO:colcon.colcon_core.shell:Creating environment hook '/home/benjamin/Two_Wheel_Robot/install/Two_Wheel_Robot/share/Two_Wheel_Robot/hook/ament_prefix_path.ps1'
[4.434s] INFO:colcon.colcon_core.shell:Creating environment descriptor '/home/benjamin/Two_Wheel_Robot/install/Two_Wheel_Robot/share/Two_Wheel_Robot/hook/ament_prefix_path.dsv'
[4.434s] INFO:colcon.colcon_core.shell:Creating environment hook '/home/benjamin/Two_Wheel_Robot/install/Two_Wheel_Robot/share/Two_Wheel_Robot/hook/ament_prefix_path.sh'
[4.437s] INFO:colcon.colcon_core.shell:Skip shell extension 'powershell' for command environment: Not usable outside of PowerShell
[4.437s] DEBUG:colcon.colcon_core.shell:Skip shell extension 'dsv' for command environment
[4.724s] INFO:colcon.colcon_core.task.python.build:Building Python package in '/home/benjamin/Two_Wheel_Robot/src/Two_Wheel_Robot'
[4.725s] INFO:colcon.colcon_core.shell:Skip shell extension 'powershell' for command environment: Not usable outside of PowerShell
[4.725s] DEBUG:colcon.colcon_core.shell:Skip shell extension 'dsv' for command environment
[5.106s] DEBUG:colcon.colcon_core.event_handler.log_command:Invoking command in '/home/benjamin/Two_Wheel_Robot/build/Two_Wheel_Robot': PYTHONPATH=/home/benjamin/Two_Wheel_Robot/build/Two_Wheel_Robot/prefix_override:/home/benjamin/Two_Wheel_Robot/install/Two_Wheel_Robot/lib/python3.10/site-packages:${PYTHONPATH} /usr/bin/python3 setup.py develop --editable --build-directory /home/benjamin/Two_Wheel_Robot/build/Two_Wheel_Robot/build --no-deps install_data
[5.592s] Level 1:colcon.colcon_core.shell:create_environment_hook('Two_Wheel_Robot', 'pythonpath_develop')
[5.594s] INFO:colcon.colcon_core.shell:Creating environment hook '/home/benjamin/Two_Wheel_Robot/build/Two_Wheel_Robot/share/Two_Wheel_Robot/hook/pythonpath_develop.ps1'
[5.594s] DEBUG:colcon.colcon_core.event_handler.log_command:Invoked command in '/home/benjamin/Two_Wheel_Robot/build/Two_Wheel_Robot' returned '0': PYTHONPATH=/home/benjamin/Two_Wheel_Robot/build/Two_Wheel_Robot/prefix_override:/home/benjamin/Two_Wheel_Robot/install/Two_Wheel_Robot/lib/python3.10/site-packages:${PYTHONPATH} /usr/bin/python3 setup.py develop --editable --build-directory /home/benjamin/Two_Wheel_Robot/build/Two_Wheel_Robot/build --no-deps install_data
[5.594s] INFO:colcon.colcon_core.shell:Creating environment descriptor '/home/benjamin/Two_Wheel_Robot/build/Two_Wheel_Robot/share/Two_Wheel_Robot/hook/pythonpath_develop.dsv'
[5.595s] INFO:colcon.colcon_core.shell:Creating environment hook '/home/benjamin/Two_Wheel_Robot/build/Two_Wheel_Robot/share/Two_Wheel_Robot/hook/pythonpath_develop.sh'
[5.596s] Level 1:colcon.colcon_core.environment:checking '/home/benjamin/Two_Wheel_Robot/install/Two_Wheel_Robot' for CMake module files
[5.597s] Level 1:colcon.colcon_core.environment:checking '/home/benjamin/Two_Wheel_Robot/install/Two_Wheel_Robot' for CMake config files
[5.597s] Level 1:colcon.colcon_core.environment:checking '/home/benjamin/Two_Wheel_Robot/install/Two_Wheel_Robot/lib'
[5.597s] Level 1:colcon.colcon_core.environment:checking '/home/benjamin/Two_Wheel_Robot/install/Two_Wheel_Robot/bin'
[5.597s] Level 1:colcon.colcon_core.environment:checking '/home/benjamin/Two_Wheel_Robot/install/Two_Wheel_Robot/lib/pkgconfig/Two_Wheel_Robot.pc'
[5.598s] Level 1:colcon.colcon_core.environment:checking '/home/benjamin/Two_Wheel_Robot/install/Two_Wheel_Robot/lib/python3.10/site-packages'
[5.598s] Level 1:colcon.colcon_core.shell:create_environment_hook('Two_Wheel_Robot', 'pythonpath')
[5.599s] INFO:colcon.colcon_core.shell:Creating environment hook '/home/benjamin/Two_Wheel_Robot/install/Two_Wheel_Robot/share/Two_Wheel_Robot/hook/pythonpath.ps1'
[5.599s] INFO:colcon.colcon_core.shell:Creating environment descriptor '/home/benjamin/Two_Wheel_Robot/install/Two_Wheel_Robot/share/Two_Wheel_Robot/hook/pythonpath.dsv'
[5.599s] INFO:colcon.colcon_core.shell:Creating environment hook '/home/benjamin/Two_Wheel_Robot/install/Two_Wheel_Robot/share/Two_Wheel_Robot/hook/pythonpath.sh'
[5.600s] Level 1:colcon.colcon_core.environment:checking '/home/benjamin/Two_Wheel_Robot/install/Two_Wheel_Robot/bin'
[5.600s] Level 1:colcon.colcon_core.environment:create_environment_scripts_only(Two_Wheel_Robot)
[5.601s] INFO:colcon.colcon_core.shell:Creating package script '/home/benjamin/Two_Wheel_Robot/install/Two_Wheel_Robot/share/Two_Wheel_Robot/package.ps1'
[5.601s] INFO:colcon.colcon_core.shell:Creating package descriptor '/home/benjamin/Two_Wheel_Robot/install/Two_Wheel_Robot/share/Two_Wheel_Robot/package.dsv'
[5.602s] INFO:colcon.colcon_core.shell:Creating package script '/home/benjamin/Two_Wheel_Robot/install/Two_Wheel_Robot/share/Two_Wheel_Robot/package.sh'
[5.602s] INFO:colcon.colcon_core.shell:Creating package script '/home/benjamin/Two_Wheel_Robot/install/Two_Wheel_Robot/share/Two_Wheel_Robot/package.bash'
[5.602s] INFO:colcon.colcon_core.shell:Creating package script '/home/benjamin/Two_Wheel_Robot/install/Two_Wheel_Robot/share/Two_Wheel_Robot/package.zsh'
[5.603s] Level 1:colcon.colcon_core.environment:create_file_with_runtime_dependencies(/home/benjamin/Two_Wheel_Robot/install/Two_Wheel_Robot/share/colcon-core/packages/Two_Wheel_Robot)
[5.603s] DEBUG:colcon.colcon_parallel_executor.executor.parallel:closing loop
[5.603s] DEBUG:colcon.colcon_parallel_executor.executor.parallel:loop closed
[5.603s] DEBUG:colcon.colcon_parallel_executor.executor.parallel:run_until_complete finished with '0'
[5.603s] DEBUG:colcon.colcon_core.event_reactor:joining thread
[5.609s] INFO:colcon.colcon_core.plugin_system:Skipping extension 'colcon_notification.desktop_notification.terminal_notifier': Not used on non-Darwin systems
[5.609s] INFO:colcon.colcon_core.plugin_system:Skipping extension 'colcon_notification.desktop_notification.win32': Not used on non-Windows systems
[5.609s] INFO:colcon.colcon_notification.desktop_notification:Sending desktop notification using 'notify2'
[5.618s] DEBUG:colcon.colcon_core.event_reactor:joined thread
[5.620s] INFO:colcon.colcon_core.shell:Creating prefix script '/home/benjamin/Two_Wheel_Robot/install/local_setup.ps1'
[5.620s] INFO:colcon.colcon_core.shell:Creating prefix util module '/home/benjamin/Two_Wheel_Robot/install/_local_setup_util_ps1.py'
[5.622s] INFO:colcon.colcon_core.shell:Creating prefix chain script '/home/benjamin/Two_Wheel_Robot/install/setup.ps1'
[5.624s] INFO:colcon.colcon_core.shell:Creating prefix script '/home/benjamin/Two_Wheel_Robot/install/local_setup.sh'
[5.624s] INFO:colcon.colcon_core.shell:Creating prefix util module '/home/benjamin/Two_Wheel_Robot/install/_local_setup_util_sh.py'
[5.625s] INFO:colcon.colcon_core.shell:Creating prefix chain script '/home/benjamin/Two_Wheel_Robot/install/setup.sh'
[5.626s] INFO:colcon.colcon_core.shell:Creating prefix script '/home/benjamin/Two_Wheel_Robot/install/local_setup.bash'
[5.626s] INFO:colcon.colcon_core.shell:Creating prefix chain script '/home/benjamin/Two_Wheel_Robot/install/setup.bash'
[5.628s] INFO:colcon.colcon_core.shell:Creating prefix script '/home/benjamin/Two_Wheel_Robot/install/local_setup.zsh'
[5.628s] INFO:colcon.colcon_core.shell:Creating prefix chain script '/home/benjamin/Two_Wheel_Robot/install/setup.zsh'
