/home/benjamin/Two_Wheel_Robot/install/Two_Wheel_Robot/lib/python3.10/site-packages/Two_Wheel_Robot/publisher_member_function.py
/home/benjamin/Two_Wheel_Robot/install/Two_Wheel_Robot/lib/python3.10/site-packages/Two_Wheel_Robot/Encoder_Counter.py
/home/benjamin/Two_Wheel_Robot/install/Two_Wheel_Robot/lib/python3.10/site-packages/Two_Wheel_Robot/subscriber_member_function.py
/home/benjamin/Two_Wheel_Robot/install/Two_Wheel_Robot/lib/python3.10/site-packages/Two_Wheel_Robot/__init__.py
/home/benjamin/Two_Wheel_Robot/install/Two_Wheel_Robot/lib/python3.10/site-packages/Two_Wheel_Robot/Encoder_Reader.py
/home/benjamin/Two_Wheel_Robot/install/Two_Wheel_Robot/lib/python3.10/site-packages/Two_Wheel_Robot/__pycache__/publisher_member_function.cpython-310.pyc
/home/benjamin/Two_Wheel_Robot/install/Two_Wheel_Robot/lib/python3.10/site-packages/Two_Wheel_Robot/__pycache__/Encoder_Counter.cpython-310.pyc
/home/benjamin/Two_Wheel_Robot/install/Two_Wheel_Robot/lib/python3.10/site-packages/Two_Wheel_Robot/__pycache__/subscriber_member_function.cpython-310.pyc
/home/benjamin/Two_Wheel_Robot/install/Two_Wheel_Robot/lib/python3.10/site-packages/Two_Wheel_Robot/__pycache__/__init__.cpython-310.pyc
/home/benjamin/Two_Wheel_Robot/install/Two_Wheel_Robot/lib/python3.10/site-packages/Two_Wheel_Robot/__pycache__/Encoder_Reader.cpython-310.pyc
/home/benjamin/Two_Wheel_Robot/install/Two_Wheel_Robot/share/ament_index/resource_index/packages/Two_Wheel_Robot
/home/benjamin/Two_Wheel_Robot/install/Two_Wheel_Robot/share/Two_Wheel_Robot/package.xml
/home/benjamin/Two_Wheel_Robot/install/Two_Wheel_Robot/lib/python3.10/site-packages/Two_Wheel_Robot-0.0.0-py3.10.egg-info/dependency_links.txt
/home/benjamin/Two_Wheel_Robot/install/Two_Wheel_Robot/lib/python3.10/site-packages/Two_Wheel_Robot-0.0.0-py3.10.egg-info/SOURCES.txt
/home/benjamin/Two_Wheel_Robot/install/Two_Wheel_Robot/lib/python3.10/site-packages/Two_Wheel_Robot-0.0.0-py3.10.egg-info/requires.txt
/home/benjamin/Two_Wheel_Robot/install/Two_Wheel_Robot/lib/python3.10/site-packages/Two_Wheel_Robot-0.0.0-py3.10.egg-info/PKG-INFO
/home/benjamin/Two_Wheel_Robot/install/Two_Wheel_Robot/lib/python3.10/site-packages/Two_Wheel_Robot-0.0.0-py3.10.egg-info/zip-safe
/home/benjamin/Two_Wheel_Robot/install/Two_Wheel_Robot/lib/python3.10/site-packages/Two_Wheel_Robot-0.0.0-py3.10.egg-info/entry_points.txt
/home/benjamin/Two_Wheel_Robot/install/Two_Wheel_Robot/lib/python3.10/site-packages/Two_Wheel_Robot-0.0.0-py3.10.egg-info/top_level.txt
/home/benjamin/Two_Wheel_Robot/install/Two_Wheel_Robot/lib/Two_Wheel_Robot/encoder_counter
/home/benjamin/Two_Wheel_Robot/install/Two_Wheel_Robot/lib/Two_Wheel_Robot/encoder_reader
/home/benjamin/Two_Wheel_Robot/install/Two_Wheel_Robot/lib/Two_Wheel_Robot/listener
/home/benjamin/Two_Wheel_Robot/install/Two_Wheel_Robot/lib/Two_Wheel_Robot/talker
