[6.470s] Invoking command in '/home/benjaminservey/Two_Wheel_Robot/build/Two_Wheel_Robot': PYTHONPATH=/home/benjaminservey/Two_Wheel_Robot/build/Two_Wheel_Robot/prefix_override:/home/benjaminservey/Two_Wheel_Robot/install/Two_Wheel_Robot/lib/python3.10/site-packages:${PYTHONPATH} /usr/bin/python3 setup.py develop --editable --build-directory /home/benjaminservey/Two_Wheel_Robot/build/Two_Wheel_Robot/build --no-deps install_data
[9.121s] running develop
[9.122s] /usr/lib/python3/dist-packages/setuptools/command/easy_install.py:158: EasyInstallDeprecationWarning: easy_install command is deprecated. Use build and pip and other standards-based tools.
[9.124s]   warnings.warn(
[9.134s] /usr/lib/python3/dist-packages/setuptools/command/install.py:34: SetuptoolsDeprecationWarning: setup.py install is deprecated. Use build and pip and other standards-based tools.
[9.135s]   warnings.warn(
[9.838s] /usr/lib/python3/dist-packages/pkg_resources/__init__.py:116: PkgResourcesDeprecationWarning: 1.16.0-unknown is an invalid version and will not be supported in a future release
[9.840s]   warnings.warn(
[9.841s] /usr/lib/python3/dist-packages/pkg_resources/__init__.py:116: PkgResourcesDeprecationWarning: 1.1build1 is an invalid version and will not be supported in a future release
[9.842s]   warnings.warn(
[9.843s] /usr/lib/python3/dist-packages/pkg_resources/__init__.py:116: PkgResourcesDeprecationWarning: 0.1.43ubuntu1 is an invalid version and will not be supported in a future release
[9.845s]   warnings.warn(
[11.169s] running egg_info
[11.170s] writing Two_Wheel_Robot.egg-info/PKG-INFO
[11.172s] writing dependency_links to Two_Wheel_Robot.egg-info/dependency_links.txt
[11.173s] writing entry points to Two_Wheel_Robot.egg-info/entry_points.txt
[11.175s] writing requirements to Two_Wheel_Robot.egg-info/requires.txt
[11.176s] writing top-level names to Two_Wheel_Robot.egg-info/top_level.txt
[11.189s] reading manifest file 'Two_Wheel_Robot.egg-info/SOURCES.txt'
[11.195s] writing manifest file 'Two_Wheel_Robot.egg-info/SOURCES.txt'
[11.205s] running build_ext
[11.207s] Creating /home/benjaminservey/Two_Wheel_Robot/install/Two_Wheel_Robot/lib/python3.10/site-packages/Two-Wheel-Robot.egg-link (link to .)
[11.215s] Installing encoder script to /home/benjaminservey/Two_Wheel_Robot/install/Two_Wheel_Robot/lib/Two_Wheel_Robot
[11.216s] Installing listener script to /home/benjaminservey/Two_Wheel_Robot/install/Two_Wheel_Robot/lib/Two_Wheel_Robot
[11.217s] Installing talker script to /home/benjaminservey/Two_Wheel_Robot/install/Two_Wheel_Robot/lib/Two_Wheel_Robot
[11.220s] 
[11.221s] Installed /home/benjaminservey/Two_Wheel_Robot/build/Two_Wheel_Robot
[11.223s] running install_data
[11.536s] Invoked command in '/home/benjaminservey/Two_Wheel_Robot/build/Two_Wheel_Robot' returned '0': PYTHONPATH=/home/benjaminservey/Two_Wheel_Robot/build/Two_Wheel_Robot/prefix_override:/home/benjaminservey/Two_Wheel_Robot/install/Two_Wheel_Robot/lib/python3.10/site-packages:${PYTHONPATH} /usr/bin/python3 setup.py develop --editable --build-directory /home/benjaminservey/Two_Wheel_Robot/build/Two_Wheel_Robot/build --no-deps install_data
