[0.013s] Invoking command in '/home/benjamin/Two_Wheel_Robot/build/tutorial_interfaces': CMAKE_PREFIX_PATH=${CMAKE_PREFIX_PATH}:/home/benjamin/Two_Wheel_Robot/install/Two_Wheel_Robot:/opt/ros/humble /usr/bin/cmake --build /home/benjamin/Two_Wheel_Robot/build/tutorial_interfaces -- -j12 -l12
[0.031s] -- Found ament_cmake: 1.3.3 (/opt/ros/humble/share/ament_cmake/cmake)
[0.180s] -- Found ament_lint_auto: 0.12.5 (/opt/ros/humble/share/ament_lint_auto/cmake)
[0.247s] -- Found rosidl_default_generators: 1.2.0 (/opt/ros/humble/share/rosidl_default_generators/cmake)
[0.250s] -- Using all available rosidl_typesupport_c: rosidl_typesupport_fastrtps_c;rosidl_typesupport_introspection_c
[0.274s] -- Found rosidl_adapter: 3.1.4 (/opt/ros/humble/share/rosidl_adapter/cmake)
[0.313s] -- Using all available rosidl_typesupport_cpp: rosidl_typesupport_fastrtps_cpp;rosidl_typesupport_introspection_cpp
[0.565s] [31mCMake Error at /opt/ros/humble/share/rosidl_adapter/cmake/rosidl_adapt_interfaces.cmake:59 (message):
[0.566s]   execute_process(/usr/bin/python3.10 -m rosidl_adapter --package-name
[0.566s]   tutorial_interfaces --arguments-file
[0.566s]   /home/benjamin/Two_Wheel_Robot/build/tutorial_interfaces/rosidl_adapter__arguments__tutorial_interfaces.json
[0.566s]   --output-dir
[0.566s]   /home/benjamin/Two_Wheel_Robot/build/tutorial_interfaces/rosidl_adapter/tutorial_interfaces
[0.566s]   --output-file
[0.566s]   /home/benjamin/Two_Wheel_Robot/build/tutorial_interfaces/rosidl_adapter/tutorial_interfaces.idls)
[0.566s]   returned error code 1:
[0.566s] 
[0.567s]   Error processing 'int64 First' of 'tutorial_interfaces/Encoder': ''First'
[0.567s]   is an invalid field name.  It should have the pattern
[0.567s]   '^(?!.*__)(?!.*_$)[a-z][a-z0-9_]*$''
[0.567s] 
[0.567s]   Traceback (most recent call last):
[0.567s] 
[0.567s]     File "/usr/lib/python3.10/runpy.py", line 196, in _run_module_as_main
[0.567s]       return _run_code(code, main_globals, None,
[0.567s]     File "/usr/lib/python3.10/runpy.py", line 86, in _run_code
[0.567s]       exec(code, run_globals)
[0.568s]     File "/opt/ros/humble/local/lib/python3.10/dist-packages/rosidl_adapter/__main__.py", line 19, in <module>
[0.568s]       sys.exit(main())
[0.568s]     File "/opt/ros/humble/local/lib/python3.10/dist-packages/rosidl_adapter/main.py", line 53, in main
[0.568s]       abs_idl_file = convert_to_idl(
[0.568s]     File "/opt/ros/humble/local/lib/python3.10/dist-packages/rosidl_adapter/__init__.py", line 19, in convert_to_idl
[0.568s]       return convert_msg_to_idl(
[0.568s]     File "/opt/ros/humble/local/lib/python3.10/dist-packages/rosidl_adapter/msg/__init__.py", line 28, in convert_msg_to_idl
[0.568s]       msg = parse_message_string(package_name, input_file.stem, content)
[0.569s]     File "/opt/ros/humble/local/lib/python3.10/dist-packages/rosidl_adapter/parser.py", line 519, in parse_message_string
[0.569s]       fields.append(Field(
[0.569s]     File "/opt/ros/humble/local/lib/python3.10/dist-packages/rosidl_adapter/parser.py", line 354, in __init__
[0.569s]       raise NameError(
[0.569s] 
[0.569s]   NameError: 'First' is an invalid field name.  It should have the pattern
[0.569s]   '^(?!.*__)(?!.*_$)[a-z][a-z0-9_]*$'
[0.569s] 
[0.569s] Call Stack (most recent call first):
[0.569s]   /opt/ros/humble/share/rosidl_cmake/cmake/rosidl_generate_interfaces.cmake:130 (rosidl_adapt_interfaces)
[0.570s]   CMakeLists.txt:28 (rosidl_generate_interfaces)
[0.570s] 
[0.570s] [0m
[0.570s] -- Configuring incomplete, errors occurred!
[0.570s] See also "/home/benjamin/Two_Wheel_Robot/build/tutorial_interfaces/CMakeFiles/CMakeOutput.log".
[0.571s] gmake: *** [Makefile:226: cmake_check_build_system] Error 1
[0.573s] Invoked command in '/home/benjamin/Two_Wheel_Robot/build/tutorial_interfaces' returned '2': CMAKE_PREFIX_PATH=${CMAKE_PREFIX_PATH}:/home/benjamin/Two_Wheel_Robot/install/Two_Wheel_Robot:/opt/ros/humble /usr/bin/cmake --build /home/benjamin/Two_Wheel_Robot/build/tutorial_interfaces -- -j12 -l12
