[0.671s] Invoking command in '/home/benjamin/Two_Wheel_Robot/build/Two_Wheel_Robot': PYTHONPATH=/home/benjamin/Two_Wheel_Robot/build/Two_Wheel_Robot/prefix_override:/home/benjamin/Two_Wheel_Robot/install/Two_Wheel_Robot/lib/python3.10/site-packages:${PYTHONPATH} /usr/bin/python3 setup.py develop --editable --build-directory /home/benjamin/Two_Wheel_Robot/build/Two_Wheel_Robot/build --no-deps install_data
[0.942s] running develop
[1.122s] running egg_info
[1.122s] creating Two_Wheel_Robot.egg-info
[1.122s] writing Two_Wheel_Robot.egg-info/PKG-INFO
[1.122s] writing dependency_links to Two_Wheel_Robot.egg-info/dependency_links.txt
[1.122s] writing entry points to Two_Wheel_Robot.egg-info/entry_points.txt
[1.122s] writing requirements to Two_Wheel_Robot.egg-info/requires.txt
[1.122s] writing top-level names to Two_Wheel_Robot.egg-info/top_level.txt
[1.123s] writing manifest file 'Two_Wheel_Robot.egg-info/SOURCES.txt'
[1.124s] reading manifest file 'Two_Wheel_Robot.egg-info/SOURCES.txt'
[1.125s] writing manifest file 'Two_Wheel_Robot.egg-info/SOURCES.txt'
[1.126s] running build_ext
[1.126s] Creating /home/benjamin/Two_Wheel_Robot/install/Two_Wheel_Robot/lib/python3.10/site-packages/Two-Wheel-Robot.egg-link (link to .)
[1.126s] Installing encoder_counter script to /home/benjamin/Two_Wheel_Robot/install/Two_Wheel_Robot/lib/Two_Wheel_Robot
[1.127s] Installing encoder_reader script to /home/benjamin/Two_Wheel_Robot/install/Two_Wheel_Robot/lib/Two_Wheel_Robot
[1.127s] Installing listener script to /home/benjamin/Two_Wheel_Robot/install/Two_Wheel_Robot/lib/Two_Wheel_Robot
[1.127s] Installing talker script to /home/benjamin/Two_Wheel_Robot/install/Two_Wheel_Robot/lib/Two_Wheel_Robot
[1.127s] 
[1.127s] Installed /home/benjamin/Two_Wheel_Robot/build/Two_Wheel_Robot
[1.127s] running install_data
[1.160s] Invoked command in '/home/benjamin/Two_Wheel_Robot/build/Two_Wheel_Robot' returned '0': PYTHONPATH=/home/benjamin/Two_Wheel_Robot/build/Two_Wheel_Robot/prefix_override:/home/benjamin/Two_Wheel_Robot/install/Two_Wheel_Robot/lib/python3.10/site-packages:${PYTHONPATH} /usr/bin/python3 setup.py develop --editable --build-directory /home/benjamin/Two_Wheel_Robot/build/Two_Wheel_Robot/build --no-deps install_data
